running egg_info
writing ../../build/strawberry_segmentation/strawberry_segmentation.egg-info/PKG-INFO
writing dependency_links to ../../build/strawberry_segmentation/strawberry_segmentation.egg-info/dependency_links.txt
writing entry points to ../../build/strawberry_segmentation/strawberry_segmentation.egg-info/entry_points.txt
writing requirements to ../../build/strawberry_segmentation/strawberry_segmentation.egg-info/requires.txt
writing top-level names to ../../build/strawberry_segmentation/strawberry_segmentation.egg-info/top_level.txt
reading manifest file '../../build/strawberry_segmentation/strawberry_segmentation.egg-info/SOURCES.txt'
writing manifest file '../../build/strawberry_segmentation/strawberry_segmentation.egg-info/SOURCES.txt'
running build
running build_py
copying strawberry_segmentation/strawberry_features_node.py -> /home/parallels/Forschsemrep/strawberry_ws/build/strawberry_segmentation/build/lib/strawberry_segmentation
running install
running install_lib
copying /home/parallels/Forschsemrep/strawberry_ws/build/strawberry_segmentation/build/lib/strawberry_segmentation/strawberry_features_node.py -> /home/parallels/Forschsemrep/strawberry_ws/install/strawberry_segmentation/lib/python3.10/site-packages/strawberry_segmentation
byte-compiling /home/parallels/Forschsemrep/strawberry_ws/install/strawberry_segmentation/lib/python3.10/site-packages/strawberry_segmentation/strawberry_features_node.py to strawberry_features_node.cpython-310.pyc
running install_data
running install_egg_info
removing '/home/parallels/Forschsemrep/strawberry_ws/install/strawberry_segmentation/lib/python3.10/site-packages/strawberry_segmentation-0.0.1-py3.10.egg-info' (and everything under it)
Copying ../../build/strawberry_segmentation/strawberry_segmentation.egg-info to /home/parallels/Forschsemrep/strawberry_ws/install/strawberry_segmentation/lib/python3.10/site-packages/strawberry_segmentation-0.0.1-py3.10.egg-info
running install_scripts
Installing depth_mask script to /home/parallels/Forschsemrep/strawberry_ws/install/strawberry_segmentation/lib/strawberry_segmentation
Installing seg_ultra script to /home/parallels/Forschsemrep/strawberry_ws/install/strawberry_segmentation/lib/strawberry_segmentation
Installing strawberry_features script to /home/parallels/Forschsemrep/strawberry_ws/install/strawberry_segmentation/lib/strawberry_segmentation
Installing strawberry_selected_overlay script to /home/parallels/Forschsemrep/strawberry_ws/install/strawberry_segmentation/lib/strawberry_segmentation
writing list of installed files to '/home/parallels/Forschsemrep/strawberry_ws/build/strawberry_segmentation/install.log'
