[2.662s] Invoking command in '/home/parallels/Forschsemrep/strawberry_ws/build/strawberry_segmentation': PYTHONPATH=/home/parallels/Forschsemrep/strawberry_ws/build/strawberry_segmentation/prefix_override:/usr/lib/python3/dist-packages/colcon_core/task/python/colcon_distutils_commands:/home/parallels/Forschsemrep/strawberry_ws/install/strawberry_segmentation/lib/python3.10/site-packages:${PYTHONPATH} /usr/bin/python3 -W ignore:setup.py install is deprecated -W ignore:easy_install command is deprecated setup.py develop --editable --build-directory /home/parallels/Forschsemrep/strawberry_ws/build/strawberry_segmentation/build --no-deps symlink_data
[4.305s] running develop
[5.528s] running egg_info
[5.532s] writing strawberry_segmentation.egg-info/PKG-INFO
[5.533s] writing dependency_links to strawberry_segmentation.egg-info/dependency_links.txt
[5.534s] writing entry points to strawberry_segmentation.egg-info/entry_points.txt
[5.534s] writing requirements to strawberry_segmentation.egg-info/requires.txt
[5.534s] writing top-level names to strawberry_segmentation.egg-info/top_level.txt
[5.547s] reading manifest file 'strawberry_segmentation.egg-info/SOURCES.txt'
[5.548s] writing manifest file 'strawberry_segmentation.egg-info/SOURCES.txt'
[5.548s] running build_ext
[5.548s] Creating /home/parallels/Forschsemrep/strawberry_ws/install/strawberry_segmentation/lib/python3.10/site-packages/strawberry-segmentation.egg-link (link to .)
[5.548s] Installing depth_mask script to /home/parallels/Forschsemrep/strawberry_ws/install/strawberry_segmentation/lib/strawberry_segmentation
[5.548s] Installing seg_ultra script to /home/parallels/Forschsemrep/strawberry_ws/install/strawberry_segmentation/lib/strawberry_segmentation
[5.549s] Installing strawberry_features script to /home/parallels/Forschsemrep/strawberry_ws/install/strawberry_segmentation/lib/strawberry_segmentation
[5.549s] Installing strawberry_selected_overlay script to /home/parallels/Forschsemrep/strawberry_ws/install/strawberry_segmentation/lib/strawberry_segmentation
[5.549s] 
[5.549s] Installed /home/parallels/Forschsemrep/strawberry_ws/build/strawberry_segmentation
[5.549s] running symlink_data
[5.650s] Invoked command in '/home/parallels/Forschsemrep/strawberry_ws/build/strawberry_segmentation' returned '0': PYTHONPATH=/home/parallels/Forschsemrep/strawberry_ws/build/strawberry_segmentation/prefix_override:/usr/lib/python3/dist-packages/colcon_core/task/python/colcon_distutils_commands:/home/parallels/Forschsemrep/strawberry_ws/install/strawberry_segmentation/lib/python3.10/site-packages:${PYTHONPATH} /usr/bin/python3 -W ignore:setup.py install is deprecated -W ignore:easy_install command is deprecated setup.py develop --editable --build-directory /home/parallels/Forschsemrep/strawberry_ws/build/strawberry_segmentation/build --no-deps symlink_data
