[2.243s] Invoking command in '/home/parallels/Forschsemrep/strawberry_ws/build/strawberry_camera': PYTHONPATH=/home/parallels/Forschsemrep/strawberry_ws/build/strawberry_camera/prefix_override:/usr/lib/python3/dist-packages/colcon_core/task/python/colcon_distutils_commands:/home/parallels/Forschsemrep/strawberry_ws/install/strawberry_camera/lib/python3.10/site-packages:${PYTHONPATH} /usr/bin/python3 -W ignore:setup.py install is deprecated -W ignore:easy_install command is deprecated setup.py develop --editable --build-directory /home/parallels/Forschsemrep/strawberry_ws/build/strawberry_camera/build --no-deps symlink_data
[2.745s] running develop
[3.024s] running egg_info
[3.025s] writing strawberry_camera.egg-info/PKG-INFO
[3.026s] writing dependency_links to strawberry_camera.egg-info/dependency_links.txt
[3.026s] writing entry points to strawberry_camera.egg-info/entry_points.txt
[3.027s] writing requirements to strawberry_camera.egg-info/requires.txt
[3.027s] writing top-level names to strawberry_camera.egg-info/top_level.txt
[3.031s] reading manifest file 'strawberry_camera.egg-info/SOURCES.txt'
[3.031s] writing manifest file 'strawberry_camera.egg-info/SOURCES.txt'
[3.033s] running build_ext
[3.033s] Creating /home/parallels/Forschsemrep/strawberry_ws/install/strawberry_camera/lib/python3.10/site-packages/strawberry-camera.egg-link (link to .)
[3.034s] Installing camera_dummy script to /home/parallels/Forschsemrep/strawberry_ws/install/strawberry_camera/lib/strawberry_camera
[3.035s] Installing camera_folder script to /home/parallels/Forschsemrep/strawberry_ws/install/strawberry_camera/lib/strawberry_camera
[3.035s] 
[3.035s] Installed /home/parallels/Forschsemrep/strawberry_ws/build/strawberry_camera
[3.037s] running symlink_data
[3.037s] creating /home/parallels/Forschsemrep/strawberry_ws/install/strawberry_camera/share/strawberry_camera/config
[3.037s] symbolically linking /home/parallels/Forschsemrep/strawberry_ws/build/strawberry_camera/config/realsense_d405_640x480_30fps.yml -> /home/parallels/Forschsemrep/strawberry_ws/install/strawberry_camera/share/strawberry_camera/config
[3.089s] Invoked command in '/home/parallels/Forschsemrep/strawberry_ws/build/strawberry_camera' returned '0': PYTHONPATH=/home/parallels/Forschsemrep/strawberry_ws/build/strawberry_camera/prefix_override:/usr/lib/python3/dist-packages/colcon_core/task/python/colcon_distutils_commands:/home/parallels/Forschsemrep/strawberry_ws/install/strawberry_camera/lib/python3.10/site-packages:${PYTHONPATH} /usr/bin/python3 -W ignore:setup.py install is deprecated -W ignore:easy_install command is deprecated setup.py develop --editable --build-directory /home/parallels/Forschsemrep/strawberry_ws/build/strawberry_camera/build --no-deps symlink_data
