[2.520s] Invoking command in '/home/parallels/Forschsemrep/strawberry_ws/build/strawberry_camera': PYTHONPATH=/home/parallels/Forschsemrep/strawberry_ws/build/strawberry_camera/prefix_override:/usr/lib/python3/dist-packages/colcon_core/task/python/colcon_distutils_commands:/home/parallels/Forschsemrep/strawberry_ws/install/strawberry_camera/lib/python3.10/site-packages:${PYTHONPATH} /usr/bin/python3 -W ignore:setup.py install is deprecated -W ignore:easy_install command is deprecated setup.py develop --editable --build-directory /home/parallels/Forschsemrep/strawberry_ws/build/strawberry_camera/build --no-deps symlink_data
[3.185s] running develop
[4.100s] running egg_info
[4.100s] creating strawberry_camera.egg-info
[4.100s] writing strawberry_camera.egg-info/PKG-INFO
[4.101s] writing dependency_links to strawberry_camera.egg-info/dependency_links.txt
[4.103s] writing entry points to strawberry_camera.egg-info/entry_points.txt
[4.103s] writing requirements to strawberry_camera.egg-info/requires.txt
[4.103s] writing top-level names to strawberry_camera.egg-info/top_level.txt
[4.103s] writing manifest file 'strawberry_camera.egg-info/SOURCES.txt'
[4.110s] reading manifest file 'strawberry_camera.egg-info/SOURCES.txt'
[4.112s] writing manifest file 'strawberry_camera.egg-info/SOURCES.txt'
[4.116s] running build_ext
[4.116s] Creating /home/parallels/Forschsemrep/strawberry_ws/install/strawberry_camera/lib/python3.10/site-packages/strawberry-camera.egg-link (link to .)
[4.116s] Installing camera_dummy script to /home/parallels/Forschsemrep/strawberry_ws/install/strawberry_camera/lib/strawberry_camera
[4.117s] Installing camera_folder script to /home/parallels/Forschsemrep/strawberry_ws/install/strawberry_camera/lib/strawberry_camera
[4.117s] 
[4.117s] Installed /home/parallels/Forschsemrep/strawberry_ws/build/strawberry_camera
[4.117s] running symlink_data
[4.117s] creating /home/parallels/Forschsemrep/strawberry_ws/install/strawberry_camera/share/ament_index
[4.122s] creating /home/parallels/Forschsemrep/strawberry_ws/install/strawberry_camera/share/ament_index/resource_index
[4.124s] creating /home/parallels/Forschsemrep/strawberry_ws/install/strawberry_camera/share/ament_index/resource_index/packages
[4.124s] symbolically linking /home/parallels/Forschsemrep/strawberry_ws/build/strawberry_camera/resource/strawberry_camera -> /home/parallels/Forschsemrep/strawberry_ws/install/strawberry_camera/share/ament_index/resource_index/packages
[4.124s] symbolically linking /home/parallels/Forschsemrep/strawberry_ws/build/strawberry_camera/package.xml -> /home/parallels/Forschsemrep/strawberry_ws/install/strawberry_camera/share/strawberry_camera
[4.124s] creating /home/parallels/Forschsemrep/strawberry_ws/install/strawberry_camera/share/strawberry_camera/config
[4.124s] symbolically linking /home/parallels/Forschsemrep/strawberry_ws/build/strawberry_camera/config/realsense_d405_640x480_30fps.yml -> /home/parallels/Forschsemrep/strawberry_ws/install/strawberry_camera/share/strawberry_camera/config
[4.668s] Invoked command in '/home/parallels/Forschsemrep/strawberry_ws/build/strawberry_camera' returned '0': PYTHONPATH=/home/parallels/Forschsemrep/strawberry_ws/build/strawberry_camera/prefix_override:/usr/lib/python3/dist-packages/colcon_core/task/python/colcon_distutils_commands:/home/parallels/Forschsemrep/strawberry_ws/install/strawberry_camera/lib/python3.10/site-packages:${PYTHONPATH} /usr/bin/python3 -W ignore:setup.py install is deprecated -W ignore:easy_install command is deprecated setup.py develop --editable --build-directory /home/parallels/Forschsemrep/strawberry_ws/build/strawberry_camera/build --no-deps symlink_data
