[2.302s] Invoking command in '/home/parallels/Forschsemrep/strawberry_ws/src/meca500_ros2': PYTHONPATH=/home/parallels/Forschsemrep/strawberry_ws/build/meca500_ros2/prefix_override:/usr/lib/python3/dist-packages/colcon_core/task/python/colcon_distutils_commands:/home/parallels/Forschsemrep/strawberry_ws/install/meca500_ros2/lib/python3.10/site-packages:${PYTHONPATH} /usr/bin/python3 -W ignore:setup.py install is deprecated -W ignore:easy_install command is deprecated setup.py egg_info --egg-base ../../build/meca500_ros2 build --build-base /home/parallels/Forschsemrep/strawberry_ws/build/meca500_ros2/build install --record /home/parallels/Forschsemrep/strawberry_ws/build/meca500_ros2/install.log --single-version-externally-managed install_data
[2.773s] running egg_info
[2.774s] writing ../../build/meca500_ros2/meca500_ros2.egg-info/PKG-INFO
[2.775s] writing dependency_links to ../../build/meca500_ros2/meca500_ros2.egg-info/dependency_links.txt
[2.775s] writing entry points to ../../build/meca500_ros2/meca500_ros2.egg-info/entry_points.txt
[2.775s] writing requirements to ../../build/meca500_ros2/meca500_ros2.egg-info/requires.txt
[2.775s] writing top-level names to ../../build/meca500_ros2/meca500_ros2.egg-info/top_level.txt
[2.778s] reading manifest file '../../build/meca500_ros2/meca500_ros2.egg-info/SOURCES.txt'
[2.779s] writing manifest file '../../build/meca500_ros2/meca500_ros2.egg-info/SOURCES.txt'
[2.779s] running build
[2.781s] running build_py
[2.784s] running install
[2.784s] running install_lib
[2.784s] running install_data
[2.784s] running install_egg_info
[2.786s] removing '/home/parallels/Forschsemrep/strawberry_ws/install/meca500_ros2/lib/python3.10/site-packages/meca500_ros2-0.0.1-py3.10.egg-info' (and everything under it)
[2.789s] Copying ../../build/meca500_ros2/meca500_ros2.egg-info to /home/parallels/Forschsemrep/strawberry_ws/install/meca500_ros2/lib/python3.10/site-packages/meca500_ros2-0.0.1-py3.10.egg-info
[2.789s] running install_scripts
[2.814s] Installing robot_dummy script to /home/parallels/Forschsemrep/strawberry_ws/install/meca500_ros2/lib/meca500_ros2
[2.814s] writing list of installed files to '/home/parallels/Forschsemrep/strawberry_ws/build/meca500_ros2/install.log'
[3.087s] Invoked command in '/home/parallels/Forschsemrep/strawberry_ws/src/meca500_ros2' returned '0': PYTHONPATH=/home/parallels/Forschsemrep/strawberry_ws/build/meca500_ros2/prefix_override:/usr/lib/python3/dist-packages/colcon_core/task/python/colcon_distutils_commands:/home/parallels/Forschsemrep/strawberry_ws/install/meca500_ros2/lib/python3.10/site-packages:${PYTHONPATH} /usr/bin/python3 -W ignore:setup.py install is deprecated -W ignore:easy_install command is deprecated setup.py egg_info --egg-base ../../build/meca500_ros2 build --build-base /home/parallels/Forschsemrep/strawberry_ws/build/meca500_ros2/build install --record /home/parallels/Forschsemrep/strawberry_ws/build/meca500_ros2/install.log --single-version-externally-managed install_data
