[0.933s] Invoking command in '/home/parallels/Forschsemrep/strawberry_ws/src/strawberry_bringup': AMENT_PREFIX_PATH=/home/parallels/Forschsemrep/strawberry_ws/install/strawberry_segmentation:/home/parallels/Forschsemrep/strawberry_ws/install/strawberry_msgs:/home/parallels/Forschsemrep/strawberry_ws/install/strawberry_cluster:/home/parallels/Forschsemrep/strawberry_ws/install/strawberry_camera:${AMENT_PREFIX_PATH} CMAKE_PREFIX_PATH=/home/parallels/Forschsemrep/strawberry_ws/install/strawberry_msgs LD_LIBRARY_PATH=/home/parallels/Forschsemrep/strawberry_ws/install/strawberry_msgs/lib:${LD_LIBRARY_PATH} PYTHONPATH=/home/parallels/Forschsemrep/strawberry_ws/build/strawberry_bringup/prefix_override:/usr/lib/python3/dist-packages/colcon_core/task/python/colcon_distutils_commands:/home/parallels/Forschsemrep/strawberry_ws/install/strawberry_bringup/lib/python3.10/site-packages:/home/parallels/Forschsemrep/strawberry_ws/build/strawberry_segmentation:/home/parallels/Forschsemrep/strawberry_ws/install/strawberry_segmentation/lib/python3.10/site-packages:/home/parallels/Forschsemrep/strawberry_ws/install/strawberry_msgs/local/lib/python3.10/dist-packages:/home/parallels/Forschsemrep/strawberry_ws/build/strawberry_cluster:/home/parallels/Forschsemrep/strawberry_ws/install/strawberry_cluster/lib/python3.10/site-packages:/home/parallels/Forschsemrep/strawberry_ws/build/strawberry_camera:/home/parallels/Forschsemrep/strawberry_ws/install/strawberry_camera/lib/python3.10/site-packages:${PYTHONPATH} /usr/bin/python3 -W ignore:setup.py install is deprecated -W ignore:easy_install command is deprecated setup.py egg_info --egg-base ../../build/strawberry_bringup build --build-base /home/parallels/Forschsemrep/strawberry_ws/build/strawberry_bringup/build install --record /home/parallels/Forschsemrep/strawberry_ws/build/strawberry_bringup/install.log --single-version-externally-managed install_data
[1.268s] running egg_info
[1.269s] writing ../../build/strawberry_bringup/strawberry_bringup.egg-info/PKG-INFO
[1.270s] writing dependency_links to ../../build/strawberry_bringup/strawberry_bringup.egg-info/dependency_links.txt
[1.271s] writing entry points to ../../build/strawberry_bringup/strawberry_bringup.egg-info/entry_points.txt
[1.271s] writing requirements to ../../build/strawberry_bringup/strawberry_bringup.egg-info/requires.txt
[1.271s] writing top-level names to ../../build/strawberry_bringup/strawberry_bringup.egg-info/top_level.txt
[1.275s] reading manifest file '../../build/strawberry_bringup/strawberry_bringup.egg-info/SOURCES.txt'
[1.276s] writing manifest file '../../build/strawberry_bringup/strawberry_bringup.egg-info/SOURCES.txt'
[1.277s] running build
[1.277s] running build_py
[1.277s] running install
[1.277s] running install_lib
[1.279s] running install_data
[1.279s] running install_egg_info
[1.283s] removing '/home/parallels/Forschsemrep/strawberry_ws/install/strawberry_bringup/lib/python3.10/site-packages/strawberry_bringup-0.0.1-py3.10.egg-info' (and everything under it)
[1.287s] Copying ../../build/strawberry_bringup/strawberry_bringup.egg-info to /home/parallels/Forschsemrep/strawberry_ws/install/strawberry_bringup/lib/python3.10/site-packages/strawberry_bringup-0.0.1-py3.10.egg-info
[1.288s] running install_scripts
[1.320s] writing list of installed files to '/home/parallels/Forschsemrep/strawberry_ws/build/strawberry_bringup/install.log'
[1.358s] Invoked command in '/home/parallels/Forschsemrep/strawberry_ws/src/strawberry_bringup' returned '0': AMENT_PREFIX_PATH=/home/parallels/Forschsemrep/strawberry_ws/install/strawberry_segmentation:/home/parallels/Forschsemrep/strawberry_ws/install/strawberry_msgs:/home/parallels/Forschsemrep/strawberry_ws/install/strawberry_cluster:/home/parallels/Forschsemrep/strawberry_ws/install/strawberry_camera:${AMENT_PREFIX_PATH} CMAKE_PREFIX_PATH=/home/parallels/Forschsemrep/strawberry_ws/install/strawberry_msgs LD_LIBRARY_PATH=/home/parallels/Forschsemrep/strawberry_ws/install/strawberry_msgs/lib:${LD_LIBRARY_PATH} PYTHONPATH=/home/parallels/Forschsemrep/strawberry_ws/build/strawberry_bringup/prefix_override:/usr/lib/python3/dist-packages/colcon_core/task/python/colcon_distutils_commands:/home/parallels/Forschsemrep/strawberry_ws/install/strawberry_bringup/lib/python3.10/site-packages:/home/parallels/Forschsemrep/strawberry_ws/build/strawberry_segmentation:/home/parallels/Forschsemrep/strawberry_ws/install/strawberry_segmentation/lib/python3.10/site-packages:/home/parallels/Forschsemrep/strawberry_ws/install/strawberry_msgs/local/lib/python3.10/dist-packages:/home/parallels/Forschsemrep/strawberry_ws/build/strawberry_cluster:/home/parallels/Forschsemrep/strawberry_ws/install/strawberry_cluster/lib/python3.10/site-packages:/home/parallels/Forschsemrep/strawberry_ws/build/strawberry_camera:/home/parallels/Forschsemrep/strawberry_ws/install/strawberry_camera/lib/python3.10/site-packages:${PYTHONPATH} /usr/bin/python3 -W ignore:setup.py install is deprecated -W ignore:easy_install command is deprecated setup.py egg_info --egg-base ../../build/strawberry_bringup build --build-base /home/parallels/Forschsemrep/strawberry_ws/build/strawberry_bringup/build install --record /home/parallels/Forschsemrep/strawberry_ws/build/strawberry_bringup/install.log --single-version-externally-managed install_data
