[2.458s] Invoking command in '/home/parallels/Forschsemrep/strawberry_ws/src/strawberry_segmentation': PYTHONPATH=/home/parallels/Forschsemrep/strawberry_ws/build/strawberry_segmentation/prefix_override:/usr/lib/python3/dist-packages/colcon_core/task/python/colcon_distutils_commands:/home/parallels/Forschsemrep/strawberry_ws/install/strawberry_segmentation/lib/python3.10/site-packages:${PYTHONPATH} /usr/bin/python3 -W ignore:setup.py install is deprecated -W ignore:easy_install command is deprecated setup.py egg_info --egg-base ../../build/strawberry_segmentation build --build-base /home/parallels/Forschsemrep/strawberry_ws/build/strawberry_segmentation/build install --record /home/parallels/Forschsemrep/strawberry_ws/build/strawberry_segmentation/install.log --single-version-externally-managed install_data
[3.019s] running egg_info
[3.027s] writing ../../build/strawberry_segmentation/strawberry_segmentation.egg-info/PKG-INFO
[3.027s] writing dependency_links to ../../build/strawberry_segmentation/strawberry_segmentation.egg-info/dependency_links.txt
[3.027s] writing entry points to ../../build/strawberry_segmentation/strawberry_segmentation.egg-info/entry_points.txt
[3.027s] writing requirements to ../../build/strawberry_segmentation/strawberry_segmentation.egg-info/requires.txt
[3.027s] writing top-level names to ../../build/strawberry_segmentation/strawberry_segmentation.egg-info/top_level.txt
[3.030s] reading manifest file '../../build/strawberry_segmentation/strawberry_segmentation.egg-info/SOURCES.txt'
[3.031s] writing manifest file '../../build/strawberry_segmentation/strawberry_segmentation.egg-info/SOURCES.txt'
[3.038s] running build
[3.039s] running build_py
[3.039s] copying strawberry_segmentation/strawberry_features_node.py -> /home/parallels/Forschsemrep/strawberry_ws/build/strawberry_segmentation/build/lib/strawberry_segmentation
[3.039s] running install
[3.039s] running install_lib
[3.039s] copying /home/parallels/Forschsemrep/strawberry_ws/build/strawberry_segmentation/build/lib/strawberry_segmentation/strawberry_features_node.py -> /home/parallels/Forschsemrep/strawberry_ws/install/strawberry_segmentation/lib/python3.10/site-packages/strawberry_segmentation
[3.040s] byte-compiling /home/parallels/Forschsemrep/strawberry_ws/install/strawberry_segmentation/lib/python3.10/site-packages/strawberry_segmentation/strawberry_features_node.py to strawberry_features_node.cpython-310.pyc
[3.040s] running install_data
[3.040s] running install_egg_info
[3.043s] removing '/home/parallels/Forschsemrep/strawberry_ws/install/strawberry_segmentation/lib/python3.10/site-packages/strawberry_segmentation-0.0.1-py3.10.egg-info' (and everything under it)
[3.047s] Copying ../../build/strawberry_segmentation/strawberry_segmentation.egg-info to /home/parallels/Forschsemrep/strawberry_ws/install/strawberry_segmentation/lib/python3.10/site-packages/strawberry_segmentation-0.0.1-py3.10.egg-info
[3.047s] running install_scripts
[3.074s] Installing depth_mask script to /home/parallels/Forschsemrep/strawberry_ws/install/strawberry_segmentation/lib/strawberry_segmentation
[3.074s] Installing seg_ultra script to /home/parallels/Forschsemrep/strawberry_ws/install/strawberry_segmentation/lib/strawberry_segmentation
[3.075s] Installing strawberry_cloud script to /home/parallels/Forschsemrep/strawberry_ws/install/strawberry_segmentation/lib/strawberry_segmentation
[3.075s] Installing strawberry_features script to /home/parallels/Forschsemrep/strawberry_ws/install/strawberry_segmentation/lib/strawberry_segmentation
[3.076s] Installing strawberry_selected_overlay script to /home/parallels/Forschsemrep/strawberry_ws/install/strawberry_segmentation/lib/strawberry_segmentation
[3.077s] writing list of installed files to '/home/parallels/Forschsemrep/strawberry_ws/build/strawberry_segmentation/install.log'
[3.135s] Invoked command in '/home/parallels/Forschsemrep/strawberry_ws/src/strawberry_segmentation' returned '0': PYTHONPATH=/home/parallels/Forschsemrep/strawberry_ws/build/strawberry_segmentation/prefix_override:/usr/lib/python3/dist-packages/colcon_core/task/python/colcon_distutils_commands:/home/parallels/Forschsemrep/strawberry_ws/install/strawberry_segmentation/lib/python3.10/site-packages:${PYTHONPATH} /usr/bin/python3 -W ignore:setup.py install is deprecated -W ignore:easy_install command is deprecated setup.py egg_info --egg-base ../../build/strawberry_segmentation build --build-base /home/parallels/Forschsemrep/strawberry_ws/build/strawberry_segmentation/build install --record /home/parallels/Forschsemrep/strawberry_ws/build/strawberry_segmentation/install.log --single-version-externally-managed install_data
