[1.203s] Invoking command in '/home/parallels/Forschsemrep/strawberry_ws/src/strawberry_bringup': AMENT_PREFIX_PATH=/home/parallels/Forschsemrep/strawberry_ws/install/strawberry_camera:/home/parallels/Forschsemrep/strawberry_ws/install/meca500_ros2:/home/parallels/Forschsemrep/strawberry_ws/install/strawberry_segmentation:/home/parallels/Forschsemrep/strawberry_ws/install/strawberry_bringup:/opt/ros/humble PYTHONPATH=/home/parallels/Forschsemrep/strawberry_ws/build/strawberry_bringup/prefix_override:/usr/lib/python3/dist-packages/colcon_core/task/python/colcon_distutils_commands:/home/parallels/Forschsemrep/strawberry_ws/install/strawberry_bringup/lib/python3.10/site-packages:/home/parallels/Forschsemrep/strawberry_ws/build/strawberry_camera:/home/parallels/Forschsemrep/strawberry_ws/install/strawberry_camera/lib/python3.10/site-packages:/home/parallels/Forschsemrep/strawberry_ws/build/meca500_ros2:/home/parallels/Forschsemrep/strawberry_ws/install/meca500_ros2/lib/python3.10/site-packages:/home/parallels/Forschsemrep/strawberry_ws/install/strawberry_segmentation/lib/python3.10/site-packages:/home/parallels/Forschsemrep/strawberry_ws/install/strawberry_bringup/lib/python3.10/site-packages:/opt/ros/humble/lib/python3.10/site-packages:/opt/ros/humble/local/lib/python3.10/dist-packages /usr/bin/python3 -W ignore:setup.py install is deprecated -W ignore:easy_install command is deprecated setup.py egg_info --egg-base ../../build/strawberry_bringup build --build-base /home/parallels/Forschsemrep/strawberry_ws/build/strawberry_bringup/build install --record /home/parallels/Forschsemrep/strawberry_ws/build/strawberry_bringup/install.log --single-version-externally-managed install_data
[1.507s] running egg_info
[1.508s] writing ../../build/strawberry_bringup/strawberry_bringup.egg-info/PKG-INFO
[1.508s] writing dependency_links to ../../build/strawberry_bringup/strawberry_bringup.egg-info/dependency_links.txt
[1.509s] writing entry points to ../../build/strawberry_bringup/strawberry_bringup.egg-info/entry_points.txt
[1.509s] writing requirements to ../../build/strawberry_bringup/strawberry_bringup.egg-info/requires.txt
[1.510s] writing top-level names to ../../build/strawberry_bringup/strawberry_bringup.egg-info/top_level.txt
[1.513s] reading manifest file '../../build/strawberry_bringup/strawberry_bringup.egg-info/SOURCES.txt'
[1.514s] writing manifest file '../../build/strawberry_bringup/strawberry_bringup.egg-info/SOURCES.txt'
[1.515s] running build
[1.515s] running build_py
[1.515s] running install
[1.515s] running install_lib
[1.518s] running install_data
[1.518s] copying strawberry_bringup/launch/dummy_system.launch.py -> /home/parallels/Forschsemrep/strawberry_ws/install/strawberry_bringup/share/strawberry_bringup/launch
[1.519s] running install_egg_info
[1.521s] removing '/home/parallels/Forschsemrep/strawberry_ws/install/strawberry_bringup/lib/python3.10/site-packages/strawberry_bringup-0.0.1-py3.10.egg-info' (and everything under it)
[1.521s] Copying ../../build/strawberry_bringup/strawberry_bringup.egg-info to /home/parallels/Forschsemrep/strawberry_ws/install/strawberry_bringup/lib/python3.10/site-packages/strawberry_bringup-0.0.1-py3.10.egg-info
[1.523s] running install_scripts
[1.547s] writing list of installed files to '/home/parallels/Forschsemrep/strawberry_ws/build/strawberry_bringup/install.log'
[1.587s] Invoked command in '/home/parallels/Forschsemrep/strawberry_ws/src/strawberry_bringup' returned '0': AMENT_PREFIX_PATH=/home/parallels/Forschsemrep/strawberry_ws/install/strawberry_camera:/home/parallels/Forschsemrep/strawberry_ws/install/meca500_ros2:/home/parallels/Forschsemrep/strawberry_ws/install/strawberry_segmentation:/home/parallels/Forschsemrep/strawberry_ws/install/strawberry_bringup:/opt/ros/humble PYTHONPATH=/home/parallels/Forschsemrep/strawberry_ws/build/strawberry_bringup/prefix_override:/usr/lib/python3/dist-packages/colcon_core/task/python/colcon_distutils_commands:/home/parallels/Forschsemrep/strawberry_ws/install/strawberry_bringup/lib/python3.10/site-packages:/home/parallels/Forschsemrep/strawberry_ws/build/strawberry_camera:/home/parallels/Forschsemrep/strawberry_ws/install/strawberry_camera/lib/python3.10/site-packages:/home/parallels/Forschsemrep/strawberry_ws/build/meca500_ros2:/home/parallels/Forschsemrep/strawberry_ws/install/meca500_ros2/lib/python3.10/site-packages:/home/parallels/Forschsemrep/strawberry_ws/install/strawberry_segmentation/lib/python3.10/site-packages:/home/parallels/Forschsemrep/strawberry_ws/install/strawberry_bringup/lib/python3.10/site-packages:/opt/ros/humble/lib/python3.10/site-packages:/opt/ros/humble/local/lib/python3.10/dist-packages /usr/bin/python3 -W ignore:setup.py install is deprecated -W ignore:easy_install command is deprecated setup.py egg_info --egg-base ../../build/strawberry_bringup build --build-base /home/parallels/Forschsemrep/strawberry_ws/build/strawberry_bringup/build install --record /home/parallels/Forschsemrep/strawberry_ws/build/strawberry_bringup/install.log --single-version-externally-managed install_data
