running develop
running egg_info
creating strawberry_bringup.egg-info
writing strawberry_bringup.egg-info/PKG-INFO
writing dependency_links to strawberry_bringup.egg-info/dependency_links.txt
writing entry points to strawberry_bringup.egg-info/entry_points.txt
writing requirements to strawberry_bringup.egg-info/requires.txt
writing top-level names to strawberry_bringup.egg-info/top_level.txt
writing manifest file 'strawberry_bringup.egg-info/SOURCES.txt'
reading manifest file 'strawberry_bringup.egg-info/SOURCES.txt'
writing manifest file 'strawberry_bringup.egg-info/SOURCES.txt'
running build_ext
Creating /home/parallels/Forschsemrep/strawberry_ws/install/strawberry_bringup/lib/python3.10/site-packages/strawberry-bringup.egg-link (link to .)

Installed /home/parallels/Forschsemrep/strawberry_ws/build/strawberry_bringup
running symlink_data
creating /home/parallels/Forschsemrep/strawberry_ws/install/strawberry_bringup/share/ament_index
creating /home/parallels/Forschsemrep/strawberry_ws/install/strawberry_bringup/share/ament_index/resource_index
creating /home/parallels/Forschsemrep/strawberry_ws/install/strawberry_bringup/share/ament_index/resource_index/packages
symbolically linking /home/parallels/Forschsemrep/strawberry_ws/build/strawberry_bringup/resource/strawberry_bringup -> /home/parallels/Forschsemrep/strawberry_ws/install/strawberry_bringup/share/ament_index/resource_index/packages
symbolically linking /home/parallels/Forschsemrep/strawberry_ws/build/strawberry_bringup/package.xml -> /home/parallels/Forschsemrep/strawberry_ws/install/strawberry_bringup/share/strawberry_bringup
creating /home/parallels/Forschsemrep/strawberry_ws/install/strawberry_bringup/share/strawberry_bringup/launch
symbolically linking /home/parallels/Forschsemrep/strawberry_ws/build/strawberry_bringup/strawberry_bringup/launch/dummy_system.launch.py -> /home/parallels/Forschsemrep/strawberry_ws/install/strawberry_bringup/share/strawberry_bringup/launch
