[0.707s] Invoking command in '/home/parallels/Forschsemrep/strawberry_ws/build/strawberry_msgs': CMAKE_PREFIX_PATH=${CMAKE_PREFIX_PATH}:/home/parallels/Forschsemrep/strawberry_ws/install/strawberry_bringup:/home/parallels/Forschsemrep/strawberry_ws/install/strawberry_segmentation:/home/parallels/Forschsemrep/strawberry_ws/install/strawberry_cluster:/home/parallels/Forschsemrep/strawberry_ws/install/strawberry_camera:/home/parallels/Forschsemrep/strawberry_ws/install/meca500_ros2:/opt/ros/humble /usr/bin/cmake --build /home/parallels/Forschsemrep/strawberry_ws/build/strawberry_msgs -- -j4 -l4
[0.856s] [  2%] Built target strawberry_msgs__cpp
[0.877s] [  2%] Built target ament_cmake_python_symlink_strawberry_msgs
[0.879s] [ 12%] Built target strawberry_msgs__rosidl_generator_c
[0.912s] [ 23%] Built target strawberry_msgs__rosidl_typesupport_cpp
[0.920s] [ 33%] Built target strawberry_msgs__rosidl_typesupport_fastrtps_cpp
[0.929s] [ 43%] Built target strawberry_msgs__rosidl_typesupport_introspection_cpp
[0.956s] [ 53%] Built target strawberry_msgs__rosidl_typesupport_introspection_c
[0.964s] [ 64%] Built target strawberry_msgs__rosidl_typesupport_fastrtps_c
[0.966s] [ 74%] Built target strawberry_msgs__rosidl_typesupport_c
[0.996s] [ 74%] Built target strawberry_msgs
[1.030s] [ 76%] Built target strawberry_msgs__py
[1.075s] [ 84%] Built target strawberry_msgs__rosidl_generator_py
[1.114s] [ 89%] Built target strawberry_msgs__rosidl_typesupport_fastrtps_c__pyext
[1.159s] [ 94%] Built target strawberry_msgs__rosidl_typesupport_c__pyext
[1.159s] [100%] Built target strawberry_msgs__rosidl_typesupport_introspection_c__pyext
[1.324s] running egg_info
[1.324s] writing strawberry_msgs.egg-info/PKG-INFO
[1.324s] writing dependency_links to strawberry_msgs.egg-info/dependency_links.txt
[1.324s] writing top-level names to strawberry_msgs.egg-info/top_level.txt
[1.328s] reading manifest file 'strawberry_msgs.egg-info/SOURCES.txt'
[1.330s] writing manifest file 'strawberry_msgs.egg-info/SOURCES.txt'
[1.381s] [100%] Built target ament_cmake_python_build_strawberry_msgs_egg
[1.411s] Invoked command in '/home/parallels/Forschsemrep/strawberry_ws/build/strawberry_msgs' returned '0': CMAKE_PREFIX_PATH=${CMAKE_PREFIX_PATH}:/home/parallels/Forschsemrep/strawberry_ws/install/strawberry_bringup:/home/parallels/Forschsemrep/strawberry_ws/install/strawberry_segmentation:/home/parallels/Forschsemrep/strawberry_ws/install/strawberry_cluster:/home/parallels/Forschsemrep/strawberry_ws/install/strawberry_camera:/home/parallels/Forschsemrep/strawberry_ws/install/meca500_ros2:/opt/ros/humble /usr/bin/cmake --build /home/parallels/Forschsemrep/strawberry_ws/build/strawberry_msgs -- -j4 -l4
[1.426s] Invoking command in '/home/parallels/Forschsemrep/strawberry_ws/build/strawberry_msgs': CMAKE_PREFIX_PATH=${CMAKE_PREFIX_PATH}:/home/parallels/Forschsemrep/strawberry_ws/install/strawberry_bringup:/home/parallels/Forschsemrep/strawberry_ws/install/strawberry_segmentation:/home/parallels/Forschsemrep/strawberry_ws/install/strawberry_cluster:/home/parallels/Forschsemrep/strawberry_ws/install/strawberry_camera:/home/parallels/Forschsemrep/strawberry_ws/install/meca500_ros2:/opt/ros/humble /usr/bin/cmake --install /home/parallels/Forschsemrep/strawberry_ws/build/strawberry_msgs
[1.445s] -- Install configuration: ""
[1.451s] -- Execute custom install script
[1.451s] -- Up-to-date symlink: /home/parallels/Forschsemrep/strawberry_ws/install/strawberry_msgs/share/ament_index/resource_index/rosidl_interfaces/strawberry_msgs
[1.457s] -- Up-to-date symlink: /home/parallels/Forschsemrep/strawberry_ws/install/strawberry_msgs/include/strawberry_msgs/strawberry_msgs/msg/detail/frame_info__functions.h
[1.457s] -- Up-to-date symlink: /home/parallels/Forschsemrep/strawberry_ws/install/strawberry_msgs/include/strawberry_msgs/strawberry_msgs/msg/detail/frame_info__struct.h
[1.457s] -- Up-to-date symlink: /home/parallels/Forschsemrep/strawberry_ws/install/strawberry_msgs/include/strawberry_msgs/strawberry_msgs/msg/detail/frame_info__type_support.h
[1.457s] -- Up-to-date symlink: /home/parallels/Forschsemrep/strawberry_ws/install/strawberry_msgs/include/strawberry_msgs/strawberry_msgs/msg/frame_info.h
[1.458s] -- Up-to-date symlink: /home/parallels/Forschsemrep/strawberry_ws/install/strawberry_msgs/include/strawberry_msgs/strawberry_msgs/msg/rosidl_generator_c__visibility_control.h
[1.458s] -- Up-to-date symlink: /home/parallels/Forschsemrep/strawberry_ws/install/strawberry_msgs/include/strawberry_msgs/strawberry_msgs/srv/capture_snapshot.h
[1.458s] -- Up-to-date symlink: /home/parallels/Forschsemrep/strawberry_ws/install/strawberry_msgs/include/strawberry_msgs/strawberry_msgs/srv/detail/capture_snapshot__functions.h
[1.458s] -- Up-to-date symlink: /home/parallels/Forschsemrep/strawberry_ws/install/strawberry_msgs/include/strawberry_msgs/strawberry_msgs/srv/detail/capture_snapshot__struct.h
[1.458s] -- Up-to-date symlink: /home/parallels/Forschsemrep/strawberry_ws/install/strawberry_msgs/include/strawberry_msgs/strawberry_msgs/srv/detail/capture_snapshot__type_support.h
[1.458s] -- Up-to-date symlink: /home/parallels/Forschsemrep/strawberry_ws/install/strawberry_msgs/share/strawberry_msgs/environment/library_path.sh
[1.458s] -- Up-to-date symlink: /home/parallels/Forschsemrep/strawberry_ws/install/strawberry_msgs/share/strawberry_msgs/environment/library_path.dsv
[1.460s] -- Up-to-date symlink: /home/parallels/Forschsemrep/strawberry_ws/install/strawberry_msgs/include/strawberry_msgs/strawberry_msgs/msg/detail/frame_info__rosidl_typesupport_fastrtps_c.h
[1.461s] -- Up-to-date symlink: /home/parallels/Forschsemrep/strawberry_ws/install/strawberry_msgs/include/strawberry_msgs/strawberry_msgs/msg/rosidl_typesupport_fastrtps_c__visibility_control.h
[1.461s] -- Up-to-date symlink: /home/parallels/Forschsemrep/strawberry_ws/install/strawberry_msgs/include/strawberry_msgs/strawberry_msgs/srv/detail/capture_snapshot__rosidl_typesupport_fastrtps_c.h
[1.461s] -- Up-to-date symlink: /home/parallels/Forschsemrep/strawberry_ws/install/strawberry_msgs/include/strawberry_msgs/strawberry_msgs/msg/detail/frame_info__rosidl_typesupport_introspection_c.h
[1.462s] -- Up-to-date symlink: /home/parallels/Forschsemrep/strawberry_ws/install/strawberry_msgs/include/strawberry_msgs/strawberry_msgs/msg/rosidl_typesupport_introspection_c__visibility_control.h
[1.463s] -- Up-to-date symlink: /home/parallels/Forschsemrep/strawberry_ws/install/strawberry_msgs/include/strawberry_msgs/strawberry_msgs/srv/detail/capture_snapshot__rosidl_typesupport_introspection_c.h
[1.465s] -- Up-to-date symlink: /home/parallels/Forschsemrep/strawberry_ws/install/strawberry_msgs/include/strawberry_msgs/strawberry_msgs/msg/detail/frame_info__builder.hpp
[1.465s] -- Up-to-date symlink: /home/parallels/Forschsemrep/strawberry_ws/install/strawberry_msgs/include/strawberry_msgs/strawberry_msgs/msg/detail/frame_info__struct.hpp
[1.466s] -- Up-to-date symlink: /home/parallels/Forschsemrep/strawberry_ws/install/strawberry_msgs/include/strawberry_msgs/strawberry_msgs/msg/detail/frame_info__traits.hpp
[1.466s] -- Up-to-date symlink: /home/parallels/Forschsemrep/strawberry_ws/install/strawberry_msgs/include/strawberry_msgs/strawberry_msgs/msg/detail/frame_info__type_support.hpp
[1.467s] -- Up-to-date symlink: /home/parallels/Forschsemrep/strawberry_ws/install/strawberry_msgs/include/strawberry_msgs/strawberry_msgs/msg/frame_info.hpp
[1.467s] -- Up-to-date symlink: /home/parallels/Forschsemrep/strawberry_ws/install/strawberry_msgs/include/strawberry_msgs/strawberry_msgs/msg/rosidl_generator_cpp__visibility_control.hpp
[1.468s] -- Up-to-date symlink: /home/parallels/Forschsemrep/strawberry_ws/install/strawberry_msgs/include/strawberry_msgs/strawberry_msgs/srv/capture_snapshot.hpp
[1.469s] -- Up-to-date symlink: /home/parallels/Forschsemrep/strawberry_ws/install/strawberry_msgs/include/strawberry_msgs/strawberry_msgs/srv/detail/capture_snapshot__builder.hpp
[1.469s] -- Up-to-date symlink: /home/parallels/Forschsemrep/strawberry_ws/install/strawberry_msgs/include/strawberry_msgs/strawberry_msgs/srv/detail/capture_snapshot__struct.hpp
[1.469s] -- Up-to-date symlink: /home/parallels/Forschsemrep/strawberry_ws/install/strawberry_msgs/include/strawberry_msgs/strawberry_msgs/srv/detail/capture_snapshot__traits.hpp
[1.469s] -- Up-to-date symlink: /home/parallels/Forschsemrep/strawberry_ws/install/strawberry_msgs/include/strawberry_msgs/strawberry_msgs/srv/detail/capture_snapshot__type_support.hpp
[1.469s] -- Up-to-date symlink: /home/parallels/Forschsemrep/strawberry_ws/install/strawberry_msgs/include/strawberry_msgs/strawberry_msgs/msg/detail/frame_info__rosidl_typesupport_fastrtps_cpp.hpp
[1.474s] -- Up-to-date symlink: /home/parallels/Forschsemrep/strawberry_ws/install/strawberry_msgs/include/strawberry_msgs/strawberry_msgs/msg/rosidl_typesupport_fastrtps_cpp__visibility_control.h
[1.474s] -- Up-to-date symlink: /home/parallels/Forschsemrep/strawberry_ws/install/strawberry_msgs/include/strawberry_msgs/strawberry_msgs/srv/detail/capture_snapshot__rosidl_typesupport_fastrtps_cpp.hpp
[1.474s] -- Up-to-date symlink: /home/parallels/Forschsemrep/strawberry_ws/install/strawberry_msgs/include/strawberry_msgs/strawberry_msgs/msg/detail/frame_info__rosidl_typesupport_introspection_cpp.hpp
[1.474s] -- Up-to-date symlink: /home/parallels/Forschsemrep/strawberry_ws/install/strawberry_msgs/include/strawberry_msgs/strawberry_msgs/srv/detail/capture_snapshot__rosidl_typesupport_introspection_cpp.hpp
[1.474s] -- Up-to-date symlink: /home/parallels/Forschsemrep/strawberry_ws/install/strawberry_msgs/share/strawberry_msgs/environment/pythonpath.sh
[1.475s] -- Up-to-date symlink: /home/parallels/Forschsemrep/strawberry_ws/install/strawberry_msgs/share/strawberry_msgs/environment/pythonpath.dsv
[1.475s] -- Up-to-date symlink: /home/parallels/Forschsemrep/strawberry_ws/install/strawberry_msgs/local/lib/python3.10/dist-packages/strawberry_msgs-0.0.1-py3.10.egg-info/PKG-INFO
[1.475s] -- Up-to-date symlink: /home/parallels/Forschsemrep/strawberry_ws/install/strawberry_msgs/local/lib/python3.10/dist-packages/strawberry_msgs-0.0.1-py3.10.egg-info/SOURCES.txt
[1.475s] -- Up-to-date symlink: /home/parallels/Forschsemrep/strawberry_ws/install/strawberry_msgs/local/lib/python3.10/dist-packages/strawberry_msgs-0.0.1-py3.10.egg-info/dependency_links.txt
[1.475s] -- Up-to-date symlink: /home/parallels/Forschsemrep/strawberry_ws/install/strawberry_msgs/local/lib/python3.10/dist-packages/strawberry_msgs-0.0.1-py3.10.egg-info/top_level.txt
[1.477s] -- Up-to-date symlink: /home/parallels/Forschsemrep/strawberry_ws/install/strawberry_msgs/local/lib/python3.10/dist-packages/strawberry_msgs/__init__.py
[1.477s] -- Up-to-date symlink: /home/parallels/Forschsemrep/strawberry_ws/install/strawberry_msgs/local/lib/python3.10/dist-packages/strawberry_msgs/_strawberry_msgs_s.ep.rosidl_typesupport_c.c
[1.477s] -- Up-to-date symlink: /home/parallels/Forschsemrep/strawberry_ws/install/strawberry_msgs/local/lib/python3.10/dist-packages/strawberry_msgs/_strawberry_msgs_s.ep.rosidl_typesupport_fastrtps_c.c
[1.477s] -- Up-to-date symlink: /home/parallels/Forschsemrep/strawberry_ws/install/strawberry_msgs/local/lib/python3.10/dist-packages/strawberry_msgs/_strawberry_msgs_s.ep.rosidl_typesupport_introspection_c.c
[1.477s] -- Up-to-date symlink: /home/parallels/Forschsemrep/strawberry_ws/install/strawberry_msgs/local/lib/python3.10/dist-packages/strawberry_msgs/libstrawberry_msgs__rosidl_generator_py.so
[1.477s] -- Up-to-date symlink: /home/parallels/Forschsemrep/strawberry_ws/install/strawberry_msgs/local/lib/python3.10/dist-packages/strawberry_msgs/msg/__init__.py
[1.478s] -- Up-to-date symlink: /home/parallels/Forschsemrep/strawberry_ws/install/strawberry_msgs/local/lib/python3.10/dist-packages/strawberry_msgs/msg/_frame_info.py
[1.480s] -- Up-to-date symlink: /home/parallels/Forschsemrep/strawberry_ws/install/strawberry_msgs/local/lib/python3.10/dist-packages/strawberry_msgs/msg/_frame_info_s.c
[1.480s] -- Up-to-date symlink: /home/parallels/Forschsemrep/strawberry_ws/install/strawberry_msgs/local/lib/python3.10/dist-packages/strawberry_msgs/srv/__init__.py
[1.480s] -- Up-to-date symlink: /home/parallels/Forschsemrep/strawberry_ws/install/strawberry_msgs/local/lib/python3.10/dist-packages/strawberry_msgs/srv/_capture_snapshot.py
[1.480s] -- Up-to-date symlink: /home/parallels/Forschsemrep/strawberry_ws/install/strawberry_msgs/local/lib/python3.10/dist-packages/strawberry_msgs/srv/_capture_snapshot_s.c
[1.480s] -- Up-to-date symlink: /home/parallels/Forschsemrep/strawberry_ws/install/strawberry_msgs/local/lib/python3.10/dist-packages/strawberry_msgs/strawberry_msgs_s__rosidl_typesupport_c.cpython-310-x86_64-linux-gnu.so
[1.480s] -- Up-to-date symlink: /home/parallels/Forschsemrep/strawberry_ws/install/strawberry_msgs/local/lib/python3.10/dist-packages/strawberry_msgs/strawberry_msgs_s__rosidl_typesupport_fastrtps_c.cpython-310-x86_64-linux-gnu.so
[1.485s] -- Up-to-date symlink: /home/parallels/Forschsemrep/strawberry_ws/install/strawberry_msgs/local/lib/python3.10/dist-packages/strawberry_msgs/strawberry_msgs_s__rosidl_typesupport_introspection_c.cpython-310-x86_64-linux-gnu.so
[1.485s] -- Up-to-date symlink: /home/parallels/Forschsemrep/strawberry_ws/install/strawberry_msgs/local/lib/python3.10/dist-packages/strawberry_msgs/strawberry_msgs_s__rosidl_typesupport_fastrtps_c.cpython-310-x86_64-linux-gnu.so
[1.485s] -- Up-to-date symlink: /home/parallels/Forschsemrep/strawberry_ws/install/strawberry_msgs/local/lib/python3.10/dist-packages/strawberry_msgs/strawberry_msgs_s__rosidl_typesupport_introspection_c.cpython-310-x86_64-linux-gnu.so
[1.485s] -- Up-to-date symlink: /home/parallels/Forschsemrep/strawberry_ws/install/strawberry_msgs/local/lib/python3.10/dist-packages/strawberry_msgs/strawberry_msgs_s__rosidl_typesupport_c.cpython-310-x86_64-linux-gnu.so
[1.486s] -- Up-to-date symlink: /home/parallels/Forschsemrep/strawberry_ws/install/strawberry_msgs/share/strawberry_msgs/msg/FrameInfo.idl
[1.486s] -- Up-to-date symlink: /home/parallels/Forschsemrep/strawberry_ws/install/strawberry_msgs/share/strawberry_msgs/srv/CaptureSnapshot.idl
[1.486s] -- Up-to-date symlink: /home/parallels/Forschsemrep/strawberry_ws/install/strawberry_msgs/share/strawberry_msgs/msg/FrameInfo.msg
[1.487s] -- Up-to-date symlink: /home/parallels/Forschsemrep/strawberry_ws/install/strawberry_msgs/share/strawberry_msgs/srv/CaptureSnapshot.srv
[1.487s] -- Up-to-date symlink: /home/parallels/Forschsemrep/strawberry_ws/install/strawberry_msgs/share/strawberry_msgs/srv/CaptureSnapshot_Request.msg
[1.487s] -- Up-to-date symlink: /home/parallels/Forschsemrep/strawberry_ws/install/strawberry_msgs/share/strawberry_msgs/srv/CaptureSnapshot_Response.msg
[1.488s] -- Up-to-date symlink: /home/parallels/Forschsemrep/strawberry_ws/install/strawberry_msgs/share/ament_index/resource_index/package_run_dependencies/strawberry_msgs
[1.489s] -- Up-to-date symlink: /home/parallels/Forschsemrep/strawberry_ws/install/strawberry_msgs/share/ament_index/resource_index/parent_prefix_path/strawberry_msgs
[1.489s] -- Up-to-date symlink: /home/parallels/Forschsemrep/strawberry_ws/install/strawberry_msgs/share/strawberry_msgs/environment/ament_prefix_path.sh
[1.489s] -- Up-to-date symlink: /home/parallels/Forschsemrep/strawberry_ws/install/strawberry_msgs/share/strawberry_msgs/environment/ament_prefix_path.dsv
[1.489s] -- Up-to-date symlink: /home/parallels/Forschsemrep/strawberry_ws/install/strawberry_msgs/share/strawberry_msgs/environment/path.sh
[1.489s] -- Up-to-date symlink: /home/parallels/Forschsemrep/strawberry_ws/install/strawberry_msgs/share/strawberry_msgs/environment/path.dsv
[1.491s] -- Up-to-date symlink: /home/parallels/Forschsemrep/strawberry_ws/install/strawberry_msgs/share/strawberry_msgs/local_setup.bash
[1.491s] -- Up-to-date symlink: /home/parallels/Forschsemrep/strawberry_ws/install/strawberry_msgs/share/strawberry_msgs/local_setup.sh
[1.491s] -- Up-to-date symlink: /home/parallels/Forschsemrep/strawberry_ws/install/strawberry_msgs/share/strawberry_msgs/local_setup.zsh
[1.491s] -- Up-to-date symlink: /home/parallels/Forschsemrep/strawberry_ws/install/strawberry_msgs/share/strawberry_msgs/local_setup.dsv
[1.491s] -- Symlinking: /home/parallels/Forschsemrep/strawberry_ws/install/strawberry_msgs/share/strawberry_msgs/package.dsv
[1.508s] -- Up-to-date symlink: /home/parallels/Forschsemrep/strawberry_ws/install/strawberry_msgs/share/ament_index/resource_index/packages/strawberry_msgs
[1.511s] -- Up-to-date symlink: /home/parallels/Forschsemrep/strawberry_ws/install/strawberry_msgs/share/strawberry_msgs/cmake/rosidl_cmake-extras.cmake
[1.511s] -- Up-to-date symlink: /home/parallels/Forschsemrep/strawberry_ws/install/strawberry_msgs/share/strawberry_msgs/cmake/ament_cmake_export_dependencies-extras.cmake
[1.511s] -- Up-to-date symlink: /home/parallels/Forschsemrep/strawberry_ws/install/strawberry_msgs/share/strawberry_msgs/cmake/ament_cmake_export_include_directories-extras.cmake
[1.511s] -- Up-to-date symlink: /home/parallels/Forschsemrep/strawberry_ws/install/strawberry_msgs/share/strawberry_msgs/cmake/ament_cmake_export_libraries-extras.cmake
[1.512s] -- Up-to-date symlink: /home/parallels/Forschsemrep/strawberry_ws/install/strawberry_msgs/share/strawberry_msgs/cmake/ament_cmake_export_targets-extras.cmake
[1.512s] -- Up-to-date symlink: /home/parallels/Forschsemrep/strawberry_ws/install/strawberry_msgs/share/strawberry_msgs/cmake/rosidl_cmake_export_typesupport_targets-extras.cmake
[1.514s] -- Up-to-date symlink: /home/parallels/Forschsemrep/strawberry_ws/install/strawberry_msgs/share/strawberry_msgs/cmake/rosidl_cmake_export_typesupport_libraries-extras.cmake
[1.515s] -- Up-to-date symlink: /home/parallels/Forschsemrep/strawberry_ws/install/strawberry_msgs/share/strawberry_msgs/cmake/strawberry_msgsConfig.cmake
[1.516s] -- Up-to-date symlink: /home/parallels/Forschsemrep/strawberry_ws/install/strawberry_msgs/share/strawberry_msgs/cmake/strawberry_msgsConfig-version.cmake
[1.516s] -- Up-to-date symlink: /home/parallels/Forschsemrep/strawberry_ws/install/strawberry_msgs/share/strawberry_msgs/package.xml
[1.520s] -- Up-to-date: /home/parallels/Forschsemrep/strawberry_ws/install/strawberry_msgs/lib/libstrawberry_msgs__rosidl_generator_c.so
[1.525s] -- Up-to-date: /home/parallels/Forschsemrep/strawberry_ws/install/strawberry_msgs/lib/libstrawberry_msgs__rosidl_typesupport_fastrtps_c.so
[1.530s] -- Up-to-date: /home/parallels/Forschsemrep/strawberry_ws/install/strawberry_msgs/lib/libstrawberry_msgs__rosidl_typesupport_introspection_c.so
[1.530s] -- Up-to-date: /home/parallels/Forschsemrep/strawberry_ws/install/strawberry_msgs/lib/libstrawberry_msgs__rosidl_typesupport_c.so
[1.531s] -- Up-to-date: /home/parallels/Forschsemrep/strawberry_ws/install/strawberry_msgs/lib/libstrawberry_msgs__rosidl_typesupport_fastrtps_cpp.so
[1.534s] -- Up-to-date: /home/parallels/Forschsemrep/strawberry_ws/install/strawberry_msgs/lib/libstrawberry_msgs__rosidl_typesupport_introspection_cpp.so
[1.534s] -- Up-to-date: /home/parallels/Forschsemrep/strawberry_ws/install/strawberry_msgs/lib/libstrawberry_msgs__rosidl_typesupport_cpp.so
[1.593s] Listing '/home/parallels/Forschsemrep/strawberry_ws/install/strawberry_msgs/local/lib/python3.10/dist-packages/strawberry_msgs'...
[1.593s] Listing '/home/parallels/Forschsemrep/strawberry_ws/install/strawberry_msgs/local/lib/python3.10/dist-packages/strawberry_msgs/msg'...
[1.594s] Listing '/home/parallels/Forschsemrep/strawberry_ws/install/strawberry_msgs/local/lib/python3.10/dist-packages/strawberry_msgs/srv'...
[1.601s] -- Up-to-date: /home/parallels/Forschsemrep/strawberry_ws/install/strawberry_msgs/lib/libstrawberry_msgs__rosidl_generator_py.so
[1.601s] -- Up-to-date: /home/parallels/Forschsemrep/strawberry_ws/install/strawberry_msgs/share/strawberry_msgs/cmake/export_strawberry_msgs__rosidl_generator_cExport.cmake
[1.604s] -- Up-to-date: /home/parallels/Forschsemrep/strawberry_ws/install/strawberry_msgs/share/strawberry_msgs/cmake/export_strawberry_msgs__rosidl_generator_cExport-noconfig.cmake
[1.604s] -- Up-to-date: /home/parallels/Forschsemrep/strawberry_ws/install/strawberry_msgs/share/strawberry_msgs/cmake/export_strawberry_msgs__rosidl_typesupport_fastrtps_cExport.cmake
[1.604s] -- Up-to-date: /home/parallels/Forschsemrep/strawberry_ws/install/strawberry_msgs/share/strawberry_msgs/cmake/export_strawberry_msgs__rosidl_typesupport_fastrtps_cExport-noconfig.cmake
[1.604s] -- Up-to-date: /home/parallels/Forschsemrep/strawberry_ws/install/strawberry_msgs/share/strawberry_msgs/cmake/strawberry_msgs__rosidl_typesupport_introspection_cExport.cmake
[1.605s] -- Up-to-date: /home/parallels/Forschsemrep/strawberry_ws/install/strawberry_msgs/share/strawberry_msgs/cmake/strawberry_msgs__rosidl_typesupport_introspection_cExport-noconfig.cmake
[1.609s] -- Up-to-date: /home/parallels/Forschsemrep/strawberry_ws/install/strawberry_msgs/share/strawberry_msgs/cmake/strawberry_msgs__rosidl_typesupport_cExport.cmake
[1.609s] -- Up-to-date: /home/parallels/Forschsemrep/strawberry_ws/install/strawberry_msgs/share/strawberry_msgs/cmake/strawberry_msgs__rosidl_typesupport_cExport-noconfig.cmake
[1.609s] -- Up-to-date: /home/parallels/Forschsemrep/strawberry_ws/install/strawberry_msgs/share/strawberry_msgs/cmake/export_strawberry_msgs__rosidl_generator_cppExport.cmake
[1.609s] -- Up-to-date: /home/parallels/Forschsemrep/strawberry_ws/install/strawberry_msgs/share/strawberry_msgs/cmake/export_strawberry_msgs__rosidl_typesupport_fastrtps_cppExport.cmake
[1.609s] -- Up-to-date: /home/parallels/Forschsemrep/strawberry_ws/install/strawberry_msgs/share/strawberry_msgs/cmake/export_strawberry_msgs__rosidl_typesupport_fastrtps_cppExport-noconfig.cmake
[1.609s] -- Up-to-date: /home/parallels/Forschsemrep/strawberry_ws/install/strawberry_msgs/share/strawberry_msgs/cmake/strawberry_msgs__rosidl_typesupport_introspection_cppExport.cmake
[1.609s] -- Up-to-date: /home/parallels/Forschsemrep/strawberry_ws/install/strawberry_msgs/share/strawberry_msgs/cmake/strawberry_msgs__rosidl_typesupport_introspection_cppExport-noconfig.cmake
[1.609s] -- Up-to-date: /home/parallels/Forschsemrep/strawberry_ws/install/strawberry_msgs/share/strawberry_msgs/cmake/strawberry_msgs__rosidl_typesupport_cppExport.cmake
[1.609s] -- Up-to-date: /home/parallels/Forschsemrep/strawberry_ws/install/strawberry_msgs/share/strawberry_msgs/cmake/strawberry_msgs__rosidl_typesupport_cppExport-noconfig.cmake
[1.609s] -- Up-to-date: /home/parallels/Forschsemrep/strawberry_ws/install/strawberry_msgs/share/strawberry_msgs/cmake/export_strawberry_msgs__rosidl_generator_pyExport.cmake
[1.609s] -- Up-to-date: /home/parallels/Forschsemrep/strawberry_ws/install/strawberry_msgs/share/strawberry_msgs/cmake/export_strawberry_msgs__rosidl_generator_pyExport-noconfig.cmake
[1.616s] Invoked command in '/home/parallels/Forschsemrep/strawberry_ws/build/strawberry_msgs' returned '0': CMAKE_PREFIX_PATH=${CMAKE_PREFIX_PATH}:/home/parallels/Forschsemrep/strawberry_ws/install/strawberry_bringup:/home/parallels/Forschsemrep/strawberry_ws/install/strawberry_segmentation:/home/parallels/Forschsemrep/strawberry_ws/install/strawberry_cluster:/home/parallels/Forschsemrep/strawberry_ws/install/strawberry_camera:/home/parallels/Forschsemrep/strawberry_ws/install/meca500_ros2:/opt/ros/humble /usr/bin/cmake --install /home/parallels/Forschsemrep/strawberry_ws/build/strawberry_msgs
