[2.096s] Invoking command in '/home/parallels/Forschsemrep/strawberry_ws/build/strawberry_bringup': PYTHONPATH=/home/parallels/Forschsemrep/strawberry_ws/build/strawberry_bringup/prefix_override:/usr/lib/python3/dist-packages/colcon_core/task/python/colcon_distutils_commands:/home/parallels/Forschsemrep/strawberry_ws/install/strawberry_bringup/lib/python3.10/site-packages:${PYTHONPATH} /usr/bin/python3 -W ignore:setup.py install is deprecated -W ignore:easy_install command is deprecated setup.py develop --editable --build-directory /home/parallels/Forschsemrep/strawberry_ws/build/strawberry_bringup/build --no-deps symlink_data
[2.418s] running develop
[2.697s] running egg_info
[2.698s] creating strawberry_bringup.egg-info
[2.698s] writing strawberry_bringup.egg-info/PKG-INFO
[2.698s] writing dependency_links to strawberry_bringup.egg-info/dependency_links.txt
[2.698s] writing entry points to strawberry_bringup.egg-info/entry_points.txt
[2.698s] writing requirements to strawberry_bringup.egg-info/requires.txt
[2.698s] writing top-level names to strawberry_bringup.egg-info/top_level.txt
[2.700s] writing manifest file 'strawberry_bringup.egg-info/SOURCES.txt'
[2.703s] reading manifest file 'strawberry_bringup.egg-info/SOURCES.txt'
[2.703s] writing manifest file 'strawberry_bringup.egg-info/SOURCES.txt'
[2.705s] running build_ext
[2.705s] Creating /home/parallels/Forschsemrep/strawberry_ws/install/strawberry_bringup/lib/python3.10/site-packages/strawberry-bringup.egg-link (link to .)
[2.706s] 
[2.707s] Installed /home/parallels/Forschsemrep/strawberry_ws/build/strawberry_bringup
[2.707s] running symlink_data
[2.707s] creating /home/parallels/Forschsemrep/strawberry_ws/install/strawberry_bringup/share/ament_index
[2.707s] creating /home/parallels/Forschsemrep/strawberry_ws/install/strawberry_bringup/share/ament_index/resource_index
[2.707s] creating /home/parallels/Forschsemrep/strawberry_ws/install/strawberry_bringup/share/ament_index/resource_index/packages
[2.707s] symbolically linking /home/parallels/Forschsemrep/strawberry_ws/build/strawberry_bringup/resource/strawberry_bringup -> /home/parallels/Forschsemrep/strawberry_ws/install/strawberry_bringup/share/ament_index/resource_index/packages
[2.707s] symbolically linking /home/parallels/Forschsemrep/strawberry_ws/build/strawberry_bringup/package.xml -> /home/parallels/Forschsemrep/strawberry_ws/install/strawberry_bringup/share/strawberry_bringup
[2.787s] Invoked command in '/home/parallels/Forschsemrep/strawberry_ws/build/strawberry_bringup' returned '0': PYTHONPATH=/home/parallels/Forschsemrep/strawberry_ws/build/strawberry_bringup/prefix_override:/usr/lib/python3/dist-packages/colcon_core/task/python/colcon_distutils_commands:/home/parallels/Forschsemrep/strawberry_ws/install/strawberry_bringup/lib/python3.10/site-packages:${PYTHONPATH} /usr/bin/python3 -W ignore:setup.py install is deprecated -W ignore:easy_install command is deprecated setup.py develop --editable --build-directory /home/parallels/Forschsemrep/strawberry_ws/build/strawberry_bringup/build --no-deps symlink_data
