running develop
running egg_info
creating strawberry_camera.egg-info
writing strawberry_camera.egg-info/PKG-INFO
writing dependency_links to strawberry_camera.egg-info/dependency_links.txt
writing entry points to strawberry_camera.egg-info/entry_points.txt
writing requirements to strawberry_camera.egg-info/requires.txt
writing top-level names to strawberry_camera.egg-info/top_level.txt
writing manifest file 'strawberry_camera.egg-info/SOURCES.txt'
reading manifest file 'strawberry_camera.egg-info/SOURCES.txt'
writing manifest file 'strawberry_camera.egg-info/SOURCES.txt'
running build_ext
Creating /home/parallels/Forschsemrep/strawberry_ws/install/strawberry_camera/lib/python3.10/site-packages/strawberry-camera.egg-link (link to .)

Installed /home/parallels/Forschsemrep/strawberry_ws/build/strawberry_camera
running symlink_data
creating /home/parallels/Forschsemrep/strawberry_ws/install/strawberry_camera/share/ament_index
creating /home/parallels/Forschsemrep/strawberry_ws/install/strawberry_camera/share/ament_index/resource_index
creating /home/parallels/Forschsemrep/strawberry_ws/install/strawberry_camera/share/ament_index/resource_index/packages
symbolically linking /home/parallels/Forschsemrep/strawberry_ws/build/strawberry_camera/resource/strawberry_camera -> /home/parallels/Forschsemrep/strawberry_ws/install/strawberry_camera/share/ament_index/resource_index/packages
symbolically linking /home/parallels/Forschsemrep/strawberry_ws/build/strawberry_camera/package.xml -> /home/parallels/Forschsemrep/strawberry_ws/install/strawberry_camera/share/strawberry_camera
