[1.265s] Invoking command in '/home/parallels/Forschsemrep/strawberry_ws/src/strawberry_segmentation': PYTHONPATH=/home/parallels/Forschsemrep/strawberry_ws/build/strawberry_segmentation/prefix_override:/usr/lib/python3/dist-packages/colcon_core/task/python/colcon_distutils_commands:/home/parallels/Forschsemrep/strawberry_ws/install/strawberry_segmentation/lib/python3.10/site-packages:${PYTHONPATH} /usr/bin/python3 -W ignore:setup.py install is deprecated -W ignore:easy_install command is deprecated setup.py egg_info --egg-base ../../build/strawberry_segmentation build --build-base /home/parallels/Forschsemrep/strawberry_ws/build/strawberry_segmentation/build install --record /home/parallels/Forschsemrep/strawberry_ws/build/strawberry_segmentation/install.log --single-version-externally-managed install_data
[1.544s] running egg_info
[1.545s] writing ../../build/strawberry_segmentation/strawberry_segmentation.egg-info/PKG-INFO
[1.545s] writing dependency_links to ../../build/strawberry_segmentation/strawberry_segmentation.egg-info/dependency_links.txt
[1.546s] writing entry points to ../../build/strawberry_segmentation/strawberry_segmentation.egg-info/entry_points.txt
[1.546s] writing requirements to ../../build/strawberry_segmentation/strawberry_segmentation.egg-info/requires.txt
[1.546s] writing top-level names to ../../build/strawberry_segmentation/strawberry_segmentation.egg-info/top_level.txt
[1.548s] reading manifest file '../../build/strawberry_segmentation/strawberry_segmentation.egg-info/SOURCES.txt'
[1.550s] writing manifest file '../../build/strawberry_segmentation/strawberry_segmentation.egg-info/SOURCES.txt'
[1.550s] running build
[1.550s] running build_py
[1.550s] running install
[1.550s] running install_lib
[1.552s] running install_data
[1.552s] creating /home/parallels/Forschsemrep/strawberry_ws/install/strawberry_segmentation/share/strawberry_segmentation/launch
[1.552s] running install_egg_info
[1.554s] removing '/home/parallels/Forschsemrep/strawberry_ws/install/strawberry_segmentation/lib/python3.10/site-packages/strawberry_segmentation-0.0.1-py3.10.egg-info' (and everything under it)
[1.554s] Copying ../../build/strawberry_segmentation/strawberry_segmentation.egg-info to /home/parallels/Forschsemrep/strawberry_ws/install/strawberry_segmentation/lib/python3.10/site-packages/strawberry_segmentation-0.0.1-py3.10.egg-info
[1.555s] running install_scripts
[1.580s] Installing depth_mask script to /home/parallels/Forschsemrep/strawberry_ws/install/strawberry_segmentation/lib/strawberry_segmentation
[1.580s] Installing seg_ultra script to /home/parallels/Forschsemrep/strawberry_ws/install/strawberry_segmentation/lib/strawberry_segmentation
[1.581s] writing list of installed files to '/home/parallels/Forschsemrep/strawberry_ws/build/strawberry_segmentation/install.log'
[1.615s] Invoked command in '/home/parallels/Forschsemrep/strawberry_ws/src/strawberry_segmentation' returned '0': PYTHONPATH=/home/parallels/Forschsemrep/strawberry_ws/build/strawberry_segmentation/prefix_override:/usr/lib/python3/dist-packages/colcon_core/task/python/colcon_distutils_commands:/home/parallels/Forschsemrep/strawberry_ws/install/strawberry_segmentation/lib/python3.10/site-packages:${PYTHONPATH} /usr/bin/python3 -W ignore:setup.py install is deprecated -W ignore:easy_install command is deprecated setup.py egg_info --egg-base ../../build/strawberry_segmentation build --build-base /home/parallels/Forschsemrep/strawberry_ws/build/strawberry_segmentation/build install --record /home/parallels/Forschsemrep/strawberry_ws/build/strawberry_segmentation/install.log --single-version-externally-managed install_data
