[2.399s] Invoking command in '/home/parallels/Forschsemrep/strawberry_ws/strawberry_cluster': PYTHONPATH=/home/parallels/Forschsemrep/strawberry_ws/build/strawberry_cluster/prefix_override:/usr/lib/python3/dist-packages/colcon_core/task/python/colcon_distutils_commands:/home/parallels/Forschsemrep/strawberry_ws/install/strawberry_cluster/lib/python3.10/site-packages:${PYTHONPATH} /usr/bin/python3 -W ignore:setup.py install is deprecated -W ignore:easy_install command is deprecated setup.py egg_info --egg-base ../build/strawberry_cluster build --build-base /home/parallels/Forschsemrep/strawberry_ws/build/strawberry_cluster/build install --record /home/parallels/Forschsemrep/strawberry_ws/build/strawberry_cluster/install.log --single-version-externally-managed install_data
[2.840s] running egg_info
[2.840s] writing ../build/strawberry_cluster/strawberry_cluster.egg-info/PKG-INFO
[2.843s] writing dependency_links to ../build/strawberry_cluster/strawberry_cluster.egg-info/dependency_links.txt
[2.843s] writing entry points to ../build/strawberry_cluster/strawberry_cluster.egg-info/entry_points.txt
[2.843s] writing requirements to ../build/strawberry_cluster/strawberry_cluster.egg-info/requires.txt
[2.843s] writing top-level names to ../build/strawberry_cluster/strawberry_cluster.egg-info/top_level.txt
[2.847s] reading manifest file '../build/strawberry_cluster/strawberry_cluster.egg-info/SOURCES.txt'
[2.847s] writing manifest file '../build/strawberry_cluster/strawberry_cluster.egg-info/SOURCES.txt'
[2.847s] running build
[2.847s] running build_py
[2.850s] running install
[2.850s] running install_lib
[2.850s] running install_data
[2.850s] running install_egg_info
[2.852s] removing '/home/parallels/Forschsemrep/strawberry_ws/install/strawberry_cluster/lib/python3.10/site-packages/strawberry_cluster-0.0.1-py3.10.egg-info' (and everything under it)
[2.854s] Copying ../build/strawberry_cluster/strawberry_cluster.egg-info to /home/parallels/Forschsemrep/strawberry_ws/install/strawberry_cluster/lib/python3.10/site-packages/strawberry_cluster-0.0.1-py3.10.egg-info
[2.856s] running install_scripts
[2.879s] Installing strawberry_cluster script to /home/parallels/Forschsemrep/strawberry_ws/install/strawberry_cluster/lib/strawberry_cluster
[2.879s] writing list of installed files to '/home/parallels/Forschsemrep/strawberry_ws/build/strawberry_cluster/install.log'
[3.043s] Invoked command in '/home/parallels/Forschsemrep/strawberry_ws/strawberry_cluster' returned '0': PYTHONPATH=/home/parallels/Forschsemrep/strawberry_ws/build/strawberry_cluster/prefix_override:/usr/lib/python3/dist-packages/colcon_core/task/python/colcon_distutils_commands:/home/parallels/Forschsemrep/strawberry_ws/install/strawberry_cluster/lib/python3.10/site-packages:${PYTHONPATH} /usr/bin/python3 -W ignore:setup.py install is deprecated -W ignore:easy_install command is deprecated setup.py egg_info --egg-base ../build/strawberry_cluster build --build-base /home/parallels/Forschsemrep/strawberry_ws/build/strawberry_cluster/build install --record /home/parallels/Forschsemrep/strawberry_ws/build/strawberry_cluster/install.log --single-version-externally-managed install_data
