running develop
Removing /home/parallels/Forschsemrep/strawberry_ws/install/strawberry_bringup/lib/python3.10/site-packages/strawberry-bringup.egg-link (link to .)
running egg_info
writing ../../build/strawberry_bringup/strawberry_bringup.egg-info/PKG-INFO
writing dependency_links to ../../build/strawberry_bringup/strawberry_bringup.egg-info/dependency_links.txt
writing entry points to ../../build/strawberry_bringup/strawberry_bringup.egg-info/entry_points.txt
writing requirements to ../../build/strawberry_bringup/strawberry_bringup.egg-info/requires.txt
writing top-level names to ../../build/strawberry_bringup/strawberry_bringup.egg-info/top_level.txt
reading manifest file '../../build/strawberry_bringup/strawberry_bringup.egg-info/SOURCES.txt'
writing manifest file '../../build/strawberry_bringup/strawberry_bringup.egg-info/SOURCES.txt'
running build
running build_py
creating /home/parallels/Forschsemrep/strawberry_ws/build/strawberry_bringup/build
creating /home/parallels/Forschsemrep/strawberry_ws/build/strawberry_bringup/build/lib
creating /home/parallels/Forschsemrep/strawberry_ws/build/strawberry_bringup/build/lib/strawberry_bringup
copying strawberry_bringup/__init__.py -> /home/parallels/Forschsemrep/strawberry_ws/build/strawberry_bringup/build/lib/strawberry_bringup
running install
running install_lib
creating /home/parallels/Forschsemrep/strawberry_ws/install/strawberry_bringup/lib/python3.10/site-packages/strawberry_bringup
copying /home/parallels/Forschsemrep/strawberry_ws/build/strawberry_bringup/build/lib/strawberry_bringup/__init__.py -> /home/parallels/Forschsemrep/strawberry_ws/install/strawberry_bringup/lib/python3.10/site-packages/strawberry_bringup
byte-compiling /home/parallels/Forschsemrep/strawberry_ws/install/strawberry_bringup/lib/python3.10/site-packages/strawberry_bringup/__init__.py to __init__.cpython-310.pyc
running install_data
copying resource/strawberry_bringup -> /home/parallels/Forschsemrep/strawberry_ws/install/strawberry_bringup/share/ament_index/resource_index/packages
copying package.xml -> /home/parallels/Forschsemrep/strawberry_ws/install/strawberry_bringup/share/strawberry_bringup
running install_egg_info
Copying ../../build/strawberry_bringup/strawberry_bringup.egg-info to /home/parallels/Forschsemrep/strawberry_ws/install/strawberry_bringup/lib/python3.10/site-packages/strawberry_bringup-0.0.1-py3.10.egg-info
running install_scripts
writing list of installed files to '/home/parallels/Forschsemrep/strawberry_ws/build/strawberry_bringup/install.log'
