[0.329s] colcon DEBUG Command line arguments: ['/usr/bin/colcon', 'list', '-p', '--base-paths', '/home/parallels/Forschsemrep/strawberry_ws', '--log-base', '/dev/null']
[0.329s] colcon DEBUG Parsed command line arguments: Namespace(log_base=None, log_level=None, verb_name='list', build_base='build', ignore_user_meta=False, metas=['./colcon.meta'], base_paths=['/home/parallels/Forschsemrep/strawberry_ws', '--log-base', '/dev/null'], packages_ignore=None, packages_ignore_regex=None, paths=None, packages_up_to=None, packages_up_to_regex=None, packages_above=None, packages_above_and_dependencies=None, packages_above_depth=None, packages_select_by_dep=None, packages_skip_by_dep=None, packages_skip_up_to=None, packages_select_build_failed=False, packages_skip_build_finished=False, packages_select_test_failures=False, packages_skip_test_passed=False, packages_select=None, packages_skip=None, packages_select_regex=None, packages_skip_regex=None, packages_start=None, packages_end=None, allow_overriding=[], topological_order=False, names_only=False, paths_only=True, topological_graph=False, topological_graph_dot=False, topological_graph_density=False, topological_graph_legend=False, topological_graph_dot_cluster=False, topological_graph_dot_include_skipped=False, mixin_files=None, mixin=None, verb_parser=<colcon_mixin.mixin.mixin_argument.MixinArgumentDecorator object at 0x72de5711fb50>, verb_extension=<colcon_package_information.verb.list.ListVerb object at 0x72de5711e710>, main=<bound method ListVerb.main of <colcon_package_information.verb.list.ListVerb object at 0x72de5711e710>>, mixin_verb=('list',))
[0.760s] colcon.colcon_core.package_discovery Level 1 discover_packages(colcon_meta) check parameters
[0.760s] colcon.colcon_core.package_discovery Level 1 discover_packages(recursive) check parameters
[0.760s] colcon.colcon_core.package_discovery Level 1 discover_packages(ignore) check parameters
[0.760s] colcon.colcon_core.package_discovery Level 1 discover_packages(path) check parameters
[0.760s] colcon.colcon_core.package_discovery Level 1 discover_packages(recursive) discover
[0.760s] colcon.colcon_core.package_discovery INFO Crawling recursively for packages in '/home/parallels/Forschsemrep/strawberry_ws', '/home/parallels/Forschsemrep/strawberry_ws/--log-base', '/dev/null'
[0.761s] colcon.colcon_core.package_identification Level 1 _identify(/home/parallels/Forschsemrep/strawberry_ws) by extensions ['ignore', 'ignore_ament_install']
[0.761s] colcon.colcon_core.package_identification Level 1 _identify(/home/parallels/Forschsemrep/strawberry_ws) by extension 'ignore'
[0.761s] colcon.colcon_core.package_identification Level 1 _identify(/home/parallels/Forschsemrep/strawberry_ws) by extension 'ignore_ament_install'
[0.761s] colcon.colcon_core.package_identification Level 1 _identify(/home/parallels/Forschsemrep/strawberry_ws) by extensions ['colcon_pkg']
[0.761s] colcon.colcon_core.package_identification Level 1 _identify(/home/parallels/Forschsemrep/strawberry_ws) by extension 'colcon_pkg'
[0.762s] colcon.colcon_core.package_identification Level 1 _identify(/home/parallels/Forschsemrep/strawberry_ws) by extensions ['colcon_meta']
[0.762s] colcon.colcon_core.package_identification Level 1 _identify(/home/parallels/Forschsemrep/strawberry_ws) by extension 'colcon_meta'
[0.762s] colcon.colcon_core.package_identification Level 1 _identify(/home/parallels/Forschsemrep/strawberry_ws) by extensions ['ros']
[0.762s] colcon.colcon_core.package_identification Level 1 _identify(/home/parallels/Forschsemrep/strawberry_ws) by extension 'ros'
[0.799s] colcon.colcon_core.package_identification Level 1 _identify(/home/parallels/Forschsemrep/strawberry_ws) by extensions ['cmake', 'python']
[0.799s] colcon.colcon_core.package_identification Level 1 _identify(/home/parallels/Forschsemrep/strawberry_ws) by extension 'cmake'
[0.799s] colcon.colcon_core.package_identification Level 1 _identify(/home/parallels/Forschsemrep/strawberry_ws) by extension 'python'
[0.799s] colcon.colcon_core.package_identification Level 1 _identify(/home/parallels/Forschsemrep/strawberry_ws) by extensions ['python_setup_py']
[0.799s] colcon.colcon_core.package_identification Level 1 _identify(/home/parallels/Forschsemrep/strawberry_ws) by extension 'python_setup_py'
[0.800s] colcon.colcon_core.package_identification Level 1 _identify(/home/parallels/Forschsemrep/strawberry_ws/build) by extensions ['ignore', 'ignore_ament_install']
[0.800s] colcon.colcon_core.package_identification Level 1 _identify(/home/parallels/Forschsemrep/strawberry_ws/build) by extension 'ignore'
[0.800s] colcon.colcon_core.package_identification Level 1 _identify(/home/parallels/Forschsemrep/strawberry_ws/build) ignored
[0.800s] colcon.colcon_core.package_identification Level 1 _identify(/home/parallels/Forschsemrep/strawberry_ws/data) by extensions ['ignore', 'ignore_ament_install']
[0.800s] colcon.colcon_core.package_identification Level 1 _identify(/home/parallels/Forschsemrep/strawberry_ws/data) by extension 'ignore'
[0.800s] colcon.colcon_core.package_identification Level 1 _identify(/home/parallels/Forschsemrep/strawberry_ws/data) by extension 'ignore_ament_install'
[0.800s] colcon.colcon_core.package_identification Level 1 _identify(/home/parallels/Forschsemrep/strawberry_ws/data) by extensions ['colcon_pkg']
[0.800s] colcon.colcon_core.package_identification Level 1 _identify(/home/parallels/Forschsemrep/strawberry_ws/data) by extension 'colcon_pkg'
[0.800s] colcon.colcon_core.package_identification Level 1 _identify(/home/parallels/Forschsemrep/strawberry_ws/data) by extensions ['colcon_meta']
[0.800s] colcon.colcon_core.package_identification Level 1 _identify(/home/parallels/Forschsemrep/strawberry_ws/data) by extension 'colcon_meta'
[0.800s] colcon.colcon_core.package_identification Level 1 _identify(/home/parallels/Forschsemrep/strawberry_ws/data) by extensions ['ros']
[0.800s] colcon.colcon_core.package_identification Level 1 _identify(/home/parallels/Forschsemrep/strawberry_ws/data) by extension 'ros'
[0.800s] colcon.colcon_core.package_identification Level 1 _identify(/home/parallels/Forschsemrep/strawberry_ws/data) by extensions ['cmake', 'python']
[0.800s] colcon.colcon_core.package_identification Level 1 _identify(/home/parallels/Forschsemrep/strawberry_ws/data) by extension 'cmake'
[0.800s] colcon.colcon_core.package_identification Level 1 _identify(/home/parallels/Forschsemrep/strawberry_ws/data) by extension 'python'
[0.800s] colcon.colcon_core.package_identification Level 1 _identify(/home/parallels/Forschsemrep/strawberry_ws/data) by extensions ['python_setup_py']
[0.800s] colcon.colcon_core.package_identification Level 1 _identify(/home/parallels/Forschsemrep/strawberry_ws/data) by extension 'python_setup_py'
[0.801s] colcon.colcon_core.package_identification Level 1 _identify(/home/parallels/Forschsemrep/strawberry_ws/data/backup) by extensions ['ignore', 'ignore_ament_install']
[0.801s] colcon.colcon_core.package_identification Level 1 _identify(/home/parallels/Forschsemrep/strawberry_ws/data/backup) by extension 'ignore'
[0.801s] colcon.colcon_core.package_identification Level 1 _identify(/home/parallels/Forschsemrep/strawberry_ws/data/backup) by extension 'ignore_ament_install'
[0.801s] colcon.colcon_core.package_identification Level 1 _identify(/home/parallels/Forschsemrep/strawberry_ws/data/backup) by extensions ['colcon_pkg']
[0.801s] colcon.colcon_core.package_identification Level 1 _identify(/home/parallels/Forschsemrep/strawberry_ws/data/backup) by extension 'colcon_pkg'
[0.801s] colcon.colcon_core.package_identification Level 1 _identify(/home/parallels/Forschsemrep/strawberry_ws/data/backup) by extensions ['colcon_meta']
[0.801s] colcon.colcon_core.package_identification Level 1 _identify(/home/parallels/Forschsemrep/strawberry_ws/data/backup) by extension 'colcon_meta'
[0.801s] colcon.colcon_core.package_identification Level 1 _identify(/home/parallels/Forschsemrep/strawberry_ws/data/backup) by extensions ['ros']
[0.801s] colcon.colcon_core.package_identification Level 1 _identify(/home/parallels/Forschsemrep/strawberry_ws/data/backup) by extension 'ros'
[0.801s] colcon.colcon_core.package_identification Level 1 _identify(/home/parallels/Forschsemrep/strawberry_ws/data/backup) by extensions ['cmake', 'python']
[0.801s] colcon.colcon_core.package_identification Level 1 _identify(/home/parallels/Forschsemrep/strawberry_ws/data/backup) by extension 'cmake'
[0.801s] colcon.colcon_core.package_identification Level 1 _identify(/home/parallels/Forschsemrep/strawberry_ws/data/backup) by extension 'python'
[0.801s] colcon.colcon_core.package_identification Level 1 _identify(/home/parallels/Forschsemrep/strawberry_ws/data/backup) by extensions ['python_setup_py']
[0.801s] colcon.colcon_core.package_identification Level 1 _identify(/home/parallels/Forschsemrep/strawberry_ws/data/backup) by extension 'python_setup_py'
[0.802s] colcon.colcon_core.package_identification Level 1 _identify(/home/parallels/Forschsemrep/strawberry_ws/data/plant_views) by extensions ['ignore', 'ignore_ament_install']
[0.802s] colcon.colcon_core.package_identification Level 1 _identify(/home/parallels/Forschsemrep/strawberry_ws/data/plant_views) by extension 'ignore'
[0.802s] colcon.colcon_core.package_identification Level 1 _identify(/home/parallels/Forschsemrep/strawberry_ws/data/plant_views) by extension 'ignore_ament_install'
[0.803s] colcon.colcon_core.package_identification Level 1 _identify(/home/parallels/Forschsemrep/strawberry_ws/data/plant_views) by extensions ['colcon_pkg']
[0.803s] colcon.colcon_core.package_identification Level 1 _identify(/home/parallels/Forschsemrep/strawberry_ws/data/plant_views) by extension 'colcon_pkg'
[0.803s] colcon.colcon_core.package_identification Level 1 _identify(/home/parallels/Forschsemrep/strawberry_ws/data/plant_views) by extensions ['colcon_meta']
[0.803s] colcon.colcon_core.package_identification Level 1 _identify(/home/parallels/Forschsemrep/strawberry_ws/data/plant_views) by extension 'colcon_meta'
[0.803s] colcon.colcon_core.package_identification Level 1 _identify(/home/parallels/Forschsemrep/strawberry_ws/data/plant_views) by extensions ['ros']
[0.803s] colcon.colcon_core.package_identification Level 1 _identify(/home/parallels/Forschsemrep/strawberry_ws/data/plant_views) by extension 'ros'
[0.803s] colcon.colcon_core.package_identification Level 1 _identify(/home/parallels/Forschsemrep/strawberry_ws/data/plant_views) by extensions ['cmake', 'python']
[0.803s] colcon.colcon_core.package_identification Level 1 _identify(/home/parallels/Forschsemrep/strawberry_ws/data/plant_views) by extension 'cmake'
[0.803s] colcon.colcon_core.package_identification Level 1 _identify(/home/parallels/Forschsemrep/strawberry_ws/data/plant_views) by extension 'python'
[0.803s] colcon.colcon_core.package_identification Level 1 _identify(/home/parallels/Forschsemrep/strawberry_ws/data/plant_views) by extensions ['python_setup_py']
[0.803s] colcon.colcon_core.package_identification Level 1 _identify(/home/parallels/Forschsemrep/strawberry_ws/data/plant_views) by extension 'python_setup_py'
[0.803s] colcon.colcon_core.package_identification Level 1 _identify(/home/parallels/Forschsemrep/strawberry_ws/data/plant_views/plant_000) by extensions ['ignore', 'ignore_ament_install']
[0.804s] colcon.colcon_core.package_identification Level 1 _identify(/home/parallels/Forschsemrep/strawberry_ws/data/plant_views/plant_000) by extension 'ignore'
[0.804s] colcon.colcon_core.package_identification Level 1 _identify(/home/parallels/Forschsemrep/strawberry_ws/data/plant_views/plant_000) by extension 'ignore_ament_install'
[0.804s] colcon.colcon_core.package_identification Level 1 _identify(/home/parallels/Forschsemrep/strawberry_ws/data/plant_views/plant_000) by extensions ['colcon_pkg']
[0.804s] colcon.colcon_core.package_identification Level 1 _identify(/home/parallels/Forschsemrep/strawberry_ws/data/plant_views/plant_000) by extension 'colcon_pkg'
[0.804s] colcon.colcon_core.package_identification Level 1 _identify(/home/parallels/Forschsemrep/strawberry_ws/data/plant_views/plant_000) by extensions ['colcon_meta']
[0.804s] colcon.colcon_core.package_identification Level 1 _identify(/home/parallels/Forschsemrep/strawberry_ws/data/plant_views/plant_000) by extension 'colcon_meta'
[0.804s] colcon.colcon_core.package_identification Level 1 _identify(/home/parallels/Forschsemrep/strawberry_ws/data/plant_views/plant_000) by extensions ['ros']
[0.804s] colcon.colcon_core.package_identification Level 1 _identify(/home/parallels/Forschsemrep/strawberry_ws/data/plant_views/plant_000) by extension 'ros'
[0.804s] colcon.colcon_core.package_identification Level 1 _identify(/home/parallels/Forschsemrep/strawberry_ws/data/plant_views/plant_000) by extensions ['cmake', 'python']
[0.804s] colcon.colcon_core.package_identification Level 1 _identify(/home/parallels/Forschsemrep/strawberry_ws/data/plant_views/plant_000) by extension 'cmake'
[0.804s] colcon.colcon_core.package_identification Level 1 _identify(/home/parallels/Forschsemrep/strawberry_ws/data/plant_views/plant_000) by extension 'python'
[0.804s] colcon.colcon_core.package_identification Level 1 _identify(/home/parallels/Forschsemrep/strawberry_ws/data/plant_views/plant_000) by extensions ['python_setup_py']
[0.804s] colcon.colcon_core.package_identification Level 1 _identify(/home/parallels/Forschsemrep/strawberry_ws/data/plant_views/plant_000) by extension 'python_setup_py'
[0.804s] colcon.colcon_core.package_identification Level 1 _identify(/home/parallels/Forschsemrep/strawberry_ws/data/plant_views/plant_001) by extensions ['ignore', 'ignore_ament_install']
[0.805s] colcon.colcon_core.package_identification Level 1 _identify(/home/parallels/Forschsemrep/strawberry_ws/data/plant_views/plant_001) by extension 'ignore'
[0.805s] colcon.colcon_core.package_identification Level 1 _identify(/home/parallels/Forschsemrep/strawberry_ws/data/plant_views/plant_001) by extension 'ignore_ament_install'
[0.805s] colcon.colcon_core.package_identification Level 1 _identify(/home/parallels/Forschsemrep/strawberry_ws/data/plant_views/plant_001) by extensions ['colcon_pkg']
[0.805s] colcon.colcon_core.package_identification Level 1 _identify(/home/parallels/Forschsemrep/strawberry_ws/data/plant_views/plant_001) by extension 'colcon_pkg'
[0.805s] colcon.colcon_core.package_identification Level 1 _identify(/home/parallels/Forschsemrep/strawberry_ws/data/plant_views/plant_001) by extensions ['colcon_meta']
[0.805s] colcon.colcon_core.package_identification Level 1 _identify(/home/parallels/Forschsemrep/strawberry_ws/data/plant_views/plant_001) by extension 'colcon_meta'
[0.805s] colcon.colcon_core.package_identification Level 1 _identify(/home/parallels/Forschsemrep/strawberry_ws/data/plant_views/plant_001) by extensions ['ros']
[0.805s] colcon.colcon_core.package_identification Level 1 _identify(/home/parallels/Forschsemrep/strawberry_ws/data/plant_views/plant_001) by extension 'ros'
[0.806s] colcon.colcon_core.package_identification Level 1 _identify(/home/parallels/Forschsemrep/strawberry_ws/data/plant_views/plant_001) by extensions ['cmake', 'python']
[0.806s] colcon.colcon_core.package_identification Level 1 _identify(/home/parallels/Forschsemrep/strawberry_ws/data/plant_views/plant_001) by extension 'cmake'
[0.806s] colcon.colcon_core.package_identification Level 1 _identify(/home/parallels/Forschsemrep/strawberry_ws/data/plant_views/plant_001) by extension 'python'
[0.806s] colcon.colcon_core.package_identification Level 1 _identify(/home/parallels/Forschsemrep/strawberry_ws/data/plant_views/plant_001) by extensions ['python_setup_py']
[0.806s] colcon.colcon_core.package_identification Level 1 _identify(/home/parallels/Forschsemrep/strawberry_ws/data/plant_views/plant_001) by extension 'python_setup_py'
[0.806s] colcon.colcon_core.package_identification Level 1 _identify(/home/parallels/Forschsemrep/strawberry_ws/data/plant_views/plant_002) by extensions ['ignore', 'ignore_ament_install']
[0.806s] colcon.colcon_core.package_identification Level 1 _identify(/home/parallels/Forschsemrep/strawberry_ws/data/plant_views/plant_002) by extension 'ignore'
[0.806s] colcon.colcon_core.package_identification Level 1 _identify(/home/parallels/Forschsemrep/strawberry_ws/data/plant_views/plant_002) by extension 'ignore_ament_install'
[0.806s] colcon.colcon_core.package_identification Level 1 _identify(/home/parallels/Forschsemrep/strawberry_ws/data/plant_views/plant_002) by extensions ['colcon_pkg']
[0.806s] colcon.colcon_core.package_identification Level 1 _identify(/home/parallels/Forschsemrep/strawberry_ws/data/plant_views/plant_002) by extension 'colcon_pkg'
[0.806s] colcon.colcon_core.package_identification Level 1 _identify(/home/parallels/Forschsemrep/strawberry_ws/data/plant_views/plant_002) by extensions ['colcon_meta']
[0.806s] colcon.colcon_core.package_identification Level 1 _identify(/home/parallels/Forschsemrep/strawberry_ws/data/plant_views/plant_002) by extension 'colcon_meta'
[0.806s] colcon.colcon_core.package_identification Level 1 _identify(/home/parallels/Forschsemrep/strawberry_ws/data/plant_views/plant_002) by extensions ['ros']
[0.806s] colcon.colcon_core.package_identification Level 1 _identify(/home/parallels/Forschsemrep/strawberry_ws/data/plant_views/plant_002) by extension 'ros'
[0.806s] colcon.colcon_core.package_identification Level 1 _identify(/home/parallels/Forschsemrep/strawberry_ws/data/plant_views/plant_002) by extensions ['cmake', 'python']
[0.806s] colcon.colcon_core.package_identification Level 1 _identify(/home/parallels/Forschsemrep/strawberry_ws/data/plant_views/plant_002) by extension 'cmake'
[0.807s] colcon.colcon_core.package_identification Level 1 _identify(/home/parallels/Forschsemrep/strawberry_ws/data/plant_views/plant_002) by extension 'python'
[0.807s] colcon.colcon_core.package_identification Level 1 _identify(/home/parallels/Forschsemrep/strawberry_ws/data/plant_views/plant_002) by extensions ['python_setup_py']
[0.807s] colcon.colcon_core.package_identification Level 1 _identify(/home/parallels/Forschsemrep/strawberry_ws/data/plant_views/plant_002) by extension 'python_setup_py'
[0.807s] colcon.colcon_core.package_identification Level 1 _identify(/home/parallels/Forschsemrep/strawberry_ws/data/plant_views/plant_003) by extensions ['ignore', 'ignore_ament_install']
[0.807s] colcon.colcon_core.package_identification Level 1 _identify(/home/parallels/Forschsemrep/strawberry_ws/data/plant_views/plant_003) by extension 'ignore'
[0.807s] colcon.colcon_core.package_identification Level 1 _identify(/home/parallels/Forschsemrep/strawberry_ws/data/plant_views/plant_003) by extension 'ignore_ament_install'
[0.807s] colcon.colcon_core.package_identification Level 1 _identify(/home/parallels/Forschsemrep/strawberry_ws/data/plant_views/plant_003) by extensions ['colcon_pkg']
[0.807s] colcon.colcon_core.package_identification Level 1 _identify(/home/parallels/Forschsemrep/strawberry_ws/data/plant_views/plant_003) by extension 'colcon_pkg'
[0.807s] colcon.colcon_core.package_identification Level 1 _identify(/home/parallels/Forschsemrep/strawberry_ws/data/plant_views/plant_003) by extensions ['colcon_meta']
[0.807s] colcon.colcon_core.package_identification Level 1 _identify(/home/parallels/Forschsemrep/strawberry_ws/data/plant_views/plant_003) by extension 'colcon_meta'
[0.807s] colcon.colcon_core.package_identification Level 1 _identify(/home/parallels/Forschsemrep/strawberry_ws/data/plant_views/plant_003) by extensions ['ros']
[0.807s] colcon.colcon_core.package_identification Level 1 _identify(/home/parallels/Forschsemrep/strawberry_ws/data/plant_views/plant_003) by extension 'ros'
[0.807s] colcon.colcon_core.package_identification Level 1 _identify(/home/parallels/Forschsemrep/strawberry_ws/data/plant_views/plant_003) by extensions ['cmake', 'python']
[0.807s] colcon.colcon_core.package_identification Level 1 _identify(/home/parallels/Forschsemrep/strawberry_ws/data/plant_views/plant_003) by extension 'cmake'
[0.807s] colcon.colcon_core.package_identification Level 1 _identify(/home/parallels/Forschsemrep/strawberry_ws/data/plant_views/plant_003) by extension 'python'
[0.807s] colcon.colcon_core.package_identification Level 1 _identify(/home/parallels/Forschsemrep/strawberry_ws/data/plant_views/plant_003) by extensions ['python_setup_py']
[0.807s] colcon.colcon_core.package_identification Level 1 _identify(/home/parallels/Forschsemrep/strawberry_ws/data/plant_views/plant_003) by extension 'python_setup_py'
[0.808s] colcon.colcon_core.package_identification Level 1 _identify(/home/parallels/Forschsemrep/strawberry_ws/data/plant_views/plant_004) by extensions ['ignore', 'ignore_ament_install']
[0.808s] colcon.colcon_core.package_identification Level 1 _identify(/home/parallels/Forschsemrep/strawberry_ws/data/plant_views/plant_004) by extension 'ignore'
[0.808s] colcon.colcon_core.package_identification Level 1 _identify(/home/parallels/Forschsemrep/strawberry_ws/data/plant_views/plant_004) by extension 'ignore_ament_install'
[0.808s] colcon.colcon_core.package_identification Level 1 _identify(/home/parallels/Forschsemrep/strawberry_ws/data/plant_views/plant_004) by extensions ['colcon_pkg']
[0.808s] colcon.colcon_core.package_identification Level 1 _identify(/home/parallels/Forschsemrep/strawberry_ws/data/plant_views/plant_004) by extension 'colcon_pkg'
[0.808s] colcon.colcon_core.package_identification Level 1 _identify(/home/parallels/Forschsemrep/strawberry_ws/data/plant_views/plant_004) by extensions ['colcon_meta']
[0.808s] colcon.colcon_core.package_identification Level 1 _identify(/home/parallels/Forschsemrep/strawberry_ws/data/plant_views/plant_004) by extension 'colcon_meta'
[0.808s] colcon.colcon_core.package_identification Level 1 _identify(/home/parallels/Forschsemrep/strawberry_ws/data/plant_views/plant_004) by extensions ['ros']
[0.808s] colcon.colcon_core.package_identification Level 1 _identify(/home/parallels/Forschsemrep/strawberry_ws/data/plant_views/plant_004) by extension 'ros'
[0.808s] colcon.colcon_core.package_identification Level 1 _identify(/home/parallels/Forschsemrep/strawberry_ws/data/plant_views/plant_004) by extensions ['cmake', 'python']
[0.808s] colcon.colcon_core.package_identification Level 1 _identify(/home/parallels/Forschsemrep/strawberry_ws/data/plant_views/plant_004) by extension 'cmake'
[0.808s] colcon.colcon_core.package_identification Level 1 _identify(/home/parallels/Forschsemrep/strawberry_ws/data/plant_views/plant_004) by extension 'python'
[0.808s] colcon.colcon_core.package_identification Level 1 _identify(/home/parallels/Forschsemrep/strawberry_ws/data/plant_views/plant_004) by extensions ['python_setup_py']
[0.808s] colcon.colcon_core.package_identification Level 1 _identify(/home/parallels/Forschsemrep/strawberry_ws/data/plant_views/plant_004) by extension 'python_setup_py'
[0.808s] colcon.colcon_core.package_identification Level 1 _identify(/home/parallels/Forschsemrep/strawberry_ws/data/plant_views/plant_005) by extensions ['ignore', 'ignore_ament_install']
[0.808s] colcon.colcon_core.package_identification Level 1 _identify(/home/parallels/Forschsemrep/strawberry_ws/data/plant_views/plant_005) by extension 'ignore'
[0.808s] colcon.colcon_core.package_identification Level 1 _identify(/home/parallels/Forschsemrep/strawberry_ws/data/plant_views/plant_005) by extension 'ignore_ament_install'
[0.809s] colcon.colcon_core.package_identification Level 1 _identify(/home/parallels/Forschsemrep/strawberry_ws/data/plant_views/plant_005) by extensions ['colcon_pkg']
[0.809s] colcon.colcon_core.package_identification Level 1 _identify(/home/parallels/Forschsemrep/strawberry_ws/data/plant_views/plant_005) by extension 'colcon_pkg'
[0.809s] colcon.colcon_core.package_identification Level 1 _identify(/home/parallels/Forschsemrep/strawberry_ws/data/plant_views/plant_005) by extensions ['colcon_meta']
[0.809s] colcon.colcon_core.package_identification Level 1 _identify(/home/parallels/Forschsemrep/strawberry_ws/data/plant_views/plant_005) by extension 'colcon_meta'
[0.809s] colcon.colcon_core.package_identification Level 1 _identify(/home/parallels/Forschsemrep/strawberry_ws/data/plant_views/plant_005) by extensions ['ros']
[0.809s] colcon.colcon_core.package_identification Level 1 _identify(/home/parallels/Forschsemrep/strawberry_ws/data/plant_views/plant_005) by extension 'ros'
[0.809s] colcon.colcon_core.package_identification Level 1 _identify(/home/parallels/Forschsemrep/strawberry_ws/data/plant_views/plant_005) by extensions ['cmake', 'python']
[0.809s] colcon.colcon_core.package_identification Level 1 _identify(/home/parallels/Forschsemrep/strawberry_ws/data/plant_views/plant_005) by extension 'cmake'
[0.809s] colcon.colcon_core.package_identification Level 1 _identify(/home/parallels/Forschsemrep/strawberry_ws/data/plant_views/plant_005) by extension 'python'
[0.809s] colcon.colcon_core.package_identification Level 1 _identify(/home/parallels/Forschsemrep/strawberry_ws/data/plant_views/plant_005) by extensions ['python_setup_py']
[0.809s] colcon.colcon_core.package_identification Level 1 _identify(/home/parallels/Forschsemrep/strawberry_ws/data/plant_views/plant_005) by extension 'python_setup_py'
[0.809s] colcon.colcon_core.package_identification Level 1 _identify(/home/parallels/Forschsemrep/strawberry_ws/data/plant_views/plant_006) by extensions ['ignore', 'ignore_ament_install']
[0.809s] colcon.colcon_core.package_identification Level 1 _identify(/home/parallels/Forschsemrep/strawberry_ws/data/plant_views/plant_006) by extension 'ignore'
[0.809s] colcon.colcon_core.package_identification Level 1 _identify(/home/parallels/Forschsemrep/strawberry_ws/data/plant_views/plant_006) by extension 'ignore_ament_install'
[0.809s] colcon.colcon_core.package_identification Level 1 _identify(/home/parallels/Forschsemrep/strawberry_ws/data/plant_views/plant_006) by extensions ['colcon_pkg']
[0.810s] colcon.colcon_core.package_identification Level 1 _identify(/home/parallels/Forschsemrep/strawberry_ws/data/plant_views/plant_006) by extension 'colcon_pkg'
[0.810s] colcon.colcon_core.package_identification Level 1 _identify(/home/parallels/Forschsemrep/strawberry_ws/data/plant_views/plant_006) by extensions ['colcon_meta']
[0.810s] colcon.colcon_core.package_identification Level 1 _identify(/home/parallels/Forschsemrep/strawberry_ws/data/plant_views/plant_006) by extension 'colcon_meta'
[0.810s] colcon.colcon_core.package_identification Level 1 _identify(/home/parallels/Forschsemrep/strawberry_ws/data/plant_views/plant_006) by extensions ['ros']
[0.810s] colcon.colcon_core.package_identification Level 1 _identify(/home/parallels/Forschsemrep/strawberry_ws/data/plant_views/plant_006) by extension 'ros'
[0.810s] colcon.colcon_core.package_identification Level 1 _identify(/home/parallels/Forschsemrep/strawberry_ws/data/plant_views/plant_006) by extensions ['cmake', 'python']
[0.810s] colcon.colcon_core.package_identification Level 1 _identify(/home/parallels/Forschsemrep/strawberry_ws/data/plant_views/plant_006) by extension 'cmake'
[0.811s] colcon.colcon_core.package_identification Level 1 _identify(/home/parallels/Forschsemrep/strawberry_ws/data/plant_views/plant_006) by extension 'python'
[0.811s] colcon.colcon_core.package_identification Level 1 _identify(/home/parallels/Forschsemrep/strawberry_ws/data/plant_views/plant_006) by extensions ['python_setup_py']
[0.811s] colcon.colcon_core.package_identification Level 1 _identify(/home/parallels/Forschsemrep/strawberry_ws/data/plant_views/plant_006) by extension 'python_setup_py'
[0.811s] colcon.colcon_core.package_identification Level 1 _identify(/home/parallels/Forschsemrep/strawberry_ws/data/plant_views/plant_007) by extensions ['ignore', 'ignore_ament_install']
[0.811s] colcon.colcon_core.package_identification Level 1 _identify(/home/parallels/Forschsemrep/strawberry_ws/data/plant_views/plant_007) by extension 'ignore'
[0.812s] colcon.colcon_core.package_identification Level 1 _identify(/home/parallels/Forschsemrep/strawberry_ws/data/plant_views/plant_007) by extension 'ignore_ament_install'
[0.812s] colcon.colcon_core.package_identification Level 1 _identify(/home/parallels/Forschsemrep/strawberry_ws/data/plant_views/plant_007) by extensions ['colcon_pkg']
[0.812s] colcon.colcon_core.package_identification Level 1 _identify(/home/parallels/Forschsemrep/strawberry_ws/data/plant_views/plant_007) by extension 'colcon_pkg'
[0.812s] colcon.colcon_core.package_identification Level 1 _identify(/home/parallels/Forschsemrep/strawberry_ws/data/plant_views/plant_007) by extensions ['colcon_meta']
[0.812s] colcon.colcon_core.package_identification Level 1 _identify(/home/parallels/Forschsemrep/strawberry_ws/data/plant_views/plant_007) by extension 'colcon_meta'
[0.812s] colcon.colcon_core.package_identification Level 1 _identify(/home/parallels/Forschsemrep/strawberry_ws/data/plant_views/plant_007) by extensions ['ros']
[0.812s] colcon.colcon_core.package_identification Level 1 _identify(/home/parallels/Forschsemrep/strawberry_ws/data/plant_views/plant_007) by extension 'ros'
[0.812s] colcon.colcon_core.package_identification Level 1 _identify(/home/parallels/Forschsemrep/strawberry_ws/data/plant_views/plant_007) by extensions ['cmake', 'python']
[0.813s] colcon.colcon_core.package_identification Level 1 _identify(/home/parallels/Forschsemrep/strawberry_ws/data/plant_views/plant_007) by extension 'cmake'
[0.813s] colcon.colcon_core.package_identification Level 1 _identify(/home/parallels/Forschsemrep/strawberry_ws/data/plant_views/plant_007) by extension 'python'
[0.813s] colcon.colcon_core.package_identification Level 1 _identify(/home/parallels/Forschsemrep/strawberry_ws/data/plant_views/plant_007) by extensions ['python_setup_py']
[0.813s] colcon.colcon_core.package_identification Level 1 _identify(/home/parallels/Forschsemrep/strawberry_ws/data/plant_views/plant_007) by extension 'python_setup_py'
[0.813s] colcon.colcon_core.package_identification Level 1 _identify(/home/parallels/Forschsemrep/strawberry_ws/data/plant_views/plant_008) by extensions ['ignore', 'ignore_ament_install']
[0.813s] colcon.colcon_core.package_identification Level 1 _identify(/home/parallels/Forschsemrep/strawberry_ws/data/plant_views/plant_008) by extension 'ignore'
[0.813s] colcon.colcon_core.package_identification Level 1 _identify(/home/parallels/Forschsemrep/strawberry_ws/data/plant_views/plant_008) by extension 'ignore_ament_install'
[0.813s] colcon.colcon_core.package_identification Level 1 _identify(/home/parallels/Forschsemrep/strawberry_ws/data/plant_views/plant_008) by extensions ['colcon_pkg']
[0.813s] colcon.colcon_core.package_identification Level 1 _identify(/home/parallels/Forschsemrep/strawberry_ws/data/plant_views/plant_008) by extension 'colcon_pkg'
[0.813s] colcon.colcon_core.package_identification Level 1 _identify(/home/parallels/Forschsemrep/strawberry_ws/data/plant_views/plant_008) by extensions ['colcon_meta']
[0.814s] colcon.colcon_core.package_identification Level 1 _identify(/home/parallels/Forschsemrep/strawberry_ws/data/plant_views/plant_008) by extension 'colcon_meta'
[0.814s] colcon.colcon_core.package_identification Level 1 _identify(/home/parallels/Forschsemrep/strawberry_ws/data/plant_views/plant_008) by extensions ['ros']
[0.814s] colcon.colcon_core.package_identification Level 1 _identify(/home/parallels/Forschsemrep/strawberry_ws/data/plant_views/plant_008) by extension 'ros'
[0.814s] colcon.colcon_core.package_identification Level 1 _identify(/home/parallels/Forschsemrep/strawberry_ws/data/plant_views/plant_008) by extensions ['cmake', 'python']
[0.814s] colcon.colcon_core.package_identification Level 1 _identify(/home/parallels/Forschsemrep/strawberry_ws/data/plant_views/plant_008) by extension 'cmake'
[0.814s] colcon.colcon_core.package_identification Level 1 _identify(/home/parallels/Forschsemrep/strawberry_ws/data/plant_views/plant_008) by extension 'python'
[0.814s] colcon.colcon_core.package_identification Level 1 _identify(/home/parallels/Forschsemrep/strawberry_ws/data/plant_views/plant_008) by extensions ['python_setup_py']
[0.814s] colcon.colcon_core.package_identification Level 1 _identify(/home/parallels/Forschsemrep/strawberry_ws/data/plant_views/plant_008) by extension 'python_setup_py'
[0.814s] colcon.colcon_core.package_identification Level 1 _identify(/home/parallels/Forschsemrep/strawberry_ws/data/plant_views/plant_009) by extensions ['ignore', 'ignore_ament_install']
[0.814s] colcon.colcon_core.package_identification Level 1 _identify(/home/parallels/Forschsemrep/strawberry_ws/data/plant_views/plant_009) by extension 'ignore'
[0.815s] colcon.colcon_core.package_identification Level 1 _identify(/home/parallels/Forschsemrep/strawberry_ws/data/plant_views/plant_009) by extension 'ignore_ament_install'
[0.815s] colcon.colcon_core.package_identification Level 1 _identify(/home/parallels/Forschsemrep/strawberry_ws/data/plant_views/plant_009) by extensions ['colcon_pkg']
[0.815s] colcon.colcon_core.package_identification Level 1 _identify(/home/parallels/Forschsemrep/strawberry_ws/data/plant_views/plant_009) by extension 'colcon_pkg'
[0.815s] colcon.colcon_core.package_identification Level 1 _identify(/home/parallels/Forschsemrep/strawberry_ws/data/plant_views/plant_009) by extensions ['colcon_meta']
[0.815s] colcon.colcon_core.package_identification Level 1 _identify(/home/parallels/Forschsemrep/strawberry_ws/data/plant_views/plant_009) by extension 'colcon_meta'
[0.815s] colcon.colcon_core.package_identification Level 1 _identify(/home/parallels/Forschsemrep/strawberry_ws/data/plant_views/plant_009) by extensions ['ros']
[0.815s] colcon.colcon_core.package_identification Level 1 _identify(/home/parallels/Forschsemrep/strawberry_ws/data/plant_views/plant_009) by extension 'ros'
[0.815s] colcon.colcon_core.package_identification Level 1 _identify(/home/parallels/Forschsemrep/strawberry_ws/data/plant_views/plant_009) by extensions ['cmake', 'python']
[0.815s] colcon.colcon_core.package_identification Level 1 _identify(/home/parallels/Forschsemrep/strawberry_ws/data/plant_views/plant_009) by extension 'cmake'
[0.815s] colcon.colcon_core.package_identification Level 1 _identify(/home/parallels/Forschsemrep/strawberry_ws/data/plant_views/plant_009) by extension 'python'
[0.815s] colcon.colcon_core.package_identification Level 1 _identify(/home/parallels/Forschsemrep/strawberry_ws/data/plant_views/plant_009) by extensions ['python_setup_py']
[0.816s] colcon.colcon_core.package_identification Level 1 _identify(/home/parallels/Forschsemrep/strawberry_ws/data/plant_views/plant_009) by extension 'python_setup_py'
[0.816s] colcon.colcon_core.package_identification Level 1 _identify(/home/parallels/Forschsemrep/strawberry_ws/data/plant_views/plant_010) by extensions ['ignore', 'ignore_ament_install']
[0.816s] colcon.colcon_core.package_identification Level 1 _identify(/home/parallels/Forschsemrep/strawberry_ws/data/plant_views/plant_010) by extension 'ignore'
[0.816s] colcon.colcon_core.package_identification Level 1 _identify(/home/parallels/Forschsemrep/strawberry_ws/data/plant_views/plant_010) by extension 'ignore_ament_install'
[0.816s] colcon.colcon_core.package_identification Level 1 _identify(/home/parallels/Forschsemrep/strawberry_ws/data/plant_views/plant_010) by extensions ['colcon_pkg']
[0.816s] colcon.colcon_core.package_identification Level 1 _identify(/home/parallels/Forschsemrep/strawberry_ws/data/plant_views/plant_010) by extension 'colcon_pkg'
[0.816s] colcon.colcon_core.package_identification Level 1 _identify(/home/parallels/Forschsemrep/strawberry_ws/data/plant_views/plant_010) by extensions ['colcon_meta']
[0.816s] colcon.colcon_core.package_identification Level 1 _identify(/home/parallels/Forschsemrep/strawberry_ws/data/plant_views/plant_010) by extension 'colcon_meta'
[0.816s] colcon.colcon_core.package_identification Level 1 _identify(/home/parallels/Forschsemrep/strawberry_ws/data/plant_views/plant_010) by extensions ['ros']
[0.816s] colcon.colcon_core.package_identification Level 1 _identify(/home/parallels/Forschsemrep/strawberry_ws/data/plant_views/plant_010) by extension 'ros'
[0.816s] colcon.colcon_core.package_identification Level 1 _identify(/home/parallels/Forschsemrep/strawberry_ws/data/plant_views/plant_010) by extensions ['cmake', 'python']
[0.816s] colcon.colcon_core.package_identification Level 1 _identify(/home/parallels/Forschsemrep/strawberry_ws/data/plant_views/plant_010) by extension 'cmake'
[0.817s] colcon.colcon_core.package_identification Level 1 _identify(/home/parallels/Forschsemrep/strawberry_ws/data/plant_views/plant_010) by extension 'python'
[0.817s] colcon.colcon_core.package_identification Level 1 _identify(/home/parallels/Forschsemrep/strawberry_ws/data/plant_views/plant_010) by extensions ['python_setup_py']
[0.817s] colcon.colcon_core.package_identification Level 1 _identify(/home/parallels/Forschsemrep/strawberry_ws/data/plant_views/plant_010) by extension 'python_setup_py'
[0.817s] colcon.colcon_core.package_identification Level 1 _identify(/home/parallels/Forschsemrep/strawberry_ws/data/plant_views/plant_011) by extensions ['ignore', 'ignore_ament_install']
[0.817s] colcon.colcon_core.package_identification Level 1 _identify(/home/parallels/Forschsemrep/strawberry_ws/data/plant_views/plant_011) by extension 'ignore'
[0.817s] colcon.colcon_core.package_identification Level 1 _identify(/home/parallels/Forschsemrep/strawberry_ws/data/plant_views/plant_011) by extension 'ignore_ament_install'
[0.817s] colcon.colcon_core.package_identification Level 1 _identify(/home/parallels/Forschsemrep/strawberry_ws/data/plant_views/plant_011) by extensions ['colcon_pkg']
[0.817s] colcon.colcon_core.package_identification Level 1 _identify(/home/parallels/Forschsemrep/strawberry_ws/data/plant_views/plant_011) by extension 'colcon_pkg'
[0.817s] colcon.colcon_core.package_identification Level 1 _identify(/home/parallels/Forschsemrep/strawberry_ws/data/plant_views/plant_011) by extensions ['colcon_meta']
[0.818s] colcon.colcon_core.package_identification Level 1 _identify(/home/parallels/Forschsemrep/strawberry_ws/data/plant_views/plant_011) by extension 'colcon_meta'
[0.818s] colcon.colcon_core.package_identification Level 1 _identify(/home/parallels/Forschsemrep/strawberry_ws/data/plant_views/plant_011) by extensions ['ros']
[0.818s] colcon.colcon_core.package_identification Level 1 _identify(/home/parallels/Forschsemrep/strawberry_ws/data/plant_views/plant_011) by extension 'ros'
[0.818s] colcon.colcon_core.package_identification Level 1 _identify(/home/parallels/Forschsemrep/strawberry_ws/data/plant_views/plant_011) by extensions ['cmake', 'python']
[0.818s] colcon.colcon_core.package_identification Level 1 _identify(/home/parallels/Forschsemrep/strawberry_ws/data/plant_views/plant_011) by extension 'cmake'
[0.818s] colcon.colcon_core.package_identification Level 1 _identify(/home/parallels/Forschsemrep/strawberry_ws/data/plant_views/plant_011) by extension 'python'
[0.818s] colcon.colcon_core.package_identification Level 1 _identify(/home/parallels/Forschsemrep/strawberry_ws/data/plant_views/plant_011) by extensions ['python_setup_py']
[0.818s] colcon.colcon_core.package_identification Level 1 _identify(/home/parallels/Forschsemrep/strawberry_ws/data/plant_views/plant_011) by extension 'python_setup_py'
[0.818s] colcon.colcon_core.package_identification Level 1 _identify(/home/parallels/Forschsemrep/strawberry_ws/data/plant_views/plant_012) by extensions ['ignore', 'ignore_ament_install']
[0.819s] colcon.colcon_core.package_identification Level 1 _identify(/home/parallels/Forschsemrep/strawberry_ws/data/plant_views/plant_012) by extension 'ignore'
[0.819s] colcon.colcon_core.package_identification Level 1 _identify(/home/parallels/Forschsemrep/strawberry_ws/data/plant_views/plant_012) by extension 'ignore_ament_install'
[0.819s] colcon.colcon_core.package_identification Level 1 _identify(/home/parallels/Forschsemrep/strawberry_ws/data/plant_views/plant_012) by extensions ['colcon_pkg']
[0.819s] colcon.colcon_core.package_identification Level 1 _identify(/home/parallels/Forschsemrep/strawberry_ws/data/plant_views/plant_012) by extension 'colcon_pkg'
[0.819s] colcon.colcon_core.package_identification Level 1 _identify(/home/parallels/Forschsemrep/strawberry_ws/data/plant_views/plant_012) by extensions ['colcon_meta']
[0.819s] colcon.colcon_core.package_identification Level 1 _identify(/home/parallels/Forschsemrep/strawberry_ws/data/plant_views/plant_012) by extension 'colcon_meta'
[0.819s] colcon.colcon_core.package_identification Level 1 _identify(/home/parallels/Forschsemrep/strawberry_ws/data/plant_views/plant_012) by extensions ['ros']
[0.819s] colcon.colcon_core.package_identification Level 1 _identify(/home/parallels/Forschsemrep/strawberry_ws/data/plant_views/plant_012) by extension 'ros'
[0.820s] colcon.colcon_core.package_identification Level 1 _identify(/home/parallels/Forschsemrep/strawberry_ws/data/plant_views/plant_012) by extensions ['cmake', 'python']
[0.820s] colcon.colcon_core.package_identification Level 1 _identify(/home/parallels/Forschsemrep/strawberry_ws/data/plant_views/plant_012) by extension 'cmake'
[0.820s] colcon.colcon_core.package_identification Level 1 _identify(/home/parallels/Forschsemrep/strawberry_ws/data/plant_views/plant_012) by extension 'python'
[0.820s] colcon.colcon_core.package_identification Level 1 _identify(/home/parallels/Forschsemrep/strawberry_ws/data/plant_views/plant_012) by extensions ['python_setup_py']
[0.820s] colcon.colcon_core.package_identification Level 1 _identify(/home/parallels/Forschsemrep/strawberry_ws/data/plant_views/plant_012) by extension 'python_setup_py'
[0.820s] colcon.colcon_core.package_identification Level 1 _identify(/home/parallels/Forschsemrep/strawberry_ws/data/plant_views/plant_013) by extensions ['ignore', 'ignore_ament_install']
[0.821s] colcon.colcon_core.package_identification Level 1 _identify(/home/parallels/Forschsemrep/strawberry_ws/data/plant_views/plant_013) by extension 'ignore'
[0.821s] colcon.colcon_core.package_identification Level 1 _identify(/home/parallels/Forschsemrep/strawberry_ws/data/plant_views/plant_013) by extension 'ignore_ament_install'
[0.821s] colcon.colcon_core.package_identification Level 1 _identify(/home/parallels/Forschsemrep/strawberry_ws/data/plant_views/plant_013) by extensions ['colcon_pkg']
[0.821s] colcon.colcon_core.package_identification Level 1 _identify(/home/parallels/Forschsemrep/strawberry_ws/data/plant_views/plant_013) by extension 'colcon_pkg'
[0.821s] colcon.colcon_core.package_identification Level 1 _identify(/home/parallels/Forschsemrep/strawberry_ws/data/plant_views/plant_013) by extensions ['colcon_meta']
[0.821s] colcon.colcon_core.package_identification Level 1 _identify(/home/parallels/Forschsemrep/strawberry_ws/data/plant_views/plant_013) by extension 'colcon_meta'
[0.821s] colcon.colcon_core.package_identification Level 1 _identify(/home/parallels/Forschsemrep/strawberry_ws/data/plant_views/plant_013) by extensions ['ros']
[0.821s] colcon.colcon_core.package_identification Level 1 _identify(/home/parallels/Forschsemrep/strawberry_ws/data/plant_views/plant_013) by extension 'ros'
[0.821s] colcon.colcon_core.package_identification Level 1 _identify(/home/parallels/Forschsemrep/strawberry_ws/data/plant_views/plant_013) by extensions ['cmake', 'python']
[0.821s] colcon.colcon_core.package_identification Level 1 _identify(/home/parallels/Forschsemrep/strawberry_ws/data/plant_views/plant_013) by extension 'cmake'
[0.821s] colcon.colcon_core.package_identification Level 1 _identify(/home/parallels/Forschsemrep/strawberry_ws/data/plant_views/plant_013) by extension 'python'
[0.821s] colcon.colcon_core.package_identification Level 1 _identify(/home/parallels/Forschsemrep/strawberry_ws/data/plant_views/plant_013) by extensions ['python_setup_py']
[0.821s] colcon.colcon_core.package_identification Level 1 _identify(/home/parallels/Forschsemrep/strawberry_ws/data/plant_views/plant_013) by extension 'python_setup_py'
[0.821s] colcon.colcon_core.package_identification Level 1 _identify(/home/parallels/Forschsemrep/strawberry_ws/data/plant_views/plant_014) by extensions ['ignore', 'ignore_ament_install']
[0.821s] colcon.colcon_core.package_identification Level 1 _identify(/home/parallels/Forschsemrep/strawberry_ws/data/plant_views/plant_014) by extension 'ignore'
[0.822s] colcon.colcon_core.package_identification Level 1 _identify(/home/parallels/Forschsemrep/strawberry_ws/data/plant_views/plant_014) by extension 'ignore_ament_install'
[0.822s] colcon.colcon_core.package_identification Level 1 _identify(/home/parallels/Forschsemrep/strawberry_ws/data/plant_views/plant_014) by extensions ['colcon_pkg']
[0.822s] colcon.colcon_core.package_identification Level 1 _identify(/home/parallels/Forschsemrep/strawberry_ws/data/plant_views/plant_014) by extension 'colcon_pkg'
[0.822s] colcon.colcon_core.package_identification Level 1 _identify(/home/parallels/Forschsemrep/strawberry_ws/data/plant_views/plant_014) by extensions ['colcon_meta']
[0.822s] colcon.colcon_core.package_identification Level 1 _identify(/home/parallels/Forschsemrep/strawberry_ws/data/plant_views/plant_014) by extension 'colcon_meta'
[0.822s] colcon.colcon_core.package_identification Level 1 _identify(/home/parallels/Forschsemrep/strawberry_ws/data/plant_views/plant_014) by extensions ['ros']
[0.822s] colcon.colcon_core.package_identification Level 1 _identify(/home/parallels/Forschsemrep/strawberry_ws/data/plant_views/plant_014) by extension 'ros'
[0.822s] colcon.colcon_core.package_identification Level 1 _identify(/home/parallels/Forschsemrep/strawberry_ws/data/plant_views/plant_014) by extensions ['cmake', 'python']
[0.822s] colcon.colcon_core.package_identification Level 1 _identify(/home/parallels/Forschsemrep/strawberry_ws/data/plant_views/plant_014) by extension 'cmake'
[0.822s] colcon.colcon_core.package_identification Level 1 _identify(/home/parallels/Forschsemrep/strawberry_ws/data/plant_views/plant_014) by extension 'python'
[0.822s] colcon.colcon_core.package_identification Level 1 _identify(/home/parallels/Forschsemrep/strawberry_ws/data/plant_views/plant_014) by extensions ['python_setup_py']
[0.822s] colcon.colcon_core.package_identification Level 1 _identify(/home/parallels/Forschsemrep/strawberry_ws/data/plant_views/plant_014) by extension 'python_setup_py'
[0.822s] colcon.colcon_core.package_identification Level 1 _identify(/home/parallels/Forschsemrep/strawberry_ws/data/plant_views/plant_015) by extensions ['ignore', 'ignore_ament_install']
[0.822s] colcon.colcon_core.package_identification Level 1 _identify(/home/parallels/Forschsemrep/strawberry_ws/data/plant_views/plant_015) by extension 'ignore'
[0.822s] colcon.colcon_core.package_identification Level 1 _identify(/home/parallels/Forschsemrep/strawberry_ws/data/plant_views/plant_015) by extension 'ignore_ament_install'
[0.822s] colcon.colcon_core.package_identification Level 1 _identify(/home/parallels/Forschsemrep/strawberry_ws/data/plant_views/plant_015) by extensions ['colcon_pkg']
[0.822s] colcon.colcon_core.package_identification Level 1 _identify(/home/parallels/Forschsemrep/strawberry_ws/data/plant_views/plant_015) by extension 'colcon_pkg'
[0.823s] colcon.colcon_core.package_identification Level 1 _identify(/home/parallels/Forschsemrep/strawberry_ws/data/plant_views/plant_015) by extensions ['colcon_meta']
[0.823s] colcon.colcon_core.package_identification Level 1 _identify(/home/parallels/Forschsemrep/strawberry_ws/data/plant_views/plant_015) by extension 'colcon_meta'
[0.823s] colcon.colcon_core.package_identification Level 1 _identify(/home/parallels/Forschsemrep/strawberry_ws/data/plant_views/plant_015) by extensions ['ros']
[0.823s] colcon.colcon_core.package_identification Level 1 _identify(/home/parallels/Forschsemrep/strawberry_ws/data/plant_views/plant_015) by extension 'ros'
[0.823s] colcon.colcon_core.package_identification Level 1 _identify(/home/parallels/Forschsemrep/strawberry_ws/data/plant_views/plant_015) by extensions ['cmake', 'python']
[0.823s] colcon.colcon_core.package_identification Level 1 _identify(/home/parallels/Forschsemrep/strawberry_ws/data/plant_views/plant_015) by extension 'cmake'
[0.823s] colcon.colcon_core.package_identification Level 1 _identify(/home/parallels/Forschsemrep/strawberry_ws/data/plant_views/plant_015) by extension 'python'
[0.823s] colcon.colcon_core.package_identification Level 1 _identify(/home/parallels/Forschsemrep/strawberry_ws/data/plant_views/plant_015) by extensions ['python_setup_py']
[0.823s] colcon.colcon_core.package_identification Level 1 _identify(/home/parallels/Forschsemrep/strawberry_ws/data/plant_views/plant_015) by extension 'python_setup_py'
[0.823s] colcon.colcon_core.package_identification Level 1 _identify(/home/parallels/Forschsemrep/strawberry_ws/data/plant_views/plant_016) by extensions ['ignore', 'ignore_ament_install']
[0.823s] colcon.colcon_core.package_identification Level 1 _identify(/home/parallels/Forschsemrep/strawberry_ws/data/plant_views/plant_016) by extension 'ignore'
[0.824s] colcon.colcon_core.package_identification Level 1 _identify(/home/parallels/Forschsemrep/strawberry_ws/data/plant_views/plant_016) by extension 'ignore_ament_install'
[0.824s] colcon.colcon_core.package_identification Level 1 _identify(/home/parallels/Forschsemrep/strawberry_ws/data/plant_views/plant_016) by extensions ['colcon_pkg']
[0.824s] colcon.colcon_core.package_identification Level 1 _identify(/home/parallels/Forschsemrep/strawberry_ws/data/plant_views/plant_016) by extension 'colcon_pkg'
[0.824s] colcon.colcon_core.package_identification Level 1 _identify(/home/parallels/Forschsemrep/strawberry_ws/data/plant_views/plant_016) by extensions ['colcon_meta']
[0.824s] colcon.colcon_core.package_identification Level 1 _identify(/home/parallels/Forschsemrep/strawberry_ws/data/plant_views/plant_016) by extension 'colcon_meta'
[0.824s] colcon.colcon_core.package_identification Level 1 _identify(/home/parallels/Forschsemrep/strawberry_ws/data/plant_views/plant_016) by extensions ['ros']
[0.824s] colcon.colcon_core.package_identification Level 1 _identify(/home/parallels/Forschsemrep/strawberry_ws/data/plant_views/plant_016) by extension 'ros'
[0.824s] colcon.colcon_core.package_identification Level 1 _identify(/home/parallels/Forschsemrep/strawberry_ws/data/plant_views/plant_016) by extensions ['cmake', 'python']
[0.824s] colcon.colcon_core.package_identification Level 1 _identify(/home/parallels/Forschsemrep/strawberry_ws/data/plant_views/plant_016) by extension 'cmake'
[0.824s] colcon.colcon_core.package_identification Level 1 _identify(/home/parallels/Forschsemrep/strawberry_ws/data/plant_views/plant_016) by extension 'python'
[0.824s] colcon.colcon_core.package_identification Level 1 _identify(/home/parallels/Forschsemrep/strawberry_ws/data/plant_views/plant_016) by extensions ['python_setup_py']
[0.824s] colcon.colcon_core.package_identification Level 1 _identify(/home/parallels/Forschsemrep/strawberry_ws/data/plant_views/plant_016) by extension 'python_setup_py'
[0.825s] colcon.colcon_core.package_identification Level 1 _identify(/home/parallels/Forschsemrep/strawberry_ws/data/plant_views/plant_017) by extensions ['ignore', 'ignore_ament_install']
[0.825s] colcon.colcon_core.package_identification Level 1 _identify(/home/parallels/Forschsemrep/strawberry_ws/data/plant_views/plant_017) by extension 'ignore'
[0.825s] colcon.colcon_core.package_identification Level 1 _identify(/home/parallels/Forschsemrep/strawberry_ws/data/plant_views/plant_017) by extension 'ignore_ament_install'
[0.825s] colcon.colcon_core.package_identification Level 1 _identify(/home/parallels/Forschsemrep/strawberry_ws/data/plant_views/plant_017) by extensions ['colcon_pkg']
[0.825s] colcon.colcon_core.package_identification Level 1 _identify(/home/parallels/Forschsemrep/strawberry_ws/data/plant_views/plant_017) by extension 'colcon_pkg'
[0.825s] colcon.colcon_core.package_identification Level 1 _identify(/home/parallels/Forschsemrep/strawberry_ws/data/plant_views/plant_017) by extensions ['colcon_meta']
[0.825s] colcon.colcon_core.package_identification Level 1 _identify(/home/parallels/Forschsemrep/strawberry_ws/data/plant_views/plant_017) by extension 'colcon_meta'
[0.825s] colcon.colcon_core.package_identification Level 1 _identify(/home/parallels/Forschsemrep/strawberry_ws/data/plant_views/plant_017) by extensions ['ros']
[0.825s] colcon.colcon_core.package_identification Level 1 _identify(/home/parallels/Forschsemrep/strawberry_ws/data/plant_views/plant_017) by extension 'ros'
[0.826s] colcon.colcon_core.package_identification Level 1 _identify(/home/parallels/Forschsemrep/strawberry_ws/data/plant_views/plant_017) by extensions ['cmake', 'python']
[0.826s] colcon.colcon_core.package_identification Level 1 _identify(/home/parallels/Forschsemrep/strawberry_ws/data/plant_views/plant_017) by extension 'cmake'
[0.826s] colcon.colcon_core.package_identification Level 1 _identify(/home/parallels/Forschsemrep/strawberry_ws/data/plant_views/plant_017) by extension 'python'
[0.826s] colcon.colcon_core.package_identification Level 1 _identify(/home/parallels/Forschsemrep/strawberry_ws/data/plant_views/plant_017) by extensions ['python_setup_py']
[0.826s] colcon.colcon_core.package_identification Level 1 _identify(/home/parallels/Forschsemrep/strawberry_ws/data/plant_views/plant_017) by extension 'python_setup_py'
[0.826s] colcon.colcon_core.package_identification Level 1 _identify(/home/parallels/Forschsemrep/strawberry_ws/data/plant_views/plant_018) by extensions ['ignore', 'ignore_ament_install']
[0.826s] colcon.colcon_core.package_identification Level 1 _identify(/home/parallels/Forschsemrep/strawberry_ws/data/plant_views/plant_018) by extension 'ignore'
[0.827s] colcon.colcon_core.package_identification Level 1 _identify(/home/parallels/Forschsemrep/strawberry_ws/data/plant_views/plant_018) by extension 'ignore_ament_install'
[0.827s] colcon.colcon_core.package_identification Level 1 _identify(/home/parallels/Forschsemrep/strawberry_ws/data/plant_views/plant_018) by extensions ['colcon_pkg']
[0.827s] colcon.colcon_core.package_identification Level 1 _identify(/home/parallels/Forschsemrep/strawberry_ws/data/plant_views/plant_018) by extension 'colcon_pkg'
[0.827s] colcon.colcon_core.package_identification Level 1 _identify(/home/parallels/Forschsemrep/strawberry_ws/data/plant_views/plant_018) by extensions ['colcon_meta']
[0.827s] colcon.colcon_core.package_identification Level 1 _identify(/home/parallels/Forschsemrep/strawberry_ws/data/plant_views/plant_018) by extension 'colcon_meta'
[0.827s] colcon.colcon_core.package_identification Level 1 _identify(/home/parallels/Forschsemrep/strawberry_ws/data/plant_views/plant_018) by extensions ['ros']
[0.827s] colcon.colcon_core.package_identification Level 1 _identify(/home/parallels/Forschsemrep/strawberry_ws/data/plant_views/plant_018) by extension 'ros'
[0.828s] colcon.colcon_core.package_identification Level 1 _identify(/home/parallels/Forschsemrep/strawberry_ws/data/plant_views/plant_018) by extensions ['cmake', 'python']
[0.828s] colcon.colcon_core.package_identification Level 1 _identify(/home/parallels/Forschsemrep/strawberry_ws/data/plant_views/plant_018) by extension 'cmake'
[0.828s] colcon.colcon_core.package_identification Level 1 _identify(/home/parallels/Forschsemrep/strawberry_ws/data/plant_views/plant_018) by extension 'python'
[0.828s] colcon.colcon_core.package_identification Level 1 _identify(/home/parallels/Forschsemrep/strawberry_ws/data/plant_views/plant_018) by extensions ['python_setup_py']
[0.828s] colcon.colcon_core.package_identification Level 1 _identify(/home/parallels/Forschsemrep/strawberry_ws/data/plant_views/plant_018) by extension 'python_setup_py'
[0.828s] colcon.colcon_core.package_identification Level 1 _identify(/home/parallels/Forschsemrep/strawberry_ws/data/plant_views/plant_019) by extensions ['ignore', 'ignore_ament_install']
[0.828s] colcon.colcon_core.package_identification Level 1 _identify(/home/parallels/Forschsemrep/strawberry_ws/data/plant_views/plant_019) by extension 'ignore'
[0.829s] colcon.colcon_core.package_identification Level 1 _identify(/home/parallels/Forschsemrep/strawberry_ws/data/plant_views/plant_019) by extension 'ignore_ament_install'
[0.829s] colcon.colcon_core.package_identification Level 1 _identify(/home/parallels/Forschsemrep/strawberry_ws/data/plant_views/plant_019) by extensions ['colcon_pkg']
[0.829s] colcon.colcon_core.package_identification Level 1 _identify(/home/parallels/Forschsemrep/strawberry_ws/data/plant_views/plant_019) by extension 'colcon_pkg'
[0.829s] colcon.colcon_core.package_identification Level 1 _identify(/home/parallels/Forschsemrep/strawberry_ws/data/plant_views/plant_019) by extensions ['colcon_meta']
[0.829s] colcon.colcon_core.package_identification Level 1 _identify(/home/parallels/Forschsemrep/strawberry_ws/data/plant_views/plant_019) by extension 'colcon_meta'
[0.829s] colcon.colcon_core.package_identification Level 1 _identify(/home/parallels/Forschsemrep/strawberry_ws/data/plant_views/plant_019) by extensions ['ros']
[0.829s] colcon.colcon_core.package_identification Level 1 _identify(/home/parallels/Forschsemrep/strawberry_ws/data/plant_views/plant_019) by extension 'ros'
[0.829s] colcon.colcon_core.package_identification Level 1 _identify(/home/parallels/Forschsemrep/strawberry_ws/data/plant_views/plant_019) by extensions ['cmake', 'python']
[0.829s] colcon.colcon_core.package_identification Level 1 _identify(/home/parallels/Forschsemrep/strawberry_ws/data/plant_views/plant_019) by extension 'cmake'
[0.829s] colcon.colcon_core.package_identification Level 1 _identify(/home/parallels/Forschsemrep/strawberry_ws/data/plant_views/plant_019) by extension 'python'
[0.829s] colcon.colcon_core.package_identification Level 1 _identify(/home/parallels/Forschsemrep/strawberry_ws/data/plant_views/plant_019) by extensions ['python_setup_py']
[0.829s] colcon.colcon_core.package_identification Level 1 _identify(/home/parallels/Forschsemrep/strawberry_ws/data/plant_views/plant_019) by extension 'python_setup_py'
[0.830s] colcon.colcon_core.package_identification Level 1 _identify(/home/parallels/Forschsemrep/strawberry_ws/data/plant_views/plant_020) by extensions ['ignore', 'ignore_ament_install']
[0.830s] colcon.colcon_core.package_identification Level 1 _identify(/home/parallels/Forschsemrep/strawberry_ws/data/plant_views/plant_020) by extension 'ignore'
[0.830s] colcon.colcon_core.package_identification Level 1 _identify(/home/parallels/Forschsemrep/strawberry_ws/data/plant_views/plant_020) by extension 'ignore_ament_install'
[0.830s] colcon.colcon_core.package_identification Level 1 _identify(/home/parallels/Forschsemrep/strawberry_ws/data/plant_views/plant_020) by extensions ['colcon_pkg']
[0.830s] colcon.colcon_core.package_identification Level 1 _identify(/home/parallels/Forschsemrep/strawberry_ws/data/plant_views/plant_020) by extension 'colcon_pkg'
[0.830s] colcon.colcon_core.package_identification Level 1 _identify(/home/parallels/Forschsemrep/strawberry_ws/data/plant_views/plant_020) by extensions ['colcon_meta']
[0.830s] colcon.colcon_core.package_identification Level 1 _identify(/home/parallels/Forschsemrep/strawberry_ws/data/plant_views/plant_020) by extension 'colcon_meta'
[0.831s] colcon.colcon_core.package_identification Level 1 _identify(/home/parallels/Forschsemrep/strawberry_ws/data/plant_views/plant_020) by extensions ['ros']
[0.831s] colcon.colcon_core.package_identification Level 1 _identify(/home/parallels/Forschsemrep/strawberry_ws/data/plant_views/plant_020) by extension 'ros'
[0.831s] colcon.colcon_core.package_identification Level 1 _identify(/home/parallels/Forschsemrep/strawberry_ws/data/plant_views/plant_020) by extensions ['cmake', 'python']
[0.831s] colcon.colcon_core.package_identification Level 1 _identify(/home/parallels/Forschsemrep/strawberry_ws/data/plant_views/plant_020) by extension 'cmake'
[0.831s] colcon.colcon_core.package_identification Level 1 _identify(/home/parallels/Forschsemrep/strawberry_ws/data/plant_views/plant_020) by extension 'python'
[0.831s] colcon.colcon_core.package_identification Level 1 _identify(/home/parallels/Forschsemrep/strawberry_ws/data/plant_views/plant_020) by extensions ['python_setup_py']
[0.831s] colcon.colcon_core.package_identification Level 1 _identify(/home/parallels/Forschsemrep/strawberry_ws/data/plant_views/plant_020) by extension 'python_setup_py'
[0.831s] colcon.colcon_core.package_identification Level 1 _identify(/home/parallels/Forschsemrep/strawberry_ws/data/test_depth) by extensions ['ignore', 'ignore_ament_install']
[0.831s] colcon.colcon_core.package_identification Level 1 _identify(/home/parallels/Forschsemrep/strawberry_ws/data/test_depth) by extension 'ignore'
[0.831s] colcon.colcon_core.package_identification Level 1 _identify(/home/parallels/Forschsemrep/strawberry_ws/data/test_depth) by extension 'ignore_ament_install'
[0.831s] colcon.colcon_core.package_identification Level 1 _identify(/home/parallels/Forschsemrep/strawberry_ws/data/test_depth) by extensions ['colcon_pkg']
[0.832s] colcon.colcon_core.package_identification Level 1 _identify(/home/parallels/Forschsemrep/strawberry_ws/data/test_depth) by extension 'colcon_pkg'
[0.832s] colcon.colcon_core.package_identification Level 1 _identify(/home/parallels/Forschsemrep/strawberry_ws/data/test_depth) by extensions ['colcon_meta']
[0.832s] colcon.colcon_core.package_identification Level 1 _identify(/home/parallels/Forschsemrep/strawberry_ws/data/test_depth) by extension 'colcon_meta'
[0.832s] colcon.colcon_core.package_identification Level 1 _identify(/home/parallels/Forschsemrep/strawberry_ws/data/test_depth) by extensions ['ros']
[0.832s] colcon.colcon_core.package_identification Level 1 _identify(/home/parallels/Forschsemrep/strawberry_ws/data/test_depth) by extension 'ros'
[0.832s] colcon.colcon_core.package_identification Level 1 _identify(/home/parallels/Forschsemrep/strawberry_ws/data/test_depth) by extensions ['cmake', 'python']
[0.832s] colcon.colcon_core.package_identification Level 1 _identify(/home/parallels/Forschsemrep/strawberry_ws/data/test_depth) by extension 'cmake'
[0.832s] colcon.colcon_core.package_identification Level 1 _identify(/home/parallels/Forschsemrep/strawberry_ws/data/test_depth) by extension 'python'
[0.832s] colcon.colcon_core.package_identification Level 1 _identify(/home/parallels/Forschsemrep/strawberry_ws/data/test_depth) by extensions ['python_setup_py']
[0.833s] colcon.colcon_core.package_identification Level 1 _identify(/home/parallels/Forschsemrep/strawberry_ws/data/test_depth) by extension 'python_setup_py'
[0.833s] colcon.colcon_core.package_identification Level 1 _identify(/home/parallels/Forschsemrep/strawberry_ws/data/test_rgb) by extensions ['ignore', 'ignore_ament_install']
[0.833s] colcon.colcon_core.package_identification Level 1 _identify(/home/parallels/Forschsemrep/strawberry_ws/data/test_rgb) by extension 'ignore'
[0.833s] colcon.colcon_core.package_identification Level 1 _identify(/home/parallels/Forschsemrep/strawberry_ws/data/test_rgb) by extension 'ignore_ament_install'
[0.833s] colcon.colcon_core.package_identification Level 1 _identify(/home/parallels/Forschsemrep/strawberry_ws/data/test_rgb) by extensions ['colcon_pkg']
[0.833s] colcon.colcon_core.package_identification Level 1 _identify(/home/parallels/Forschsemrep/strawberry_ws/data/test_rgb) by extension 'colcon_pkg'
[0.833s] colcon.colcon_core.package_identification Level 1 _identify(/home/parallels/Forschsemrep/strawberry_ws/data/test_rgb) by extensions ['colcon_meta']
[0.834s] colcon.colcon_core.package_identification Level 1 _identify(/home/parallels/Forschsemrep/strawberry_ws/data/test_rgb) by extension 'colcon_meta'
[0.834s] colcon.colcon_core.package_identification Level 1 _identify(/home/parallels/Forschsemrep/strawberry_ws/data/test_rgb) by extensions ['ros']
[0.834s] colcon.colcon_core.package_identification Level 1 _identify(/home/parallels/Forschsemrep/strawberry_ws/data/test_rgb) by extension 'ros'
[0.834s] colcon.colcon_core.package_identification Level 1 _identify(/home/parallels/Forschsemrep/strawberry_ws/data/test_rgb) by extensions ['cmake', 'python']
[0.834s] colcon.colcon_core.package_identification Level 1 _identify(/home/parallels/Forschsemrep/strawberry_ws/data/test_rgb) by extension 'cmake'
[0.835s] colcon.colcon_core.package_identification Level 1 _identify(/home/parallels/Forschsemrep/strawberry_ws/data/test_rgb) by extension 'python'
[0.835s] colcon.colcon_core.package_identification Level 1 _identify(/home/parallels/Forschsemrep/strawberry_ws/data/test_rgb) by extensions ['python_setup_py']
[0.835s] colcon.colcon_core.package_identification Level 1 _identify(/home/parallels/Forschsemrep/strawberry_ws/data/test_rgb) by extension 'python_setup_py'
[0.835s] colcon.colcon_core.package_identification Level 1 _identify(/home/parallels/Forschsemrep/strawberry_ws/env) by extensions ['ignore', 'ignore_ament_install']
[0.835s] colcon.colcon_core.package_identification Level 1 _identify(/home/parallels/Forschsemrep/strawberry_ws/env) by extension 'ignore'
[0.835s] colcon.colcon_core.package_identification Level 1 _identify(/home/parallels/Forschsemrep/strawberry_ws/env) by extension 'ignore_ament_install'
[0.835s] colcon.colcon_core.package_identification Level 1 _identify(/home/parallels/Forschsemrep/strawberry_ws/env) by extensions ['colcon_pkg']
[0.836s] colcon.colcon_core.package_identification Level 1 _identify(/home/parallels/Forschsemrep/strawberry_ws/env) by extension 'colcon_pkg'
[0.836s] colcon.colcon_core.package_identification Level 1 _identify(/home/parallels/Forschsemrep/strawberry_ws/env) by extensions ['colcon_meta']
[0.836s] colcon.colcon_core.package_identification Level 1 _identify(/home/parallels/Forschsemrep/strawberry_ws/env) by extension 'colcon_meta'
[0.836s] colcon.colcon_core.package_identification Level 1 _identify(/home/parallels/Forschsemrep/strawberry_ws/env) by extensions ['ros']
[0.836s] colcon.colcon_core.package_identification Level 1 _identify(/home/parallels/Forschsemrep/strawberry_ws/env) by extension 'ros'
[0.836s] colcon.colcon_core.package_identification Level 1 _identify(/home/parallels/Forschsemrep/strawberry_ws/env) by extensions ['cmake', 'python']
[0.836s] colcon.colcon_core.package_identification Level 1 _identify(/home/parallels/Forschsemrep/strawberry_ws/env) by extension 'cmake'
[0.836s] colcon.colcon_core.package_identification Level 1 _identify(/home/parallels/Forschsemrep/strawberry_ws/env) by extension 'python'
[0.836s] colcon.colcon_core.package_identification Level 1 _identify(/home/parallels/Forschsemrep/strawberry_ws/env) by extensions ['python_setup_py']
[0.837s] colcon.colcon_core.package_identification Level 1 _identify(/home/parallels/Forschsemrep/strawberry_ws/env) by extension 'python_setup_py'
[0.837s] colcon.colcon_core.package_identification Level 1 _identify(/home/parallels/Forschsemrep/strawberry_ws/install) by extensions ['ignore', 'ignore_ament_install']
[0.837s] colcon.colcon_core.package_identification Level 1 _identify(/home/parallels/Forschsemrep/strawberry_ws/install) by extension 'ignore'
[0.837s] colcon.colcon_core.package_identification Level 1 _identify(/home/parallels/Forschsemrep/strawberry_ws/install) ignored
[0.837s] colcon.colcon_core.package_identification Level 1 _identify(/home/parallels/Forschsemrep/strawberry_ws/log) by extensions ['ignore', 'ignore_ament_install']
[0.838s] colcon.colcon_core.package_identification Level 1 _identify(/home/parallels/Forschsemrep/strawberry_ws/log) by extension 'ignore'
[0.838s] colcon.colcon_core.package_identification Level 1 _identify(/home/parallels/Forschsemrep/strawberry_ws/log) ignored
[0.838s] colcon.colcon_core.package_identification Level 1 _identify(/home/parallels/Forschsemrep/strawberry_ws/src) by extensions ['ignore', 'ignore_ament_install']
[0.838s] colcon.colcon_core.package_identification Level 1 _identify(/home/parallels/Forschsemrep/strawberry_ws/src) by extension 'ignore'
[0.838s] colcon.colcon_core.package_identification Level 1 _identify(/home/parallels/Forschsemrep/strawberry_ws/src) by extension 'ignore_ament_install'
[0.838s] colcon.colcon_core.package_identification Level 1 _identify(/home/parallels/Forschsemrep/strawberry_ws/src) by extensions ['colcon_pkg']
[0.838s] colcon.colcon_core.package_identification Level 1 _identify(/home/parallels/Forschsemrep/strawberry_ws/src) by extension 'colcon_pkg'
[0.838s] colcon.colcon_core.package_identification Level 1 _identify(/home/parallels/Forschsemrep/strawberry_ws/src) by extensions ['colcon_meta']
[0.838s] colcon.colcon_core.package_identification Level 1 _identify(/home/parallels/Forschsemrep/strawberry_ws/src) by extension 'colcon_meta'
[0.838s] colcon.colcon_core.package_identification Level 1 _identify(/home/parallels/Forschsemrep/strawberry_ws/src) by extensions ['ros']
[0.839s] colcon.colcon_core.package_identification Level 1 _identify(/home/parallels/Forschsemrep/strawberry_ws/src) by extension 'ros'
[0.839s] colcon.colcon_core.package_identification Level 1 _identify(/home/parallels/Forschsemrep/strawberry_ws/src) by extensions ['cmake', 'python']
[0.839s] colcon.colcon_core.package_identification Level 1 _identify(/home/parallels/Forschsemrep/strawberry_ws/src) by extension 'cmake'
[0.839s] colcon.colcon_core.package_identification Level 1 _identify(/home/parallels/Forschsemrep/strawberry_ws/src) by extension 'python'
[0.839s] colcon.colcon_core.package_identification Level 1 _identify(/home/parallels/Forschsemrep/strawberry_ws/src) by extensions ['python_setup_py']
[0.839s] colcon.colcon_core.package_identification Level 1 _identify(/home/parallels/Forschsemrep/strawberry_ws/src) by extension 'python_setup_py'
[0.839s] colcon.colcon_core.package_identification Level 1 _identify(/home/parallels/Forschsemrep/strawberry_ws/src/meca500_ros2) by extensions ['ignore', 'ignore_ament_install']
[0.839s] colcon.colcon_core.package_identification Level 1 _identify(/home/parallels/Forschsemrep/strawberry_ws/src/meca500_ros2) by extension 'ignore'
[0.839s] colcon.colcon_core.package_identification Level 1 _identify(/home/parallels/Forschsemrep/strawberry_ws/src/meca500_ros2) by extension 'ignore_ament_install'
[0.839s] colcon.colcon_core.package_identification Level 1 _identify(/home/parallels/Forschsemrep/strawberry_ws/src/meca500_ros2) by extensions ['colcon_pkg']
[0.839s] colcon.colcon_core.package_identification Level 1 _identify(/home/parallels/Forschsemrep/strawberry_ws/src/meca500_ros2) by extension 'colcon_pkg'
[0.839s] colcon.colcon_core.package_identification Level 1 _identify(/home/parallels/Forschsemrep/strawberry_ws/src/meca500_ros2) by extensions ['colcon_meta']
[0.839s] colcon.colcon_core.package_identification Level 1 _identify(/home/parallels/Forschsemrep/strawberry_ws/src/meca500_ros2) by extension 'colcon_meta'
[0.839s] colcon.colcon_core.package_identification Level 1 _identify(/home/parallels/Forschsemrep/strawberry_ws/src/meca500_ros2) by extensions ['ros']
[0.840s] colcon.colcon_core.package_identification Level 1 _identify(/home/parallels/Forschsemrep/strawberry_ws/src/meca500_ros2) by extension 'ros'
[0.843s] colcon.colcon_core.package_identification DEBUG Package '/home/parallels/Forschsemrep/strawberry_ws/src/meca500_ros2' with type 'ros.ament_python' and name 'meca500_ros2'
[0.844s] colcon.colcon_core.package_identification Level 1 _identify(/home/parallels/Forschsemrep/strawberry_ws/src/strawberry_bringup) by extensions ['ignore', 'ignore_ament_install']
[0.844s] colcon.colcon_core.package_identification Level 1 _identify(/home/parallels/Forschsemrep/strawberry_ws/src/strawberry_bringup) by extension 'ignore'
[0.844s] colcon.colcon_core.package_identification Level 1 _identify(/home/parallels/Forschsemrep/strawberry_ws/src/strawberry_bringup) by extension 'ignore_ament_install'
[0.844s] colcon.colcon_core.package_identification Level 1 _identify(/home/parallels/Forschsemrep/strawberry_ws/src/strawberry_bringup) by extensions ['colcon_pkg']
[0.844s] colcon.colcon_core.package_identification Level 1 _identify(/home/parallels/Forschsemrep/strawberry_ws/src/strawberry_bringup) by extension 'colcon_pkg'
[0.844s] colcon.colcon_core.package_identification Level 1 _identify(/home/parallels/Forschsemrep/strawberry_ws/src/strawberry_bringup) by extensions ['colcon_meta']
[0.844s] colcon.colcon_core.package_identification Level 1 _identify(/home/parallels/Forschsemrep/strawberry_ws/src/strawberry_bringup) by extension 'colcon_meta'
[0.844s] colcon.colcon_core.package_identification Level 1 _identify(/home/parallels/Forschsemrep/strawberry_ws/src/strawberry_bringup) by extensions ['ros']
[0.844s] colcon.colcon_core.package_identification Level 1 _identify(/home/parallels/Forschsemrep/strawberry_ws/src/strawberry_bringup) by extension 'ros'
[0.845s] colcon.colcon_core.package_identification DEBUG Package '/home/parallels/Forschsemrep/strawberry_ws/src/strawberry_bringup' with type 'ros.ament_python' and name 'strawberry_bringup'
[0.845s] colcon.colcon_core.package_identification Level 1 _identify(/home/parallels/Forschsemrep/strawberry_ws/src/strawberry_camera) by extensions ['ignore', 'ignore_ament_install']
[0.845s] colcon.colcon_core.package_identification Level 1 _identify(/home/parallels/Forschsemrep/strawberry_ws/src/strawberry_camera) by extension 'ignore'
[0.846s] colcon.colcon_core.package_identification Level 1 _identify(/home/parallels/Forschsemrep/strawberry_ws/src/strawberry_camera) by extension 'ignore_ament_install'
[0.846s] colcon.colcon_core.package_identification Level 1 _identify(/home/parallels/Forschsemrep/strawberry_ws/src/strawberry_camera) by extensions ['colcon_pkg']
[0.846s] colcon.colcon_core.package_identification Level 1 _identify(/home/parallels/Forschsemrep/strawberry_ws/src/strawberry_camera) by extension 'colcon_pkg'
[0.846s] colcon.colcon_core.package_identification Level 1 _identify(/home/parallels/Forschsemrep/strawberry_ws/src/strawberry_camera) by extensions ['colcon_meta']
[0.846s] colcon.colcon_core.package_identification Level 1 _identify(/home/parallels/Forschsemrep/strawberry_ws/src/strawberry_camera) by extension 'colcon_meta'
[0.846s] colcon.colcon_core.package_identification Level 1 _identify(/home/parallels/Forschsemrep/strawberry_ws/src/strawberry_camera) by extensions ['ros']
[0.846s] colcon.colcon_core.package_identification Level 1 _identify(/home/parallels/Forschsemrep/strawberry_ws/src/strawberry_camera) by extension 'ros'
[0.847s] colcon.colcon_core.package_identification DEBUG Package '/home/parallels/Forschsemrep/strawberry_ws/src/strawberry_camera' with type 'ros.ament_python' and name 'strawberry_camera'
[0.847s] colcon.colcon_core.package_identification Level 1 _identify(/home/parallels/Forschsemrep/strawberry_ws/src/strawberry_cluster) by extensions ['ignore', 'ignore_ament_install']
[0.847s] colcon.colcon_core.package_identification Level 1 _identify(/home/parallels/Forschsemrep/strawberry_ws/src/strawberry_cluster) by extension 'ignore'
[0.847s] colcon.colcon_core.package_identification Level 1 _identify(/home/parallels/Forschsemrep/strawberry_ws/src/strawberry_cluster) by extension 'ignore_ament_install'
[0.847s] colcon.colcon_core.package_identification Level 1 _identify(/home/parallels/Forschsemrep/strawberry_ws/src/strawberry_cluster) by extensions ['colcon_pkg']
[0.847s] colcon.colcon_core.package_identification Level 1 _identify(/home/parallels/Forschsemrep/strawberry_ws/src/strawberry_cluster) by extension 'colcon_pkg'
[0.847s] colcon.colcon_core.package_identification Level 1 _identify(/home/parallels/Forschsemrep/strawberry_ws/src/strawberry_cluster) by extensions ['colcon_meta']
[0.847s] colcon.colcon_core.package_identification Level 1 _identify(/home/parallels/Forschsemrep/strawberry_ws/src/strawberry_cluster) by extension 'colcon_meta'
[0.847s] colcon.colcon_core.package_identification Level 1 _identify(/home/parallels/Forschsemrep/strawberry_ws/src/strawberry_cluster) by extensions ['ros']
[0.847s] colcon.colcon_core.package_identification Level 1 _identify(/home/parallels/Forschsemrep/strawberry_ws/src/strawberry_cluster) by extension 'ros'
[0.848s] colcon.colcon_core.package_identification DEBUG Package '/home/parallels/Forschsemrep/strawberry_ws/src/strawberry_cluster' with type 'ros.ament_python' and name 'strawberry_cluster'
[0.848s] colcon.colcon_core.package_identification Level 1 _identify(/home/parallels/Forschsemrep/strawberry_ws/src/strawberry_msgs) by extensions ['ignore', 'ignore_ament_install']
[0.848s] colcon.colcon_core.package_identification Level 1 _identify(/home/parallels/Forschsemrep/strawberry_ws/src/strawberry_msgs) by extension 'ignore'
[0.848s] colcon.colcon_core.package_identification Level 1 _identify(/home/parallels/Forschsemrep/strawberry_ws/src/strawberry_msgs) by extension 'ignore_ament_install'
[0.849s] colcon.colcon_core.package_identification Level 1 _identify(/home/parallels/Forschsemrep/strawberry_ws/src/strawberry_msgs) by extensions ['colcon_pkg']
[0.849s] colcon.colcon_core.package_identification Level 1 _identify(/home/parallels/Forschsemrep/strawberry_ws/src/strawberry_msgs) by extension 'colcon_pkg'
[0.849s] colcon.colcon_core.package_identification Level 1 _identify(/home/parallels/Forschsemrep/strawberry_ws/src/strawberry_msgs) by extensions ['colcon_meta']
[0.849s] colcon.colcon_core.package_identification Level 1 _identify(/home/parallels/Forschsemrep/strawberry_ws/src/strawberry_msgs) by extension 'colcon_meta'
[0.849s] colcon.colcon_core.package_identification Level 1 _identify(/home/parallels/Forschsemrep/strawberry_ws/src/strawberry_msgs) by extensions ['ros']
[0.849s] colcon.colcon_core.package_identification Level 1 _identify(/home/parallels/Forschsemrep/strawberry_ws/src/strawberry_msgs) by extension 'ros'
[0.850s] colcon.colcon_core.package_identification DEBUG Package '/home/parallels/Forschsemrep/strawberry_ws/src/strawberry_msgs' with type 'ros.ament_cmake' and name 'strawberry_msgs'
[0.850s] colcon.colcon_core.package_identification Level 1 _identify(/home/parallels/Forschsemrep/strawberry_ws/src/strawberry_segmentation) by extensions ['ignore', 'ignore_ament_install']
[0.851s] colcon.colcon_core.package_identification Level 1 _identify(/home/parallels/Forschsemrep/strawberry_ws/src/strawberry_segmentation) by extension 'ignore'
[0.851s] colcon.colcon_core.package_identification Level 1 _identify(/home/parallels/Forschsemrep/strawberry_ws/src/strawberry_segmentation) by extension 'ignore_ament_install'
[0.851s] colcon.colcon_core.package_identification Level 1 _identify(/home/parallels/Forschsemrep/strawberry_ws/src/strawberry_segmentation) by extensions ['colcon_pkg']
[0.851s] colcon.colcon_core.package_identification Level 1 _identify(/home/parallels/Forschsemrep/strawberry_ws/src/strawberry_segmentation) by extension 'colcon_pkg'
[0.851s] colcon.colcon_core.package_identification Level 1 _identify(/home/parallels/Forschsemrep/strawberry_ws/src/strawberry_segmentation) by extensions ['colcon_meta']
[0.851s] colcon.colcon_core.package_identification Level 1 _identify(/home/parallels/Forschsemrep/strawberry_ws/src/strawberry_segmentation) by extension 'colcon_meta'
[0.851s] colcon.colcon_core.package_identification Level 1 _identify(/home/parallels/Forschsemrep/strawberry_ws/src/strawberry_segmentation) by extensions ['ros']
[0.851s] colcon.colcon_core.package_identification Level 1 _identify(/home/parallels/Forschsemrep/strawberry_ws/src/strawberry_segmentation) by extension 'ros'
[0.852s] colcon.colcon_core.package_identification DEBUG Package '/home/parallels/Forschsemrep/strawberry_ws/src/strawberry_segmentation' with type 'ros.ament_python' and name 'strawberry_segmentation'
[0.852s] colcon.colcon_core.package_discovery Level 1 discover_packages(recursive) using defaults
