running egg_info
writing ../../build/strawberry_camera/strawberry_camera.egg-info/PKG-INFO
writing dependency_links to ../../build/strawberry_camera/strawberry_camera.egg-info/dependency_links.txt
writing entry points to ../../build/strawberry_camera/strawberry_camera.egg-info/entry_points.txt
writing requirements to ../../build/strawberry_camera/strawberry_camera.egg-info/requires.txt
writing top-level names to ../../build/strawberry_camera/strawberry_camera.egg-info/top_level.txt
reading manifest file '../../build/strawberry_camera/strawberry_camera.egg-info/SOURCES.txt'
writing manifest file '../../build/strawberry_camera/strawberry_camera.egg-info/SOURCES.txt'
running build
running build_py
running install
running install_lib
running install_data
running install_egg_info
removing '/home/parallels/Forschsemrep/strawberry_ws/install/strawberry_camera/lib/python3.10/site-packages/strawberry_camera-0.0.1-py3.10.egg-info' (and everything under it)
Copying ../../build/strawberry_camera/strawberry_camera.egg-info to /home/parallels/Forschsemrep/strawberry_ws/install/strawberry_camera/lib/python3.10/site-packages/strawberry_camera-0.0.1-py3.10.egg-info
running install_scripts
Installing camera_dummy script to /home/parallels/Forschsemrep/strawberry_ws/install/strawberry_camera/lib/strawberry_camera
Installing camera_folder script to /home/parallels/Forschsemrep/strawberry_ws/install/strawberry_camera/lib/strawberry_camera
writing list of installed files to '/home/parallels/Forschsemrep/strawberry_ws/build/strawberry_camera/install.log'
