[2.394s] Invoking command in '/home/parallels/Forschsemrep/strawberry_ws/src/strawberry_camera': PYTHONPATH=/home/parallels/Forschsemrep/strawberry_ws/build/strawberry_camera/prefix_override:/usr/lib/python3/dist-packages/colcon_core/task/python/colcon_distutils_commands:/home/parallels/Forschsemrep/strawberry_ws/install/strawberry_camera/lib/python3.10/site-packages:${PYTHONPATH} /usr/bin/python3 -W ignore:setup.py install is deprecated -W ignore:easy_install command is deprecated setup.py egg_info --egg-base ../../build/strawberry_camera build --build-base /home/parallels/Forschsemrep/strawberry_ws/build/strawberry_camera/build install --record /home/parallels/Forschsemrep/strawberry_ws/build/strawberry_camera/install.log --single-version-externally-managed install_data
[2.851s] running egg_info
[2.854s] writing ../../build/strawberry_camera/strawberry_camera.egg-info/PKG-INFO
[2.854s] writing dependency_links to ../../build/strawberry_camera/strawberry_camera.egg-info/dependency_links.txt
[2.854s] writing entry points to ../../build/strawberry_camera/strawberry_camera.egg-info/entry_points.txt
[2.854s] writing requirements to ../../build/strawberry_camera/strawberry_camera.egg-info/requires.txt
[2.855s] writing top-level names to ../../build/strawberry_camera/strawberry_camera.egg-info/top_level.txt
[2.857s] reading manifest file '../../build/strawberry_camera/strawberry_camera.egg-info/SOURCES.txt'
[2.857s] writing manifest file '../../build/strawberry_camera/strawberry_camera.egg-info/SOURCES.txt'
[2.858s] running build
[2.858s] running build_py
[2.858s] running install
[2.858s] running install_lib
[2.859s] running install_data
[2.860s] running install_egg_info
[2.861s] removing '/home/parallels/Forschsemrep/strawberry_ws/install/strawberry_camera/lib/python3.10/site-packages/strawberry_camera-0.0.1-py3.10.egg-info' (and everything under it)
[2.864s] Copying ../../build/strawberry_camera/strawberry_camera.egg-info to /home/parallels/Forschsemrep/strawberry_ws/install/strawberry_camera/lib/python3.10/site-packages/strawberry_camera-0.0.1-py3.10.egg-info
[2.864s] running install_scripts
[2.888s] Installing camera_dummy script to /home/parallels/Forschsemrep/strawberry_ws/install/strawberry_camera/lib/strawberry_camera
[2.889s] Installing camera_folder script to /home/parallels/Forschsemrep/strawberry_ws/install/strawberry_camera/lib/strawberry_camera
[2.890s] writing list of installed files to '/home/parallels/Forschsemrep/strawberry_ws/build/strawberry_camera/install.log'
[3.064s] Invoked command in '/home/parallels/Forschsemrep/strawberry_ws/src/strawberry_camera' returned '0': PYTHONPATH=/home/parallels/Forschsemrep/strawberry_ws/build/strawberry_camera/prefix_override:/usr/lib/python3/dist-packages/colcon_core/task/python/colcon_distutils_commands:/home/parallels/Forschsemrep/strawberry_ws/install/strawberry_camera/lib/python3.10/site-packages:${PYTHONPATH} /usr/bin/python3 -W ignore:setup.py install is deprecated -W ignore:easy_install command is deprecated setup.py egg_info --egg-base ../../build/strawberry_camera build --build-base /home/parallels/Forschsemrep/strawberry_ws/build/strawberry_camera/build install --record /home/parallels/Forschsemrep/strawberry_ws/build/strawberry_camera/install.log --single-version-externally-managed install_data
