running egg_info
creating ../build/strawberry_cluster/strawberry_cluster.egg-info
writing ../build/strawberry_cluster/strawberry_cluster.egg-info/PKG-INFO
writing dependency_links to ../build/strawberry_cluster/strawberry_cluster.egg-info/dependency_links.txt
writing entry points to ../build/strawberry_cluster/strawberry_cluster.egg-info/entry_points.txt
writing requirements to ../build/strawberry_cluster/strawberry_cluster.egg-info/requires.txt
writing top-level names to ../build/strawberry_cluster/strawberry_cluster.egg-info/top_level.txt
writing manifest file '../build/strawberry_cluster/strawberry_cluster.egg-info/SOURCES.txt'
reading manifest file '../build/strawberry_cluster/strawberry_cluster.egg-info/SOURCES.txt'
writing manifest file '../build/strawberry_cluster/strawberry_cluster.egg-info/SOURCES.txt'
running build
running build_py
creating /home/parallels/Forschsemrep/strawberry_ws/build/strawberry_cluster/build
creating /home/parallels/Forschsemrep/strawberry_ws/build/strawberry_cluster/build/lib
creating /home/parallels/Forschsemrep/strawberry_ws/build/strawberry_cluster/build/lib/strawberry_cluster
copying strawberry_cluster/strawberry_cluster_node.py -> /home/parallels/Forschsemrep/strawberry_ws/build/strawberry_cluster/build/lib/strawberry_cluster
copying strawberry_cluster/__init__.py -> /home/parallels/Forschsemrep/strawberry_ws/build/strawberry_cluster/build/lib/strawberry_cluster
running install
running install_lib
creating /home/parallels/Forschsemrep/strawberry_ws/install/strawberry_cluster/lib/python3.10/site-packages/strawberry_cluster
copying /home/parallels/Forschsemrep/strawberry_ws/build/strawberry_cluster/build/lib/strawberry_cluster/strawberry_cluster_node.py -> /home/parallels/Forschsemrep/strawberry_ws/install/strawberry_cluster/lib/python3.10/site-packages/strawberry_cluster
copying /home/parallels/Forschsemrep/strawberry_ws/build/strawberry_cluster/build/lib/strawberry_cluster/__init__.py -> /home/parallels/Forschsemrep/strawberry_ws/install/strawberry_cluster/lib/python3.10/site-packages/strawberry_cluster
byte-compiling /home/parallels/Forschsemrep/strawberry_ws/install/strawberry_cluster/lib/python3.10/site-packages/strawberry_cluster/strawberry_cluster_node.py to strawberry_cluster_node.cpython-310.pyc
byte-compiling /home/parallels/Forschsemrep/strawberry_ws/install/strawberry_cluster/lib/python3.10/site-packages/strawberry_cluster/__init__.py to __init__.cpython-310.pyc
running install_data
creating /home/parallels/Forschsemrep/strawberry_ws/install/strawberry_cluster/share/ament_index
creating /home/parallels/Forschsemrep/strawberry_ws/install/strawberry_cluster/share/ament_index/resource_index
creating /home/parallels/Forschsemrep/strawberry_ws/install/strawberry_cluster/share/ament_index/resource_index/packages
copying resource/strawberry_cluster -> /home/parallels/Forschsemrep/strawberry_ws/install/strawberry_cluster/share/ament_index/resource_index/packages
copying package.xml -> /home/parallels/Forschsemrep/strawberry_ws/install/strawberry_cluster/share/strawberry_cluster
running install_egg_info
Copying ../build/strawberry_cluster/strawberry_cluster.egg-info to /home/parallels/Forschsemrep/strawberry_ws/install/strawberry_cluster/lib/python3.10/site-packages/strawberry_cluster-0.0.1-py3.10.egg-info
running install_scripts
Installing strawberry_cluster script to /home/parallels/Forschsemrep/strawberry_ws/install/strawberry_cluster/lib/strawberry_cluster
writing list of installed files to '/home/parallels/Forschsemrep/strawberry_ws/build/strawberry_cluster/install.log'
