running develop
running egg_info
writing strawberry_segmentation.egg-info/PKG-INFO
writing dependency_links to strawberry_segmentation.egg-info/dependency_links.txt
writing entry points to strawberry_segmentation.egg-info/entry_points.txt
writing requirements to strawberry_segmentation.egg-info/requires.txt
writing top-level names to strawberry_segmentation.egg-info/top_level.txt
reading manifest file 'strawberry_segmentation.egg-info/SOURCES.txt'
writing manifest file 'strawberry_segmentation.egg-info/SOURCES.txt'
running build_ext
Creating /home/parallels/Forschsemrep/strawberry_ws/install/strawberry_segmentation/lib/python3.10/site-packages/strawberry-segmentation.egg-link (link to .)
Installing depth_mask script to /home/parallels/Forschsemrep/strawberry_ws/install/strawberry_segmentation/lib/strawberry_segmentation
Installing seg_ultra script to /home/parallels/Forschsemrep/strawberry_ws/install/strawberry_segmentation/lib/strawberry_segmentation
Installing strawberry_features script to /home/parallels/Forschsemrep/strawberry_ws/install/strawberry_segmentation/lib/strawberry_segmentation
Installing strawberry_selected_overlay script to /home/parallels/Forschsemrep/strawberry_ws/install/strawberry_segmentation/lib/strawberry_segmentation

Installed /home/parallels/Forschsemrep/strawberry_ws/build/strawberry_segmentation
running symlink_data
symbolically linking /home/parallels/Forschsemrep/strawberry_ws/build/strawberry_segmentation/resource/strawberry_segmentation -> /home/parallels/Forschsemrep/strawberry_ws/install/strawberry_segmentation/share/ament_index/resource_index/packages
symbolically linking /home/parallels/Forschsemrep/strawberry_ws/build/strawberry_segmentation/package.xml -> /home/parallels/Forschsemrep/strawberry_ws/install/strawberry_segmentation/share/strawberry_segmentation
symbolically linking /home/parallels/Forschsemrep/strawberry_ws/build/strawberry_segmentation/strawberry_segmentation/models/best.pt -> /home/parallels/Forschsemrep/strawberry_ws/install/strawberry_segmentation/share/strawberry_segmentation/models
