[0.997s] Invoking command in '/home/parallels/Forschsemrep/strawberry_ws/build/strawberry_segmentation': PYTHONPATH=/home/parallels/Forschsemrep/strawberry_ws/build/strawberry_segmentation/prefix_override:/usr/lib/python3/dist-packages/colcon_core/task/python/colcon_distutils_commands:/home/parallels/Forschsemrep/strawberry_ws/install/strawberry_segmentation/lib/python3.10/site-packages:${PYTHONPATH} /usr/bin/python3 -W ignore:setup.py install is deprecated -W ignore:easy_install command is deprecated setup.py develop --editable --build-directory /home/parallels/Forschsemrep/strawberry_ws/build/strawberry_segmentation/build --no-deps symlink_data --force
[1.819s] running develop
[2.335s] running egg_info
[2.335s] writing strawberry_segmentation.egg-info/PKG-INFO
[2.336s] writing dependency_links to strawberry_segmentation.egg-info/dependency_links.txt
[2.339s] writing entry points to strawberry_segmentation.egg-info/entry_points.txt
[2.339s] writing requirements to strawberry_segmentation.egg-info/requires.txt
[2.339s] writing top-level names to strawberry_segmentation.egg-info/top_level.txt
[2.341s] reading manifest file 'strawberry_segmentation.egg-info/SOURCES.txt'
[2.346s] writing manifest file 'strawberry_segmentation.egg-info/SOURCES.txt'
[2.351s] running build_ext
[2.352s] Creating /home/parallels/Forschsemrep/strawberry_ws/install/strawberry_segmentation/lib/python3.10/site-packages/strawberry-segmentation.egg-link (link to .)
[2.356s] Installing depth_mask script to /home/parallels/Forschsemrep/strawberry_ws/install/strawberry_segmentation/lib/strawberry_segmentation
[2.357s] Installing seg_ultra script to /home/parallels/Forschsemrep/strawberry_ws/install/strawberry_segmentation/lib/strawberry_segmentation
[2.357s] Installing strawberry_features script to /home/parallels/Forschsemrep/strawberry_ws/install/strawberry_segmentation/lib/strawberry_segmentation
[2.357s] Installing strawberry_selected_overlay script to /home/parallels/Forschsemrep/strawberry_ws/install/strawberry_segmentation/lib/strawberry_segmentation
[2.357s] 
[2.357s] Installed /home/parallels/Forschsemrep/strawberry_ws/build/strawberry_segmentation
[2.357s] running symlink_data
[2.357s] symbolically linking /home/parallels/Forschsemrep/strawberry_ws/build/strawberry_segmentation/resource/strawberry_segmentation -> /home/parallels/Forschsemrep/strawberry_ws/install/strawberry_segmentation/share/ament_index/resource_index/packages
[2.357s] symbolically linking /home/parallels/Forschsemrep/strawberry_ws/build/strawberry_segmentation/package.xml -> /home/parallels/Forschsemrep/strawberry_ws/install/strawberry_segmentation/share/strawberry_segmentation
[2.357s] symbolically linking /home/parallels/Forschsemrep/strawberry_ws/build/strawberry_segmentation/strawberry_segmentation/models/best.pt -> /home/parallels/Forschsemrep/strawberry_ws/install/strawberry_segmentation/share/strawberry_segmentation/models
