[0.815s] Invoking command in '/home/parallels/Forschsemrep/strawberry_ws/src/strawberry_segmentation': PYTHONPATH=/home/parallels/Forschsemrep/strawberry_ws/build/strawberry_segmentation/prefix_override:/usr/lib/python3/dist-packages/colcon_core/task/python/colcon_distutils_commands:/home/parallels/Forschsemrep/strawberry_ws/install/strawberry_segmentation/lib/python3.10/site-packages:${PYTHONPATH} /usr/bin/python3 -W ignore:setup.py install is deprecated -W ignore:easy_install command is deprecated setup.py egg_info --egg-base ../../build/strawberry_segmentation build --build-base /home/parallels/Forschsemrep/strawberry_ws/build/strawberry_segmentation/build install --record /home/parallels/Forschsemrep/strawberry_ws/build/strawberry_segmentation/install.log --single-version-externally-managed install_data
[1.109s] running egg_info
[1.110s] writing ../../build/strawberry_segmentation/strawberry_segmentation.egg-info/PKG-INFO
[1.111s] writing dependency_links to ../../build/strawberry_segmentation/strawberry_segmentation.egg-info/dependency_links.txt
[1.111s] writing entry points to ../../build/strawberry_segmentation/strawberry_segmentation.egg-info/entry_points.txt
[1.111s] writing requirements to ../../build/strawberry_segmentation/strawberry_segmentation.egg-info/requires.txt
[1.111s] writing top-level names to ../../build/strawberry_segmentation/strawberry_segmentation.egg-info/top_level.txt
[1.114s] reading manifest file '../../build/strawberry_segmentation/strawberry_segmentation.egg-info/SOURCES.txt'
[1.116s] writing manifest file '../../build/strawberry_segmentation/strawberry_segmentation.egg-info/SOURCES.txt'
[1.116s] running build
[1.116s] running build_py
[1.116s] copying strawberry_segmentation/seg_ultra_node.py -> /home/parallels/Forschsemrep/strawberry_ws/build/strawberry_segmentation/build/lib/strawberry_segmentation
[1.116s] running install
[1.117s] running install_lib
[1.118s] copying /home/parallels/Forschsemrep/strawberry_ws/build/strawberry_segmentation/build/lib/strawberry_segmentation/seg_ultra_node.py -> /home/parallels/Forschsemrep/strawberry_ws/install/strawberry_segmentation/lib/python3.10/site-packages/strawberry_segmentation
[1.119s] byte-compiling /home/parallels/Forschsemrep/strawberry_ws/install/strawberry_segmentation/lib/python3.10/site-packages/strawberry_segmentation/seg_ultra_node.py to seg_ultra_node.cpython-310.pyc
[1.121s] running install_data
[1.121s] running install_egg_info
[1.124s] removing '/home/parallels/Forschsemrep/strawberry_ws/install/strawberry_segmentation/lib/python3.10/site-packages/strawberry_segmentation-0.0.1-py3.10.egg-info' (and everything under it)
[1.125s] Copying ../../build/strawberry_segmentation/strawberry_segmentation.egg-info to /home/parallels/Forschsemrep/strawberry_ws/install/strawberry_segmentation/lib/python3.10/site-packages/strawberry_segmentation-0.0.1-py3.10.egg-info
[1.125s] running install_scripts
[1.151s] Installing seg_onnx script to /home/parallels/Forschsemrep/strawberry_ws/install/strawberry_segmentation/lib/strawberry_segmentation
[1.151s] Installing seg_ultra script to /home/parallels/Forschsemrep/strawberry_ws/install/strawberry_segmentation/lib/strawberry_segmentation
[1.151s] writing list of installed files to '/home/parallels/Forschsemrep/strawberry_ws/build/strawberry_segmentation/install.log'
[1.184s] Invoked command in '/home/parallels/Forschsemrep/strawberry_ws/src/strawberry_segmentation' returned '0': PYTHONPATH=/home/parallels/Forschsemrep/strawberry_ws/build/strawberry_segmentation/prefix_override:/usr/lib/python3/dist-packages/colcon_core/task/python/colcon_distutils_commands:/home/parallels/Forschsemrep/strawberry_ws/install/strawberry_segmentation/lib/python3.10/site-packages:${PYTHONPATH} /usr/bin/python3 -W ignore:setup.py install is deprecated -W ignore:easy_install command is deprecated setup.py egg_info --egg-base ../../build/strawberry_segmentation build --build-base /home/parallels/Forschsemrep/strawberry_ws/build/strawberry_segmentation/build install --record /home/parallels/Forschsemrep/strawberry_ws/build/strawberry_segmentation/install.log --single-version-externally-managed install_data
