running develop
Removing /home/parallels/Forschsemrep/strawberry_ws/install/strawberry_camera/lib/python3.10/site-packages/strawberry-camera.egg-link (link to .)
running egg_info
writing ../../build/strawberry_camera/strawberry_camera.egg-info/PKG-INFO
writing dependency_links to ../../build/strawberry_camera/strawberry_camera.egg-info/dependency_links.txt
writing entry points to ../../build/strawberry_camera/strawberry_camera.egg-info/entry_points.txt
writing requirements to ../../build/strawberry_camera/strawberry_camera.egg-info/requires.txt
writing top-level names to ../../build/strawberry_camera/strawberry_camera.egg-info/top_level.txt
reading manifest file '../../build/strawberry_camera/strawberry_camera.egg-info/SOURCES.txt'
writing manifest file '../../build/strawberry_camera/strawberry_camera.egg-info/SOURCES.txt'
running build
running build_py
creating /home/parallels/Forschsemrep/strawberry_ws/build/strawberry_camera/build
creating /home/parallels/Forschsemrep/strawberry_ws/build/strawberry_camera/build/lib
creating /home/parallels/Forschsemrep/strawberry_ws/build/strawberry_camera/build/lib/strawberry_camera
copying strawberry_camera/camera_dummy_node.py -> /home/parallels/Forschsemrep/strawberry_ws/build/strawberry_camera/build/lib/strawberry_camera
copying strawberry_camera/camera_folder_node.py -> /home/parallels/Forschsemrep/strawberry_ws/build/strawberry_camera/build/lib/strawberry_camera
copying strawberry_camera/__init__.py -> /home/parallels/Forschsemrep/strawberry_ws/build/strawberry_camera/build/lib/strawberry_camera
running install
running install_lib
creating /home/parallels/Forschsemrep/strawberry_ws/install/strawberry_camera/lib/python3.10/site-packages/strawberry_camera
copying /home/parallels/Forschsemrep/strawberry_ws/build/strawberry_camera/build/lib/strawberry_camera/camera_dummy_node.py -> /home/parallels/Forschsemrep/strawberry_ws/install/strawberry_camera/lib/python3.10/site-packages/strawberry_camera
copying /home/parallels/Forschsemrep/strawberry_ws/build/strawberry_camera/build/lib/strawberry_camera/camera_folder_node.py -> /home/parallels/Forschsemrep/strawberry_ws/install/strawberry_camera/lib/python3.10/site-packages/strawberry_camera
copying /home/parallels/Forschsemrep/strawberry_ws/build/strawberry_camera/build/lib/strawberry_camera/__init__.py -> /home/parallels/Forschsemrep/strawberry_ws/install/strawberry_camera/lib/python3.10/site-packages/strawberry_camera
byte-compiling /home/parallels/Forschsemrep/strawberry_ws/install/strawberry_camera/lib/python3.10/site-packages/strawberry_camera/camera_dummy_node.py to camera_dummy_node.cpython-310.pyc
byte-compiling /home/parallels/Forschsemrep/strawberry_ws/install/strawberry_camera/lib/python3.10/site-packages/strawberry_camera/camera_folder_node.py to camera_folder_node.cpython-310.pyc
byte-compiling /home/parallels/Forschsemrep/strawberry_ws/install/strawberry_camera/lib/python3.10/site-packages/strawberry_camera/__init__.py to __init__.cpython-310.pyc
running install_data
copying resource/strawberry_camera -> /home/parallels/Forschsemrep/strawberry_ws/install/strawberry_camera/share/ament_index/resource_index/packages
copying package.xml -> /home/parallels/Forschsemrep/strawberry_ws/install/strawberry_camera/share/strawberry_camera
running install_egg_info
Copying ../../build/strawberry_camera/strawberry_camera.egg-info to /home/parallels/Forschsemrep/strawberry_ws/install/strawberry_camera/lib/python3.10/site-packages/strawberry_camera-0.0.1-py3.10.egg-info
running install_scripts
Installing camera_dummy script to /home/parallels/Forschsemrep/strawberry_ws/install/strawberry_camera/lib/strawberry_camera
Installing camera_folder script to /home/parallels/Forschsemrep/strawberry_ws/install/strawberry_camera/lib/strawberry_camera
writing list of installed files to '/home/parallels/Forschsemrep/strawberry_ws/build/strawberry_camera/install.log'
