[1.164s] Invoking command in '/home/parallels/Forschsemrep/strawberry_ws/build/strawberry_camera': CONDA_PROMPT_MODIFIER=(strawberry-ml) PYTHONPATH=/home/parallels/Forschsemrep/strawberry_ws/build/strawberry_camera/prefix_override:/usr/lib/python3/dist-packages/colcon_core/task/python/colcon_distutils_commands:/home/parallels/Forschsemrep/strawberry_ws/install/strawberry_camera/lib/python3.10/site-packages: /usr/bin/python3 -W ignore:setup.py install is deprecated -W ignore:easy_install command is deprecated setup.py develop --uninstall --editable --build-directory /home/parallels/Forschsemrep/strawberry_ws/build/strawberry_camera/build
[1.438s] running develop
[1.557s] Removing /home/parallels/Forschsemrep/strawberry_ws/install/strawberry_camera/lib/python3.10/site-packages/strawberry-camera.egg-link (link to .)
[1.591s] Invoked command in '/home/parallels/Forschsemrep/strawberry_ws/build/strawberry_camera' returned '0': CONDA_PROMPT_MODIFIER=(strawberry-ml) PYTHONPATH=/home/parallels/Forschsemrep/strawberry_ws/build/strawberry_camera/prefix_override:/usr/lib/python3/dist-packages/colcon_core/task/python/colcon_distutils_commands:/home/parallels/Forschsemrep/strawberry_ws/install/strawberry_camera/lib/python3.10/site-packages: /usr/bin/python3 -W ignore:setup.py install is deprecated -W ignore:easy_install command is deprecated setup.py develop --uninstall --editable --build-directory /home/parallels/Forschsemrep/strawberry_ws/build/strawberry_camera/build
[1.596s] Invoking command in '/home/parallels/Forschsemrep/strawberry_ws/src/strawberry_camera': CONDA_PROMPT_MODIFIER=(strawberry-ml) PYTHONPATH=/home/parallels/Forschsemrep/strawberry_ws/build/strawberry_camera/prefix_override:/usr/lib/python3/dist-packages/colcon_core/task/python/colcon_distutils_commands:/home/parallels/Forschsemrep/strawberry_ws/install/strawberry_camera/lib/python3.10/site-packages: /usr/bin/python3 -W ignore:setup.py install is deprecated -W ignore:easy_install command is deprecated setup.py egg_info --egg-base ../../build/strawberry_camera build --build-base /home/parallels/Forschsemrep/strawberry_ws/build/strawberry_camera/build install --record /home/parallels/Forschsemrep/strawberry_ws/build/strawberry_camera/install.log --single-version-externally-managed install_data --force
[1.810s] running egg_info
[1.811s] writing ../../build/strawberry_camera/strawberry_camera.egg-info/PKG-INFO
[1.811s] writing dependency_links to ../../build/strawberry_camera/strawberry_camera.egg-info/dependency_links.txt
[1.811s] writing entry points to ../../build/strawberry_camera/strawberry_camera.egg-info/entry_points.txt
[1.812s] writing requirements to ../../build/strawberry_camera/strawberry_camera.egg-info/requires.txt
[1.812s] writing top-level names to ../../build/strawberry_camera/strawberry_camera.egg-info/top_level.txt
[1.814s] reading manifest file '../../build/strawberry_camera/strawberry_camera.egg-info/SOURCES.txt'
[1.816s] writing manifest file '../../build/strawberry_camera/strawberry_camera.egg-info/SOURCES.txt'
[1.816s] running build
[1.816s] running build_py
[1.816s] creating /home/parallels/Forschsemrep/strawberry_ws/build/strawberry_camera/build
[1.817s] creating /home/parallels/Forschsemrep/strawberry_ws/build/strawberry_camera/build/lib
[1.817s] creating /home/parallels/Forschsemrep/strawberry_ws/build/strawberry_camera/build/lib/strawberry_camera
[1.817s] copying strawberry_camera/camera_dummy_node.py -> /home/parallels/Forschsemrep/strawberry_ws/build/strawberry_camera/build/lib/strawberry_camera
[1.817s] copying strawberry_camera/camera_folder_node.py -> /home/parallels/Forschsemrep/strawberry_ws/build/strawberry_camera/build/lib/strawberry_camera
[1.817s] copying strawberry_camera/__init__.py -> /home/parallels/Forschsemrep/strawberry_ws/build/strawberry_camera/build/lib/strawberry_camera
[1.817s] running install
[1.817s] running install_lib
[1.818s] creating /home/parallels/Forschsemrep/strawberry_ws/install/strawberry_camera/lib/python3.10/site-packages/strawberry_camera
[1.818s] copying /home/parallels/Forschsemrep/strawberry_ws/build/strawberry_camera/build/lib/strawberry_camera/camera_dummy_node.py -> /home/parallels/Forschsemrep/strawberry_ws/install/strawberry_camera/lib/python3.10/site-packages/strawberry_camera
[1.819s] copying /home/parallels/Forschsemrep/strawberry_ws/build/strawberry_camera/build/lib/strawberry_camera/camera_folder_node.py -> /home/parallels/Forschsemrep/strawberry_ws/install/strawberry_camera/lib/python3.10/site-packages/strawberry_camera
[1.819s] copying /home/parallels/Forschsemrep/strawberry_ws/build/strawberry_camera/build/lib/strawberry_camera/__init__.py -> /home/parallels/Forschsemrep/strawberry_ws/install/strawberry_camera/lib/python3.10/site-packages/strawberry_camera
[1.819s] byte-compiling /home/parallels/Forschsemrep/strawberry_ws/install/strawberry_camera/lib/python3.10/site-packages/strawberry_camera/camera_dummy_node.py to camera_dummy_node.cpython-310.pyc
[1.822s] byte-compiling /home/parallels/Forschsemrep/strawberry_ws/install/strawberry_camera/lib/python3.10/site-packages/strawberry_camera/camera_folder_node.py to camera_folder_node.cpython-310.pyc
[1.824s] byte-compiling /home/parallels/Forschsemrep/strawberry_ws/install/strawberry_camera/lib/python3.10/site-packages/strawberry_camera/__init__.py to __init__.cpython-310.pyc
[1.824s] running install_data
[1.824s] copying resource/strawberry_camera -> /home/parallels/Forschsemrep/strawberry_ws/install/strawberry_camera/share/ament_index/resource_index/packages
[1.824s] copying package.xml -> /home/parallels/Forschsemrep/strawberry_ws/install/strawberry_camera/share/strawberry_camera
[1.825s] running install_egg_info
[1.827s] Copying ../../build/strawberry_camera/strawberry_camera.egg-info to /home/parallels/Forschsemrep/strawberry_ws/install/strawberry_camera/lib/python3.10/site-packages/strawberry_camera-0.0.1-py3.10.egg-info
[1.834s] running install_scripts
[1.858s] Installing camera_dummy script to /home/parallels/Forschsemrep/strawberry_ws/install/strawberry_camera/lib/strawberry_camera
[1.858s] Installing camera_folder script to /home/parallels/Forschsemrep/strawberry_ws/install/strawberry_camera/lib/strawberry_camera
[1.858s] writing list of installed files to '/home/parallels/Forschsemrep/strawberry_ws/build/strawberry_camera/install.log'
[1.888s] Invoked command in '/home/parallels/Forschsemrep/strawberry_ws/src/strawberry_camera' returned '0': CONDA_PROMPT_MODIFIER=(strawberry-ml) PYTHONPATH=/home/parallels/Forschsemrep/strawberry_ws/build/strawberry_camera/prefix_override:/usr/lib/python3/dist-packages/colcon_core/task/python/colcon_distutils_commands:/home/parallels/Forschsemrep/strawberry_ws/install/strawberry_camera/lib/python3.10/site-packages: /usr/bin/python3 -W ignore:setup.py install is deprecated -W ignore:easy_install command is deprecated setup.py egg_info --egg-base ../../build/strawberry_camera build --build-base /home/parallels/Forschsemrep/strawberry_ws/build/strawberry_camera/build install --record /home/parallels/Forschsemrep/strawberry_ws/build/strawberry_camera/install.log --single-version-externally-managed install_data --force
