[1.113s] Invoking command in '/home/parallels/Forschsemrep/strawberry_ws/build/strawberry_msgs': CMAKE_PREFIX_PATH=${CMAKE_PREFIX_PATH}:/home/parallels/Forschsemrep/strawberry_ws/install/strawberry_segmentation:/home/parallels/Forschsemrep/strawberry_ws/install/strawberry_cluster:/home/parallels/Forschsemrep/strawberry_ws/install/strawberry_bringup:/home/parallels/Forschsemrep/strawberry_ws/install/strawberry_camera:/home/parallels/Forschsemrep/strawberry_ws/install/meca500_ros2:/opt/ros/humble /usr/bin/cmake --build /home/parallels/Forschsemrep/strawberry_ws/build/strawberry_msgs -- -j4 -l4
[1.213s] [  3%] Built target strawberry_msgs__cpp
[1.256s] [ 12%] Built target strawberry_msgs__rosidl_generator_c
[1.280s] [ 12%] Built target ament_cmake_python_symlink_strawberry_msgs
[1.291s] [ 22%] Built target strawberry_msgs__rosidl_typesupport_fastrtps_cpp
[1.303s] [ 32%] Built target strawberry_msgs__rosidl_typesupport_introspection_cpp
[1.319s] [ 41%] Built target strawberry_msgs__rosidl_typesupport_cpp
[1.380s] [ 51%] Built target strawberry_msgs__rosidl_typesupport_fastrtps_c
[1.390s] [ 61%] Built target strawberry_msgs__rosidl_typesupport_introspection_c
[1.401s] [ 70%] Built target strawberry_msgs__rosidl_typesupport_c
[1.470s] [ 70%] Built target strawberry_msgs
[1.533s] [ 74%] Built target strawberry_msgs__py
[1.606s] [ 80%] Built target strawberry_msgs__rosidl_generator_py
[1.680s] [ 87%] Built target strawberry_msgs__rosidl_typesupport_fastrtps_c__pyext
[1.687s] [ 96%] Built target strawberry_msgs__rosidl_typesupport_c__pyext
[1.688s] [100%] Built target strawberry_msgs__rosidl_typesupport_introspection_c__pyext
[1.838s] running egg_info
[1.839s] writing strawberry_msgs.egg-info/PKG-INFO
[1.840s] writing dependency_links to strawberry_msgs.egg-info/dependency_links.txt
[1.844s] writing top-level names to strawberry_msgs.egg-info/top_level.txt
[1.845s] reading manifest file 'strawberry_msgs.egg-info/SOURCES.txt'
[1.846s] writing manifest file 'strawberry_msgs.egg-info/SOURCES.txt'
[1.885s] [100%] Built target ament_cmake_python_build_strawberry_msgs_egg
[1.903s] Invoked command in '/home/parallels/Forschsemrep/strawberry_ws/build/strawberry_msgs' returned '0': CMAKE_PREFIX_PATH=${CMAKE_PREFIX_PATH}:/home/parallels/Forschsemrep/strawberry_ws/install/strawberry_segmentation:/home/parallels/Forschsemrep/strawberry_ws/install/strawberry_cluster:/home/parallels/Forschsemrep/strawberry_ws/install/strawberry_bringup:/home/parallels/Forschsemrep/strawberry_ws/install/strawberry_camera:/home/parallels/Forschsemrep/strawberry_ws/install/meca500_ros2:/opt/ros/humble /usr/bin/cmake --build /home/parallels/Forschsemrep/strawberry_ws/build/strawberry_msgs -- -j4 -l4
[1.916s] Invoking command in '/home/parallels/Forschsemrep/strawberry_ws/build/strawberry_msgs': CMAKE_PREFIX_PATH=${CMAKE_PREFIX_PATH}:/home/parallels/Forschsemrep/strawberry_ws/install/strawberry_segmentation:/home/parallels/Forschsemrep/strawberry_ws/install/strawberry_cluster:/home/parallels/Forschsemrep/strawberry_ws/install/strawberry_bringup:/home/parallels/Forschsemrep/strawberry_ws/install/strawberry_camera:/home/parallels/Forschsemrep/strawberry_ws/install/meca500_ros2:/opt/ros/humble /usr/bin/cmake --install /home/parallels/Forschsemrep/strawberry_ws/build/strawberry_msgs
[1.931s] -- Install configuration: ""
[1.932s] -- Execute custom install script
[1.933s] -- Up-to-date symlink: /home/parallels/Forschsemrep/strawberry_ws/install/strawberry_msgs/share/ament_index/resource_index/rosidl_interfaces/strawberry_msgs
[1.934s] -- Up-to-date symlink: /home/parallels/Forschsemrep/strawberry_ws/install/strawberry_msgs/include/strawberry_msgs/strawberry_msgs/msg/rosidl_generator_c__visibility_control.h
[1.935s] -- Up-to-date symlink: /home/parallels/Forschsemrep/strawberry_ws/install/strawberry_msgs/include/strawberry_msgs/strawberry_msgs/srv/capture_snapshot.h
[1.935s] -- Up-to-date symlink: /home/parallels/Forschsemrep/strawberry_ws/install/strawberry_msgs/include/strawberry_msgs/strawberry_msgs/srv/detail/capture_snapshot__functions.h
[1.935s] -- Up-to-date symlink: /home/parallels/Forschsemrep/strawberry_ws/install/strawberry_msgs/include/strawberry_msgs/strawberry_msgs/srv/detail/capture_snapshot__struct.h
[1.936s] -- Up-to-date symlink: /home/parallels/Forschsemrep/strawberry_ws/install/strawberry_msgs/include/strawberry_msgs/strawberry_msgs/srv/detail/capture_snapshot__type_support.h
[1.936s] -- Up-to-date symlink: /home/parallels/Forschsemrep/strawberry_ws/install/strawberry_msgs/share/strawberry_msgs/environment/library_path.sh
[1.936s] -- Up-to-date symlink: /home/parallels/Forschsemrep/strawberry_ws/install/strawberry_msgs/share/strawberry_msgs/environment/library_path.dsv
[1.937s] -- Up-to-date symlink: /home/parallels/Forschsemrep/strawberry_ws/install/strawberry_msgs/include/strawberry_msgs/strawberry_msgs/msg/rosidl_typesupport_fastrtps_c__visibility_control.h
[1.938s] -- Up-to-date symlink: /home/parallels/Forschsemrep/strawberry_ws/install/strawberry_msgs/include/strawberry_msgs/strawberry_msgs/srv/detail/capture_snapshot__rosidl_typesupport_fastrtps_c.h
[1.938s] -- Up-to-date symlink: /home/parallels/Forschsemrep/strawberry_ws/install/strawberry_msgs/include/strawberry_msgs/strawberry_msgs/msg/rosidl_typesupport_introspection_c__visibility_control.h
[1.938s] -- Up-to-date symlink: /home/parallels/Forschsemrep/strawberry_ws/install/strawberry_msgs/include/strawberry_msgs/strawberry_msgs/srv/detail/capture_snapshot__rosidl_typesupport_introspection_c.h
[1.939s] -- Up-to-date symlink: /home/parallels/Forschsemrep/strawberry_ws/install/strawberry_msgs/include/strawberry_msgs/strawberry_msgs/msg/rosidl_generator_cpp__visibility_control.hpp
[1.940s] -- Up-to-date symlink: /home/parallels/Forschsemrep/strawberry_ws/install/strawberry_msgs/include/strawberry_msgs/strawberry_msgs/srv/capture_snapshot.hpp
[1.940s] -- Up-to-date symlink: /home/parallels/Forschsemrep/strawberry_ws/install/strawberry_msgs/include/strawberry_msgs/strawberry_msgs/srv/detail/capture_snapshot__builder.hpp
[1.940s] -- Up-to-date symlink: /home/parallels/Forschsemrep/strawberry_ws/install/strawberry_msgs/include/strawberry_msgs/strawberry_msgs/srv/detail/capture_snapshot__struct.hpp
[1.940s] -- Up-to-date symlink: /home/parallels/Forschsemrep/strawberry_ws/install/strawberry_msgs/include/strawberry_msgs/strawberry_msgs/srv/detail/capture_snapshot__traits.hpp
[1.941s] -- Up-to-date symlink: /home/parallels/Forschsemrep/strawberry_ws/install/strawberry_msgs/include/strawberry_msgs/strawberry_msgs/srv/detail/capture_snapshot__type_support.hpp
[1.941s] -- Up-to-date symlink: /home/parallels/Forschsemrep/strawberry_ws/install/strawberry_msgs/include/strawberry_msgs/strawberry_msgs/msg/rosidl_typesupport_fastrtps_cpp__visibility_control.h
[1.942s] -- Up-to-date symlink: /home/parallels/Forschsemrep/strawberry_ws/install/strawberry_msgs/include/strawberry_msgs/strawberry_msgs/srv/detail/capture_snapshot__rosidl_typesupport_fastrtps_cpp.hpp
[1.942s] -- Up-to-date symlink: /home/parallels/Forschsemrep/strawberry_ws/install/strawberry_msgs/include/strawberry_msgs/strawberry_msgs/srv/detail/capture_snapshot__rosidl_typesupport_introspection_cpp.hpp
[1.942s] -- Up-to-date symlink: /home/parallels/Forschsemrep/strawberry_ws/install/strawberry_msgs/share/strawberry_msgs/environment/pythonpath.sh
[1.943s] -- Up-to-date symlink: /home/parallels/Forschsemrep/strawberry_ws/install/strawberry_msgs/share/strawberry_msgs/environment/pythonpath.dsv
[1.943s] -- Up-to-date symlink: /home/parallels/Forschsemrep/strawberry_ws/install/strawberry_msgs/local/lib/python3.10/dist-packages/strawberry_msgs-0.0.0-py3.10.egg-info/PKG-INFO
[1.943s] -- Up-to-date symlink: /home/parallels/Forschsemrep/strawberry_ws/install/strawberry_msgs/local/lib/python3.10/dist-packages/strawberry_msgs-0.0.0-py3.10.egg-info/SOURCES.txt
[1.944s] -- Up-to-date symlink: /home/parallels/Forschsemrep/strawberry_ws/install/strawberry_msgs/local/lib/python3.10/dist-packages/strawberry_msgs-0.0.0-py3.10.egg-info/dependency_links.txt
[1.945s] -- Up-to-date symlink: /home/parallels/Forschsemrep/strawberry_ws/install/strawberry_msgs/local/lib/python3.10/dist-packages/strawberry_msgs-0.0.0-py3.10.egg-info/top_level.txt
[1.945s] -- Up-to-date symlink: /home/parallels/Forschsemrep/strawberry_ws/install/strawberry_msgs/local/lib/python3.10/dist-packages/strawberry_msgs/__init__.py
[1.946s] -- Up-to-date symlink: /home/parallels/Forschsemrep/strawberry_ws/install/strawberry_msgs/local/lib/python3.10/dist-packages/strawberry_msgs/_strawberry_msgs_s.ep.rosidl_typesupport_c.c
[1.946s] -- Up-to-date symlink: /home/parallels/Forschsemrep/strawberry_ws/install/strawberry_msgs/local/lib/python3.10/dist-packages/strawberry_msgs/_strawberry_msgs_s.ep.rosidl_typesupport_fastrtps_c.c
[1.947s] -- Up-to-date symlink: /home/parallels/Forschsemrep/strawberry_ws/install/strawberry_msgs/local/lib/python3.10/dist-packages/strawberry_msgs/_strawberry_msgs_s.ep.rosidl_typesupport_introspection_c.c
[1.947s] -- Up-to-date symlink: /home/parallels/Forschsemrep/strawberry_ws/install/strawberry_msgs/local/lib/python3.10/dist-packages/strawberry_msgs/libstrawberry_msgs__rosidl_generator_py.so
[1.947s] -- Up-to-date symlink: /home/parallels/Forschsemrep/strawberry_ws/install/strawberry_msgs/local/lib/python3.10/dist-packages/strawberry_msgs/srv/__init__.py
[1.948s] -- Up-to-date symlink: /home/parallels/Forschsemrep/strawberry_ws/install/strawberry_msgs/local/lib/python3.10/dist-packages/strawberry_msgs/srv/_capture_snapshot.py
[1.949s] -- Up-to-date symlink: /home/parallels/Forschsemrep/strawberry_ws/install/strawberry_msgs/local/lib/python3.10/dist-packages/strawberry_msgs/srv/_capture_snapshot_s.c
[1.949s] -- Up-to-date symlink: /home/parallels/Forschsemrep/strawberry_ws/install/strawberry_msgs/local/lib/python3.10/dist-packages/strawberry_msgs/strawberry_msgs_s__rosidl_typesupport_c.cpython-310-x86_64-linux-gnu.so
[1.949s] -- Up-to-date symlink: /home/parallels/Forschsemrep/strawberry_ws/install/strawberry_msgs/local/lib/python3.10/dist-packages/strawberry_msgs/strawberry_msgs_s__rosidl_typesupport_fastrtps_c.cpython-310-x86_64-linux-gnu.so
[1.949s] -- Up-to-date symlink: /home/parallels/Forschsemrep/strawberry_ws/install/strawberry_msgs/local/lib/python3.10/dist-packages/strawberry_msgs/strawberry_msgs_s__rosidl_typesupport_introspection_c.cpython-310-x86_64-linux-gnu.so
[1.950s] -- Up-to-date symlink: /home/parallels/Forschsemrep/strawberry_ws/install/strawberry_msgs/local/lib/python3.10/dist-packages/strawberry_msgs/strawberry_msgs_s__rosidl_typesupport_fastrtps_c.cpython-310-x86_64-linux-gnu.so
[1.951s] -- Up-to-date symlink: /home/parallels/Forschsemrep/strawberry_ws/install/strawberry_msgs/local/lib/python3.10/dist-packages/strawberry_msgs/strawberry_msgs_s__rosidl_typesupport_introspection_c.cpython-310-x86_64-linux-gnu.so
[1.952s] -- Up-to-date symlink: /home/parallels/Forschsemrep/strawberry_ws/install/strawberry_msgs/local/lib/python3.10/dist-packages/strawberry_msgs/strawberry_msgs_s__rosidl_typesupport_c.cpython-310-x86_64-linux-gnu.so
[1.952s] -- Up-to-date symlink: /home/parallels/Forschsemrep/strawberry_ws/install/strawberry_msgs/share/strawberry_msgs/srv/CaptureSnapshot.idl
[1.952s] -- Up-to-date symlink: /home/parallels/Forschsemrep/strawberry_ws/install/strawberry_msgs/share/strawberry_msgs/srv/CaptureSnapshot.srv
[1.953s] -- Up-to-date symlink: /home/parallels/Forschsemrep/strawberry_ws/install/strawberry_msgs/share/strawberry_msgs/srv/CaptureSnapshot_Request.msg
[1.953s] -- Up-to-date symlink: /home/parallels/Forschsemrep/strawberry_ws/install/strawberry_msgs/share/strawberry_msgs/srv/CaptureSnapshot_Response.msg
[1.953s] -- Up-to-date symlink: /home/parallels/Forschsemrep/strawberry_ws/install/strawberry_msgs/share/ament_index/resource_index/package_run_dependencies/strawberry_msgs
[1.953s] -- Up-to-date symlink: /home/parallels/Forschsemrep/strawberry_ws/install/strawberry_msgs/share/ament_index/resource_index/parent_prefix_path/strawberry_msgs
[1.954s] -- Up-to-date symlink: /home/parallels/Forschsemrep/strawberry_ws/install/strawberry_msgs/share/strawberry_msgs/environment/ament_prefix_path.sh
[1.954s] -- Up-to-date symlink: /home/parallels/Forschsemrep/strawberry_ws/install/strawberry_msgs/share/strawberry_msgs/environment/ament_prefix_path.dsv
[1.955s] -- Up-to-date symlink: /home/parallels/Forschsemrep/strawberry_ws/install/strawberry_msgs/share/strawberry_msgs/environment/path.sh
[1.955s] -- Up-to-date symlink: /home/parallels/Forschsemrep/strawberry_ws/install/strawberry_msgs/share/strawberry_msgs/environment/path.dsv
[1.955s] -- Up-to-date symlink: /home/parallels/Forschsemrep/strawberry_ws/install/strawberry_msgs/share/strawberry_msgs/local_setup.bash
[1.955s] -- Up-to-date symlink: /home/parallels/Forschsemrep/strawberry_ws/install/strawberry_msgs/share/strawberry_msgs/local_setup.sh
[1.956s] -- Up-to-date symlink: /home/parallels/Forschsemrep/strawberry_ws/install/strawberry_msgs/share/strawberry_msgs/local_setup.zsh
[1.956s] -- Up-to-date symlink: /home/parallels/Forschsemrep/strawberry_ws/install/strawberry_msgs/share/strawberry_msgs/local_setup.dsv
[1.957s] -- Symlinking: /home/parallels/Forschsemrep/strawberry_ws/install/strawberry_msgs/share/strawberry_msgs/package.dsv
[1.968s] -- Up-to-date symlink: /home/parallels/Forschsemrep/strawberry_ws/install/strawberry_msgs/share/ament_index/resource_index/packages/strawberry_msgs
[1.969s] -- Up-to-date symlink: /home/parallels/Forschsemrep/strawberry_ws/install/strawberry_msgs/share/strawberry_msgs/cmake/rosidl_cmake-extras.cmake
[1.969s] -- Up-to-date symlink: /home/parallels/Forschsemrep/strawberry_ws/install/strawberry_msgs/share/strawberry_msgs/cmake/ament_cmake_export_dependencies-extras.cmake
[1.970s] -- Up-to-date symlink: /home/parallels/Forschsemrep/strawberry_ws/install/strawberry_msgs/share/strawberry_msgs/cmake/ament_cmake_export_include_directories-extras.cmake
[1.970s] -- Up-to-date symlink: /home/parallels/Forschsemrep/strawberry_ws/install/strawberry_msgs/share/strawberry_msgs/cmake/ament_cmake_export_libraries-extras.cmake
[1.970s] -- Up-to-date symlink: /home/parallels/Forschsemrep/strawberry_ws/install/strawberry_msgs/share/strawberry_msgs/cmake/ament_cmake_export_targets-extras.cmake
[1.970s] -- Up-to-date symlink: /home/parallels/Forschsemrep/strawberry_ws/install/strawberry_msgs/share/strawberry_msgs/cmake/rosidl_cmake_export_typesupport_targets-extras.cmake
[1.971s] -- Up-to-date symlink: /home/parallels/Forschsemrep/strawberry_ws/install/strawberry_msgs/share/strawberry_msgs/cmake/rosidl_cmake_export_typesupport_libraries-extras.cmake
[1.971s] -- Up-to-date symlink: /home/parallels/Forschsemrep/strawberry_ws/install/strawberry_msgs/share/strawberry_msgs/cmake/strawberry_msgsConfig.cmake
[1.971s] -- Up-to-date symlink: /home/parallels/Forschsemrep/strawberry_ws/install/strawberry_msgs/share/strawberry_msgs/cmake/strawberry_msgsConfig-version.cmake
[1.972s] -- Up-to-date symlink: /home/parallels/Forschsemrep/strawberry_ws/install/strawberry_msgs/share/strawberry_msgs/package.xml
[1.972s] -- Up-to-date: /home/parallels/Forschsemrep/strawberry_ws/install/strawberry_msgs/lib/libstrawberry_msgs__rosidl_generator_c.so
[1.973s] -- Up-to-date: /home/parallels/Forschsemrep/strawberry_ws/install/strawberry_msgs/lib/libstrawberry_msgs__rosidl_typesupport_fastrtps_c.so
[1.973s] -- Up-to-date: /home/parallels/Forschsemrep/strawberry_ws/install/strawberry_msgs/lib/libstrawberry_msgs__rosidl_typesupport_introspection_c.so
[1.974s] -- Up-to-date: /home/parallels/Forschsemrep/strawberry_ws/install/strawberry_msgs/lib/libstrawberry_msgs__rosidl_typesupport_c.so
[1.974s] -- Up-to-date: /home/parallels/Forschsemrep/strawberry_ws/install/strawberry_msgs/lib/libstrawberry_msgs__rosidl_typesupport_fastrtps_cpp.so
[1.975s] -- Up-to-date: /home/parallels/Forschsemrep/strawberry_ws/install/strawberry_msgs/lib/libstrawberry_msgs__rosidl_typesupport_introspection_cpp.so
[1.976s] -- Up-to-date: /home/parallels/Forschsemrep/strawberry_ws/install/strawberry_msgs/lib/libstrawberry_msgs__rosidl_typesupport_cpp.so
[2.032s] Listing '/home/parallels/Forschsemrep/strawberry_ws/install/strawberry_msgs/local/lib/python3.10/dist-packages/strawberry_msgs'...
[2.032s] Listing '/home/parallels/Forschsemrep/strawberry_ws/install/strawberry_msgs/local/lib/python3.10/dist-packages/strawberry_msgs/srv'...
[2.038s] -- Up-to-date: /home/parallels/Forschsemrep/strawberry_ws/install/strawberry_msgs/lib/libstrawberry_msgs__rosidl_generator_py.so
[2.039s] -- Up-to-date: /home/parallels/Forschsemrep/strawberry_ws/install/strawberry_msgs/share/strawberry_msgs/cmake/export_strawberry_msgs__rosidl_generator_cExport.cmake
[2.040s] -- Up-to-date: /home/parallels/Forschsemrep/strawberry_ws/install/strawberry_msgs/share/strawberry_msgs/cmake/export_strawberry_msgs__rosidl_generator_cExport-noconfig.cmake
[2.042s] -- Up-to-date: /home/parallels/Forschsemrep/strawberry_ws/install/strawberry_msgs/share/strawberry_msgs/cmake/export_strawberry_msgs__rosidl_typesupport_fastrtps_cExport.cmake
[2.042s] -- Up-to-date: /home/parallels/Forschsemrep/strawberry_ws/install/strawberry_msgs/share/strawberry_msgs/cmake/export_strawberry_msgs__rosidl_typesupport_fastrtps_cExport-noconfig.cmake
[2.042s] -- Up-to-date: /home/parallels/Forschsemrep/strawberry_ws/install/strawberry_msgs/share/strawberry_msgs/cmake/strawberry_msgs__rosidl_typesupport_introspection_cExport.cmake
[2.045s] -- Up-to-date: /home/parallels/Forschsemrep/strawberry_ws/install/strawberry_msgs/share/strawberry_msgs/cmake/strawberry_msgs__rosidl_typesupport_introspection_cExport-noconfig.cmake
[2.045s] -- Up-to-date: /home/parallels/Forschsemrep/strawberry_ws/install/strawberry_msgs/share/strawberry_msgs/cmake/strawberry_msgs__rosidl_typesupport_cExport.cmake
[2.045s] -- Up-to-date: /home/parallels/Forschsemrep/strawberry_ws/install/strawberry_msgs/share/strawberry_msgs/cmake/strawberry_msgs__rosidl_typesupport_cExport-noconfig.cmake
[2.045s] -- Up-to-date: /home/parallels/Forschsemrep/strawberry_ws/install/strawberry_msgs/share/strawberry_msgs/cmake/export_strawberry_msgs__rosidl_generator_cppExport.cmake
[2.045s] -- Up-to-date: /home/parallels/Forschsemrep/strawberry_ws/install/strawberry_msgs/share/strawberry_msgs/cmake/export_strawberry_msgs__rosidl_typesupport_fastrtps_cppExport.cmake
[2.045s] -- Up-to-date: /home/parallels/Forschsemrep/strawberry_ws/install/strawberry_msgs/share/strawberry_msgs/cmake/export_strawberry_msgs__rosidl_typesupport_fastrtps_cppExport-noconfig.cmake
[2.046s] -- Up-to-date: /home/parallels/Forschsemrep/strawberry_ws/install/strawberry_msgs/share/strawberry_msgs/cmake/strawberry_msgs__rosidl_typesupport_introspection_cppExport.cmake
[2.047s] -- Up-to-date: /home/parallels/Forschsemrep/strawberry_ws/install/strawberry_msgs/share/strawberry_msgs/cmake/strawberry_msgs__rosidl_typesupport_introspection_cppExport-noconfig.cmake
[2.047s] -- Up-to-date: /home/parallels/Forschsemrep/strawberry_ws/install/strawberry_msgs/share/strawberry_msgs/cmake/strawberry_msgs__rosidl_typesupport_cppExport.cmake
[2.047s] -- Up-to-date: /home/parallels/Forschsemrep/strawberry_ws/install/strawberry_msgs/share/strawberry_msgs/cmake/strawberry_msgs__rosidl_typesupport_cppExport-noconfig.cmake
[2.049s] -- Up-to-date: /home/parallels/Forschsemrep/strawberry_ws/install/strawberry_msgs/share/strawberry_msgs/cmake/export_strawberry_msgs__rosidl_generator_pyExport.cmake
[2.049s] -- Up-to-date: /home/parallels/Forschsemrep/strawberry_ws/install/strawberry_msgs/share/strawberry_msgs/cmake/export_strawberry_msgs__rosidl_generator_pyExport-noconfig.cmake
[2.057s] Invoked command in '/home/parallels/Forschsemrep/strawberry_ws/build/strawberry_msgs' returned '0': CMAKE_PREFIX_PATH=${CMAKE_PREFIX_PATH}:/home/parallels/Forschsemrep/strawberry_ws/install/strawberry_segmentation:/home/parallels/Forschsemrep/strawberry_ws/install/strawberry_cluster:/home/parallels/Forschsemrep/strawberry_ws/install/strawberry_bringup:/home/parallels/Forschsemrep/strawberry_ws/install/strawberry_camera:/home/parallels/Forschsemrep/strawberry_ws/install/meca500_ros2:/opt/ros/humble /usr/bin/cmake --install /home/parallels/Forschsemrep/strawberry_ws/build/strawberry_msgs
