running develop
running egg_info
creating strawberry_segmentation.egg-info
writing strawberry_segmentation.egg-info/PKG-INFO
writing dependency_links to strawberry_segmentation.egg-info/dependency_links.txt
writing entry points to strawberry_segmentation.egg-info/entry_points.txt
writing requirements to strawberry_segmentation.egg-info/requires.txt
writing top-level names to strawberry_segmentation.egg-info/top_level.txt
writing manifest file 'strawberry_segmentation.egg-info/SOURCES.txt'
reading manifest file 'strawberry_segmentation.egg-info/SOURCES.txt'
writing manifest file 'strawberry_segmentation.egg-info/SOURCES.txt'
running build_ext
Creating /home/parallels/Forschsemrep/strawberry_ws/install/strawberry_segmentation/lib/python3.10/site-packages/strawberry-segmentation.egg-link (link to .)
Installing seg_onnx script to /home/parallels/Forschsemrep/strawberry_ws/install/strawberry_segmentation/lib/strawberry_segmentation

Installed /home/parallels/Forschsemrep/strawberry_ws/build/strawberry_segmentation
running symlink_data
creating /home/parallels/Forschsemrep/strawberry_ws/install/strawberry_segmentation/share/ament_index
creating /home/parallels/Forschsemrep/strawberry_ws/install/strawberry_segmentation/share/ament_index/resource_index
creating /home/parallels/Forschsemrep/strawberry_ws/install/strawberry_segmentation/share/ament_index/resource_index/packages
symbolically linking /home/parallels/Forschsemrep/strawberry_ws/build/strawberry_segmentation/resource/strawberry_segmentation -> /home/parallels/Forschsemrep/strawberry_ws/install/strawberry_segmentation/share/ament_index/resource_index/packages
symbolically linking /home/parallels/Forschsemrep/strawberry_ws/build/strawberry_segmentation/package.xml -> /home/parallels/Forschsemrep/strawberry_ws/install/strawberry_segmentation/share/strawberry_segmentation
