[2.678s] Invoking command in '/home/parallels/Forschsemrep/strawberry_ws/build/strawberry_segmentation': CONDA_PROMPT_MODIFIER=(base) PYTHONPATH=/home/parallels/Forschsemrep/strawberry_ws/build/strawberry_segmentation/prefix_override:/usr/lib/python3/dist-packages/colcon_core/task/python/colcon_distutils_commands:/home/parallels/Forschsemrep/strawberry_ws/install/strawberry_segmentation/lib/python3.10/site-packages:${PYTHONPATH} /usr/bin/python3 -W ignore:setup.py install is deprecated -W ignore:easy_install command is deprecated setup.py develop --editable --build-directory /home/parallels/Forschsemrep/strawberry_ws/build/strawberry_segmentation/build --no-deps symlink_data
[3.040s] running develop
[3.327s] running egg_info
[3.327s] creating strawberry_segmentation.egg-info
[3.329s] writing strawberry_segmentation.egg-info/PKG-INFO
[3.329s] writing dependency_links to strawberry_segmentation.egg-info/dependency_links.txt
[3.329s] writing entry points to strawberry_segmentation.egg-info/entry_points.txt
[3.330s] writing requirements to strawberry_segmentation.egg-info/requires.txt
[3.332s] writing top-level names to strawberry_segmentation.egg-info/top_level.txt
[3.332s] writing manifest file 'strawberry_segmentation.egg-info/SOURCES.txt'
[3.333s] reading manifest file 'strawberry_segmentation.egg-info/SOURCES.txt'
[3.334s] writing manifest file 'strawberry_segmentation.egg-info/SOURCES.txt'
[3.336s] running build_ext
[3.336s] Creating /home/parallels/Forschsemrep/strawberry_ws/install/strawberry_segmentation/lib/python3.10/site-packages/strawberry-segmentation.egg-link (link to .)
[3.340s] Installing seg_onnx script to /home/parallels/Forschsemrep/strawberry_ws/install/strawberry_segmentation/lib/strawberry_segmentation
[3.341s] 
[3.341s] Installed /home/parallels/Forschsemrep/strawberry_ws/build/strawberry_segmentation
[3.341s] running symlink_data
[3.341s] creating /home/parallels/Forschsemrep/strawberry_ws/install/strawberry_segmentation/share/ament_index
[3.344s] creating /home/parallels/Forschsemrep/strawberry_ws/install/strawberry_segmentation/share/ament_index/resource_index
[3.344s] creating /home/parallels/Forschsemrep/strawberry_ws/install/strawberry_segmentation/share/ament_index/resource_index/packages
[3.344s] symbolically linking /home/parallels/Forschsemrep/strawberry_ws/build/strawberry_segmentation/resource/strawberry_segmentation -> /home/parallels/Forschsemrep/strawberry_ws/install/strawberry_segmentation/share/ament_index/resource_index/packages
[3.344s] symbolically linking /home/parallels/Forschsemrep/strawberry_ws/build/strawberry_segmentation/package.xml -> /home/parallels/Forschsemrep/strawberry_ws/install/strawberry_segmentation/share/strawberry_segmentation
[3.414s] Invoked command in '/home/parallels/Forschsemrep/strawberry_ws/build/strawberry_segmentation' returned '0': CONDA_PROMPT_MODIFIER=(base) PYTHONPATH=/home/parallels/Forschsemrep/strawberry_ws/build/strawberry_segmentation/prefix_override:/usr/lib/python3/dist-packages/colcon_core/task/python/colcon_distutils_commands:/home/parallels/Forschsemrep/strawberry_ws/install/strawberry_segmentation/lib/python3.10/site-packages:${PYTHONPATH} /usr/bin/python3 -W ignore:setup.py install is deprecated -W ignore:easy_install command is deprecated setup.py develop --editable --build-directory /home/parallels/Forschsemrep/strawberry_ws/build/strawberry_segmentation/build --no-deps symlink_data
