[2.614s] Invoking command in '/home/parallels/Forschsemrep/strawberry_ws/build/meca500_ros2': PYTHONPATH=/home/parallels/Forschsemrep/strawberry_ws/build/meca500_ros2/prefix_override:/usr/lib/python3/dist-packages/colcon_core/task/python/colcon_distutils_commands:/home/parallels/Forschsemrep/strawberry_ws/install/meca500_ros2/lib/python3.10/site-packages:${PYTHONPATH} /usr/bin/python3 -W ignore:setup.py install is deprecated -W ignore:easy_install command is deprecated setup.py develop --editable --build-directory /home/parallels/Forschsemrep/strawberry_ws/build/meca500_ros2/build --no-deps symlink_data
[3.143s] running develop
[3.951s] running egg_info
[3.952s] creating meca500_ros2.egg-info
[3.954s] writing meca500_ros2.egg-info/PKG-INFO
[3.957s] writing dependency_links to meca500_ros2.egg-info/dependency_links.txt
[3.959s] writing entry points to meca500_ros2.egg-info/entry_points.txt
[3.959s] writing requirements to meca500_ros2.egg-info/requires.txt
[3.959s] writing top-level names to meca500_ros2.egg-info/top_level.txt
[3.959s] writing manifest file 'meca500_ros2.egg-info/SOURCES.txt'
[3.961s] reading manifest file 'meca500_ros2.egg-info/SOURCES.txt'
[3.962s] writing manifest file 'meca500_ros2.egg-info/SOURCES.txt'
[3.966s] running build_ext
[3.966s] Creating /home/parallels/Forschsemrep/strawberry_ws/install/meca500_ros2/lib/python3.10/site-packages/meca500-ros2.egg-link (link to .)
[3.966s] Installing robot_dummy script to /home/parallels/Forschsemrep/strawberry_ws/install/meca500_ros2/lib/meca500_ros2
[3.966s] 
[3.967s] Installed /home/parallels/Forschsemrep/strawberry_ws/build/meca500_ros2
[3.967s] running symlink_data
[3.967s] creating /home/parallels/Forschsemrep/strawberry_ws/install/meca500_ros2/share/ament_index
[3.968s] creating /home/parallels/Forschsemrep/strawberry_ws/install/meca500_ros2/share/ament_index/resource_index
[3.968s] creating /home/parallels/Forschsemrep/strawberry_ws/install/meca500_ros2/share/ament_index/resource_index/packages
[3.968s] symbolically linking /home/parallels/Forschsemrep/strawberry_ws/build/meca500_ros2/resource/meca500_ros2 -> /home/parallels/Forschsemrep/strawberry_ws/install/meca500_ros2/share/ament_index/resource_index/packages
[3.968s] symbolically linking /home/parallels/Forschsemrep/strawberry_ws/build/meca500_ros2/package.xml -> /home/parallels/Forschsemrep/strawberry_ws/install/meca500_ros2/share/meca500_ros2
[4.669s] Invoked command in '/home/parallels/Forschsemrep/strawberry_ws/build/meca500_ros2' returned '0': PYTHONPATH=/home/parallels/Forschsemrep/strawberry_ws/build/meca500_ros2/prefix_override:/usr/lib/python3/dist-packages/colcon_core/task/python/colcon_distutils_commands:/home/parallels/Forschsemrep/strawberry_ws/install/meca500_ros2/lib/python3.10/site-packages:${PYTHONPATH} /usr/bin/python3 -W ignore:setup.py install is deprecated -W ignore:easy_install command is deprecated setup.py develop --editable --build-directory /home/parallels/Forschsemrep/strawberry_ws/build/meca500_ros2/build --no-deps symlink_data
