[1.986s] Invoking command in '/home/parallels/Forschsemrep/strawberry_ws/build/strawberry_camera': PYTHONPATH=/home/parallels/Forschsemrep/strawberry_ws/build/strawberry_camera/prefix_override:/usr/lib/python3/dist-packages/colcon_core/task/python/colcon_distutils_commands:/home/parallels/Forschsemrep/strawberry_ws/install/strawberry_camera/lib/python3.10/site-packages:${PYTHONPATH} /usr/bin/python3 -W ignore:setup.py install is deprecated -W ignore:easy_install command is deprecated setup.py develop --editable --build-directory /home/parallels/Forschsemrep/strawberry_ws/build/strawberry_camera/build --no-deps symlink_data --force
[2.350s] running develop
[2.591s] running egg_info
[2.594s] writing strawberry_camera.egg-info/PKG-INFO
[2.594s] writing dependency_links to strawberry_camera.egg-info/dependency_links.txt
[2.594s] writing entry points to strawberry_camera.egg-info/entry_points.txt
[2.594s] writing requirements to strawberry_camera.egg-info/requires.txt
[2.594s] writing top-level names to strawberry_camera.egg-info/top_level.txt
[2.596s] reading manifest file 'strawberry_camera.egg-info/SOURCES.txt'
[2.599s] writing manifest file 'strawberry_camera.egg-info/SOURCES.txt'
[2.600s] running build_ext
[2.601s] Creating /home/parallels/Forschsemrep/strawberry_ws/install/strawberry_camera/lib/python3.10/site-packages/strawberry-camera.egg-link (link to .)
[2.602s] Installing camera_dummy script to /home/parallels/Forschsemrep/strawberry_ws/install/strawberry_camera/lib/strawberry_camera
[2.606s] Installing camera_folder script to /home/parallels/Forschsemrep/strawberry_ws/install/strawberry_camera/lib/strawberry_camera
[2.606s] 
[2.606s] Installed /home/parallels/Forschsemrep/strawberry_ws/build/strawberry_camera
[2.606s] running symlink_data
[2.607s] symbolically linking /home/parallels/Forschsemrep/strawberry_ws/build/strawberry_camera/resource/strawberry_camera -> /home/parallels/Forschsemrep/strawberry_ws/install/strawberry_camera/share/ament_index/resource_index/packages
[2.607s] symbolically linking /home/parallels/Forschsemrep/strawberry_ws/build/strawberry_camera/package.xml -> /home/parallels/Forschsemrep/strawberry_ws/install/strawberry_camera/share/strawberry_camera
[2.669s] Invoked command in '/home/parallels/Forschsemrep/strawberry_ws/build/strawberry_camera' returned '0': PYTHONPATH=/home/parallels/Forschsemrep/strawberry_ws/build/strawberry_camera/prefix_override:/usr/lib/python3/dist-packages/colcon_core/task/python/colcon_distutils_commands:/home/parallels/Forschsemrep/strawberry_ws/install/strawberry_camera/lib/python3.10/site-packages:${PYTHONPATH} /usr/bin/python3 -W ignore:setup.py install is deprecated -W ignore:easy_install command is deprecated setup.py develop --editable --build-directory /home/parallels/Forschsemrep/strawberry_ws/build/strawberry_camera/build --no-deps symlink_data --force
