[1.598s] Invoking command in '/home/parallels/Forschsemrep/strawberry_ws/src/strawberry_bringup': AMENT_PREFIX_PATH=/home/parallels/Forschsemrep/strawberry_ws/install/strawberry_camera:/home/parallels/Forschsemrep/strawberry_ws/install/meca500_ros2:${AMENT_PREFIX_PATH} PYTHONPATH=/home/parallels/Forschsemrep/strawberry_ws/build/strawberry_bringup/prefix_override:/usr/lib/python3/dist-packages/colcon_core/task/python/colcon_distutils_commands:/home/parallels/Forschsemrep/strawberry_ws/install/strawberry_bringup/lib/python3.10/site-packages:/home/parallels/Forschsemrep/strawberry_ws/build/strawberry_camera:/home/parallels/Forschsemrep/strawberry_ws/install/strawberry_camera/lib/python3.10/site-packages:/home/parallels/Forschsemrep/strawberry_ws/build/meca500_ros2:/home/parallels/Forschsemrep/strawberry_ws/install/meca500_ros2/lib/python3.10/site-packages:${PYTHONPATH} /usr/bin/python3 -W ignore:setup.py install is deprecated -W ignore:easy_install command is deprecated setup.py egg_info --egg-base ../../build/strawberry_bringup build --build-base /home/parallels/Forschsemrep/strawberry_ws/build/strawberry_bringup/build install --record /home/parallels/Forschsemrep/strawberry_ws/build/strawberry_bringup/install.log --single-version-externally-managed install_data
[1.912s] running egg_info
[1.913s] writing ../../build/strawberry_bringup/strawberry_bringup.egg-info/PKG-INFO
[1.914s] writing dependency_links to ../../build/strawberry_bringup/strawberry_bringup.egg-info/dependency_links.txt
[1.914s] writing entry points to ../../build/strawberry_bringup/strawberry_bringup.egg-info/entry_points.txt
[1.914s] writing requirements to ../../build/strawberry_bringup/strawberry_bringup.egg-info/requires.txt
[1.914s] writing top-level names to ../../build/strawberry_bringup/strawberry_bringup.egg-info/top_level.txt
[1.917s] reading manifest file '../../build/strawberry_bringup/strawberry_bringup.egg-info/SOURCES.txt'
[1.919s] writing manifest file '../../build/strawberry_bringup/strawberry_bringup.egg-info/SOURCES.txt'
[1.920s] running build
[1.920s] running build_py
[1.920s] running install
[1.920s] running install_lib
[1.922s] running install_data
[1.922s] copying strawberry_bringup/launch/dummy_system.launch.py -> /home/parallels/Forschsemrep/strawberry_ws/install/strawberry_bringup/share/strawberry_bringup/launch
[1.923s] running install_egg_info
[1.924s] removing '/home/parallels/Forschsemrep/strawberry_ws/install/strawberry_bringup/lib/python3.10/site-packages/strawberry_bringup-0.0.1-py3.10.egg-info' (and everything under it)
[1.925s] Copying ../../build/strawberry_bringup/strawberry_bringup.egg-info to /home/parallels/Forschsemrep/strawberry_ws/install/strawberry_bringup/lib/python3.10/site-packages/strawberry_bringup-0.0.1-py3.10.egg-info
[1.927s] running install_scripts
[1.954s] writing list of installed files to '/home/parallels/Forschsemrep/strawberry_ws/build/strawberry_bringup/install.log'
[1.985s] Invoked command in '/home/parallels/Forschsemrep/strawberry_ws/src/strawberry_bringup' returned '0': AMENT_PREFIX_PATH=/home/parallels/Forschsemrep/strawberry_ws/install/strawberry_camera:/home/parallels/Forschsemrep/strawberry_ws/install/meca500_ros2:${AMENT_PREFIX_PATH} PYTHONPATH=/home/parallels/Forschsemrep/strawberry_ws/build/strawberry_bringup/prefix_override:/usr/lib/python3/dist-packages/colcon_core/task/python/colcon_distutils_commands:/home/parallels/Forschsemrep/strawberry_ws/install/strawberry_bringup/lib/python3.10/site-packages:/home/parallels/Forschsemrep/strawberry_ws/build/strawberry_camera:/home/parallels/Forschsemrep/strawberry_ws/install/strawberry_camera/lib/python3.10/site-packages:/home/parallels/Forschsemrep/strawberry_ws/build/meca500_ros2:/home/parallels/Forschsemrep/strawberry_ws/install/meca500_ros2/lib/python3.10/site-packages:${PYTHONPATH} /usr/bin/python3 -W ignore:setup.py install is deprecated -W ignore:easy_install command is deprecated setup.py egg_info --egg-base ../../build/strawberry_bringup build --build-base /home/parallels/Forschsemrep/strawberry_ws/build/strawberry_bringup/build install --record /home/parallels/Forschsemrep/strawberry_ws/build/strawberry_bringup/install.log --single-version-externally-managed install_data
