[2.150s] Invoking command in '/home/parallels/Forschsemrep/strawberry_ws/build/strawberry_segmentation': PYTHONPATH=/home/parallels/Forschsemrep/strawberry_ws/build/strawberry_segmentation/prefix_override:/usr/lib/python3/dist-packages/colcon_core/task/python/colcon_distutils_commands:/home/parallels/Forschsemrep/strawberry_ws/install/strawberry_segmentation/lib/python3.10/site-packages:${PYTHONPATH} /usr/bin/python3 -W ignore:setup.py install is deprecated -W ignore:easy_install command is deprecated setup.py develop --editable --build-directory /home/parallels/Forschsemrep/strawberry_ws/build/strawberry_segmentation/build --no-deps symlink_data
[2.864s] running develop
[3.199s] running egg_info
[3.199s] writing strawberry_segmentation.egg-info/PKG-INFO
[3.200s] writing dependency_links to strawberry_segmentation.egg-info/dependency_links.txt
[3.201s] writing entry points to strawberry_segmentation.egg-info/entry_points.txt
[3.205s] writing requirements to strawberry_segmentation.egg-info/requires.txt
[3.206s] writing top-level names to strawberry_segmentation.egg-info/top_level.txt
[3.206s] reading manifest file 'strawberry_segmentation.egg-info/SOURCES.txt'
[3.208s] writing manifest file 'strawberry_segmentation.egg-info/SOURCES.txt'
[3.212s] running build_ext
[3.212s] Creating /home/parallels/Forschsemrep/strawberry_ws/install/strawberry_segmentation/lib/python3.10/site-packages/strawberry-segmentation.egg-link (link to .)
[3.214s] Installing depth_mask script to /home/parallels/Forschsemrep/strawberry_ws/install/strawberry_segmentation/lib/strawberry_segmentation
[3.215s] Installing seg_ultra script to /home/parallels/Forschsemrep/strawberry_ws/install/strawberry_segmentation/lib/strawberry_segmentation
[3.215s] Installing strawberry_features script to /home/parallels/Forschsemrep/strawberry_ws/install/strawberry_segmentation/lib/strawberry_segmentation
[3.215s] Installing strawberry_selected_overlay script to /home/parallels/Forschsemrep/strawberry_ws/install/strawberry_segmentation/lib/strawberry_segmentation
[3.215s] 
[3.215s] Installed /home/parallels/Forschsemrep/strawberry_ws/build/strawberry_segmentation
[3.219s] running symlink_data
[3.268s] Invoked command in '/home/parallels/Forschsemrep/strawberry_ws/build/strawberry_segmentation' returned '0': PYTHONPATH=/home/parallels/Forschsemrep/strawberry_ws/build/strawberry_segmentation/prefix_override:/usr/lib/python3/dist-packages/colcon_core/task/python/colcon_distutils_commands:/home/parallels/Forschsemrep/strawberry_ws/install/strawberry_segmentation/lib/python3.10/site-packages:${PYTHONPATH} /usr/bin/python3 -W ignore:setup.py install is deprecated -W ignore:easy_install command is deprecated setup.py develop --editable --build-directory /home/parallels/Forschsemrep/strawberry_ws/build/strawberry_segmentation/build --no-deps symlink_data
