running develop
running egg_info
creating strawberry_cluster.egg-info
writing strawberry_cluster.egg-info/PKG-INFO
writing dependency_links to strawberry_cluster.egg-info/dependency_links.txt
writing entry points to strawberry_cluster.egg-info/entry_points.txt
writing requirements to strawberry_cluster.egg-info/requires.txt
writing top-level names to strawberry_cluster.egg-info/top_level.txt
writing manifest file 'strawberry_cluster.egg-info/SOURCES.txt'
reading manifest file 'strawberry_cluster.egg-info/SOURCES.txt'
writing manifest file 'strawberry_cluster.egg-info/SOURCES.txt'
running build_ext
Creating /home/parallels/Forschsemrep/strawberry_ws/install/strawberry_cluster/lib/python3.10/site-packages/strawberry-cluster.egg-link (link to .)
Installing strawberry_cluster script to /home/parallels/Forschsemrep/strawberry_ws/install/strawberry_cluster/lib/strawberry_cluster

Installed /home/parallels/Forschsemrep/strawberry_ws/build/strawberry_cluster
running symlink_data
creating /home/parallels/Forschsemrep/strawberry_ws/install/strawberry_cluster/share/ament_index
creating /home/parallels/Forschsemrep/strawberry_ws/install/strawberry_cluster/share/ament_index/resource_index
creating /home/parallels/Forschsemrep/strawberry_ws/install/strawberry_cluster/share/ament_index/resource_index/packages
symbolically linking /home/parallels/Forschsemrep/strawberry_ws/build/strawberry_cluster/resource/strawberry_cluster -> /home/parallels/Forschsemrep/strawberry_ws/install/strawberry_cluster/share/ament_index/resource_index/packages
symbolically linking /home/parallels/Forschsemrep/strawberry_ws/build/strawberry_cluster/package.xml -> /home/parallels/Forschsemrep/strawberry_ws/install/strawberry_cluster/share/strawberry_cluster
