[2.547s] Invoking command in '/home/parallels/Forschsemrep/strawberry_ws/build/strawberry_cluster': PYTHONPATH=/home/parallels/Forschsemrep/strawberry_ws/build/strawberry_cluster/prefix_override:/usr/lib/python3/dist-packages/colcon_core/task/python/colcon_distutils_commands:/home/parallels/Forschsemrep/strawberry_ws/install/strawberry_cluster/lib/python3.10/site-packages:${PYTHONPATH} /usr/bin/python3 -W ignore:setup.py install is deprecated -W ignore:easy_install command is deprecated setup.py develop --editable --build-directory /home/parallels/Forschsemrep/strawberry_ws/build/strawberry_cluster/build --no-deps symlink_data
[3.159s] running develop
[3.555s] running egg_info
[3.555s] creating strawberry_cluster.egg-info
[3.557s] writing strawberry_cluster.egg-info/PKG-INFO
[3.560s] writing dependency_links to strawberry_cluster.egg-info/dependency_links.txt
[3.562s] writing entry points to strawberry_cluster.egg-info/entry_points.txt
[3.563s] writing requirements to strawberry_cluster.egg-info/requires.txt
[3.563s] writing top-level names to strawberry_cluster.egg-info/top_level.txt
[3.564s] writing manifest file 'strawberry_cluster.egg-info/SOURCES.txt'
[3.568s] reading manifest file 'strawberry_cluster.egg-info/SOURCES.txt'
[3.569s] writing manifest file 'strawberry_cluster.egg-info/SOURCES.txt'
[3.575s] running build_ext
[3.577s] Creating /home/parallels/Forschsemrep/strawberry_ws/install/strawberry_cluster/lib/python3.10/site-packages/strawberry-cluster.egg-link (link to .)
[3.578s] Installing strawberry_cluster script to /home/parallels/Forschsemrep/strawberry_ws/install/strawberry_cluster/lib/strawberry_cluster
[3.580s] 
[3.580s] Installed /home/parallels/Forschsemrep/strawberry_ws/build/strawberry_cluster
[3.580s] running symlink_data
[3.581s] creating /home/parallels/Forschsemrep/strawberry_ws/install/strawberry_cluster/share/ament_index
[3.584s] creating /home/parallels/Forschsemrep/strawberry_ws/install/strawberry_cluster/share/ament_index/resource_index
[3.585s] creating /home/parallels/Forschsemrep/strawberry_ws/install/strawberry_cluster/share/ament_index/resource_index/packages
[3.585s] symbolically linking /home/parallels/Forschsemrep/strawberry_ws/build/strawberry_cluster/resource/strawberry_cluster -> /home/parallels/Forschsemrep/strawberry_ws/install/strawberry_cluster/share/ament_index/resource_index/packages
[3.587s] symbolically linking /home/parallels/Forschsemrep/strawberry_ws/build/strawberry_cluster/package.xml -> /home/parallels/Forschsemrep/strawberry_ws/install/strawberry_cluster/share/strawberry_cluster
[3.684s] Invoked command in '/home/parallels/Forschsemrep/strawberry_ws/build/strawberry_cluster' returned '0': PYTHONPATH=/home/parallels/Forschsemrep/strawberry_ws/build/strawberry_cluster/prefix_override:/usr/lib/python3/dist-packages/colcon_core/task/python/colcon_distutils_commands:/home/parallels/Forschsemrep/strawberry_ws/install/strawberry_cluster/lib/python3.10/site-packages:${PYTHONPATH} /usr/bin/python3 -W ignore:setup.py install is deprecated -W ignore:easy_install command is deprecated setup.py develop --editable --build-directory /home/parallels/Forschsemrep/strawberry_ws/build/strawberry_cluster/build --no-deps symlink_data
