[1.853s] Invoking command in '/home/parallels/Forschsemrep/strawberry_ws/build/strawberry_segmentation': PYTHONPATH=/home/parallels/Forschsemrep/strawberry_ws/build/strawberry_segmentation/prefix_override:/usr/lib/python3/dist-packages/colcon_core/task/python/colcon_distutils_commands:/home/parallels/Forschsemrep/strawberry_ws/install/strawberry_segmentation/lib/python3.10/site-packages:${PYTHONPATH} /usr/bin/python3 -W ignore:setup.py install is deprecated -W ignore:easy_install command is deprecated setup.py develop --uninstall --editable --build-directory /home/parallels/Forschsemrep/strawberry_ws/build/strawberry_segmentation/build
[2.538s] running develop
[3.129s] Removing /home/parallels/Forschsemrep/strawberry_ws/install/strawberry_segmentation/lib/python3.10/site-packages/strawberry-segmentation.egg-link (link to .)
[3.204s] Invoked command in '/home/parallels/Forschsemrep/strawberry_ws/build/strawberry_segmentation' returned '0': PYTHONPATH=/home/parallels/Forschsemrep/strawberry_ws/build/strawberry_segmentation/prefix_override:/usr/lib/python3/dist-packages/colcon_core/task/python/colcon_distutils_commands:/home/parallels/Forschsemrep/strawberry_ws/install/strawberry_segmentation/lib/python3.10/site-packages:${PYTHONPATH} /usr/bin/python3 -W ignore:setup.py install is deprecated -W ignore:easy_install command is deprecated setup.py develop --uninstall --editable --build-directory /home/parallels/Forschsemrep/strawberry_ws/build/strawberry_segmentation/build
[3.209s] Invoking command in '/home/parallels/Forschsemrep/strawberry_ws/src/strawberry_segmentation': PYTHONPATH=/home/parallels/Forschsemrep/strawberry_ws/build/strawberry_segmentation/prefix_override:/usr/lib/python3/dist-packages/colcon_core/task/python/colcon_distutils_commands:/home/parallels/Forschsemrep/strawberry_ws/install/strawberry_segmentation/lib/python3.10/site-packages:${PYTHONPATH} /usr/bin/python3 -W ignore:setup.py install is deprecated -W ignore:easy_install command is deprecated setup.py egg_info --egg-base ../../build/strawberry_segmentation build --build-base /home/parallels/Forschsemrep/strawberry_ws/build/strawberry_segmentation/build install --record /home/parallels/Forschsemrep/strawberry_ws/build/strawberry_segmentation/install.log --single-version-externally-managed install_data --force
[4.451s] running egg_info
[4.451s] writing ../../build/strawberry_segmentation/strawberry_segmentation.egg-info/PKG-INFO
[4.451s] writing dependency_links to ../../build/strawberry_segmentation/strawberry_segmentation.egg-info/dependency_links.txt
[4.451s] writing entry points to ../../build/strawberry_segmentation/strawberry_segmentation.egg-info/entry_points.txt
[4.452s] writing requirements to ../../build/strawberry_segmentation/strawberry_segmentation.egg-info/requires.txt
[4.453s] writing top-level names to ../../build/strawberry_segmentation/strawberry_segmentation.egg-info/top_level.txt
[4.461s] reading manifest file '../../build/strawberry_segmentation/strawberry_segmentation.egg-info/SOURCES.txt'
[4.463s] writing manifest file '../../build/strawberry_segmentation/strawberry_segmentation.egg-info/SOURCES.txt'
[4.463s] running build
[4.463s] running build_py
[4.466s] creating /home/parallels/Forschsemrep/strawberry_ws/build/strawberry_segmentation/build
[4.466s] creating /home/parallels/Forschsemrep/strawberry_ws/build/strawberry_segmentation/build/lib
[4.466s] creating /home/parallels/Forschsemrep/strawberry_ws/build/strawberry_segmentation/build/lib/strawberry_segmentation
[4.467s] copying strawberry_segmentation/seg_onnx_node.py -> /home/parallels/Forschsemrep/strawberry_ws/build/strawberry_segmentation/build/lib/strawberry_segmentation
[4.470s] copying strawberry_segmentation/__init__.py -> /home/parallels/Forschsemrep/strawberry_ws/build/strawberry_segmentation/build/lib/strawberry_segmentation
[4.470s] running install
[4.471s] running install_lib
[4.471s] creating /home/parallels/Forschsemrep/strawberry_ws/install/strawberry_segmentation/lib/python3.10/site-packages/strawberry_segmentation
[4.471s] copying /home/parallels/Forschsemrep/strawberry_ws/build/strawberry_segmentation/build/lib/strawberry_segmentation/seg_onnx_node.py -> /home/parallels/Forschsemrep/strawberry_ws/install/strawberry_segmentation/lib/python3.10/site-packages/strawberry_segmentation
[4.471s] copying /home/parallels/Forschsemrep/strawberry_ws/build/strawberry_segmentation/build/lib/strawberry_segmentation/__init__.py -> /home/parallels/Forschsemrep/strawberry_ws/install/strawberry_segmentation/lib/python3.10/site-packages/strawberry_segmentation
[4.484s] byte-compiling /home/parallels/Forschsemrep/strawberry_ws/install/strawberry_segmentation/lib/python3.10/site-packages/strawberry_segmentation/seg_onnx_node.py to seg_onnx_node.cpython-310.pyc
[4.493s] byte-compiling /home/parallels/Forschsemrep/strawberry_ws/install/strawberry_segmentation/lib/python3.10/site-packages/strawberry_segmentation/__init__.py to __init__.cpython-310.pyc
[4.494s] running install_data
[4.495s] copying resource/strawberry_segmentation -> /home/parallels/Forschsemrep/strawberry_ws/install/strawberry_segmentation/share/ament_index/resource_index/packages
[4.498s] copying package.xml -> /home/parallels/Forschsemrep/strawberry_ws/install/strawberry_segmentation/share/strawberry_segmentation
[4.501s] copying strawberry_segmentation/models/best.onnx -> /home/parallels/Forschsemrep/strawberry_ws/install/strawberry_segmentation/share/strawberry_segmentation/models
[4.762s] running install_egg_info
[4.770s] Copying ../../build/strawberry_segmentation/strawberry_segmentation.egg-info to /home/parallels/Forschsemrep/strawberry_ws/install/strawberry_segmentation/lib/python3.10/site-packages/strawberry_segmentation-0.0.1-py3.10.egg-info
[4.788s] running install_scripts
[4.886s] Installing seg_onnx script to /home/parallels/Forschsemrep/strawberry_ws/install/strawberry_segmentation/lib/strawberry_segmentation
[4.890s] writing list of installed files to '/home/parallels/Forschsemrep/strawberry_ws/build/strawberry_segmentation/install.log'
[5.060s] Invoked command in '/home/parallels/Forschsemrep/strawberry_ws/src/strawberry_segmentation' returned '0': PYTHONPATH=/home/parallels/Forschsemrep/strawberry_ws/build/strawberry_segmentation/prefix_override:/usr/lib/python3/dist-packages/colcon_core/task/python/colcon_distutils_commands:/home/parallels/Forschsemrep/strawberry_ws/install/strawberry_segmentation/lib/python3.10/site-packages:${PYTHONPATH} /usr/bin/python3 -W ignore:setup.py install is deprecated -W ignore:easy_install command is deprecated setup.py egg_info --egg-base ../../build/strawberry_segmentation build --build-base /home/parallels/Forschsemrep/strawberry_ws/build/strawberry_segmentation/build install --record /home/parallels/Forschsemrep/strawberry_ws/build/strawberry_segmentation/install.log --single-version-externally-managed install_data --force
